[2024-12-21T11:00:51.433+0000] {processor.py:186} INFO - Started process (PID=6564) to work on /opt/airflow/dags/reddit_pipeline/tasks/deployment.py
[2024-12-21T11:00:51.434+0000] {processor.py:914} INFO - Processing file /opt/airflow/dags/reddit_pipeline/tasks/deployment.py for tasks to queue
[2024-12-21T11:00:51.435+0000] {logging_mixin.py:190} INFO - [2024-12-21T11:00:51.435+0000] {dagbag.py:588} INFO - Filling up the DagBag from /opt/airflow/dags/reddit_pipeline/tasks/deployment.py
[2024-12-21T11:00:51.457+0000] {processor.py:927} WARNING - No viable dags retrieved from /opt/airflow/dags/reddit_pipeline/tasks/deployment.py
[2024-12-21T11:00:51.472+0000] {processor.py:208} INFO - Processing /opt/airflow/dags/reddit_pipeline/tasks/deployment.py took 0.045 seconds
[2024-12-21T11:01:22.026+0000] {processor.py:186} INFO - Started process (PID=6632) to work on /opt/airflow/dags/reddit_pipeline/tasks/deployment.py
[2024-12-21T11:01:22.027+0000] {processor.py:914} INFO - Processing file /opt/airflow/dags/reddit_pipeline/tasks/deployment.py for tasks to queue
[2024-12-21T11:01:22.029+0000] {logging_mixin.py:190} INFO - [2024-12-21T11:01:22.029+0000] {dagbag.py:588} INFO - Filling up the DagBag from /opt/airflow/dags/reddit_pipeline/tasks/deployment.py
[2024-12-21T11:01:22.039+0000] {processor.py:927} WARNING - No viable dags retrieved from /opt/airflow/dags/reddit_pipeline/tasks/deployment.py
[2024-12-21T11:01:22.053+0000] {processor.py:208} INFO - Processing /opt/airflow/dags/reddit_pipeline/tasks/deployment.py took 0.032 seconds
[2024-12-21T11:01:52.315+0000] {processor.py:186} INFO - Started process (PID=6700) to work on /opt/airflow/dags/reddit_pipeline/tasks/deployment.py
[2024-12-21T11:01:52.316+0000] {processor.py:914} INFO - Processing file /opt/airflow/dags/reddit_pipeline/tasks/deployment.py for tasks to queue
[2024-12-21T11:01:52.317+0000] {logging_mixin.py:190} INFO - [2024-12-21T11:01:52.317+0000] {dagbag.py:588} INFO - Filling up the DagBag from /opt/airflow/dags/reddit_pipeline/tasks/deployment.py
[2024-12-21T11:01:52.338+0000] {processor.py:927} WARNING - No viable dags retrieved from /opt/airflow/dags/reddit_pipeline/tasks/deployment.py
[2024-12-21T11:01:52.355+0000] {processor.py:208} INFO - Processing /opt/airflow/dags/reddit_pipeline/tasks/deployment.py took 0.049 seconds
[2024-12-21T11:02:23.096+0000] {processor.py:186} INFO - Started process (PID=6768) to work on /opt/airflow/dags/reddit_pipeline/tasks/deployment.py
[2024-12-21T11:02:23.098+0000] {processor.py:914} INFO - Processing file /opt/airflow/dags/reddit_pipeline/tasks/deployment.py for tasks to queue
[2024-12-21T11:02:23.099+0000] {logging_mixin.py:190} INFO - [2024-12-21T11:02:23.099+0000] {dagbag.py:588} INFO - Filling up the DagBag from /opt/airflow/dags/reddit_pipeline/tasks/deployment.py
[2024-12-21T11:02:23.117+0000] {processor.py:927} WARNING - No viable dags retrieved from /opt/airflow/dags/reddit_pipeline/tasks/deployment.py
[2024-12-21T11:02:23.132+0000] {processor.py:208} INFO - Processing /opt/airflow/dags/reddit_pipeline/tasks/deployment.py took 0.043 seconds
[2024-12-21T11:02:53.792+0000] {processor.py:186} INFO - Started process (PID=6836) to work on /opt/airflow/dags/reddit_pipeline/tasks/deployment.py
[2024-12-21T11:02:53.793+0000] {processor.py:914} INFO - Processing file /opt/airflow/dags/reddit_pipeline/tasks/deployment.py for tasks to queue
[2024-12-21T11:02:53.795+0000] {logging_mixin.py:190} INFO - [2024-12-21T11:02:53.794+0000] {dagbag.py:588} INFO - Filling up the DagBag from /opt/airflow/dags/reddit_pipeline/tasks/deployment.py
[2024-12-21T11:02:53.805+0000] {processor.py:927} WARNING - No viable dags retrieved from /opt/airflow/dags/reddit_pipeline/tasks/deployment.py
[2024-12-21T11:02:53.818+0000] {processor.py:208} INFO - Processing /opt/airflow/dags/reddit_pipeline/tasks/deployment.py took 0.031 seconds
[2024-12-21T11:03:24.348+0000] {processor.py:186} INFO - Started process (PID=6900) to work on /opt/airflow/dags/reddit_pipeline/tasks/deployment.py
[2024-12-21T11:03:24.349+0000] {processor.py:914} INFO - Processing file /opt/airflow/dags/reddit_pipeline/tasks/deployment.py for tasks to queue
[2024-12-21T11:03:24.350+0000] {logging_mixin.py:190} INFO - [2024-12-21T11:03:24.349+0000] {dagbag.py:588} INFO - Filling up the DagBag from /opt/airflow/dags/reddit_pipeline/tasks/deployment.py
[2024-12-21T11:03:24.361+0000] {processor.py:927} WARNING - No viable dags retrieved from /opt/airflow/dags/reddit_pipeline/tasks/deployment.py
[2024-12-21T11:03:24.374+0000] {processor.py:208} INFO - Processing /opt/airflow/dags/reddit_pipeline/tasks/deployment.py took 0.032 seconds
[2024-12-21T11:03:54.956+0000] {processor.py:186} INFO - Started process (PID=6963) to work on /opt/airflow/dags/reddit_pipeline/tasks/deployment.py
[2024-12-21T11:03:54.957+0000] {processor.py:914} INFO - Processing file /opt/airflow/dags/reddit_pipeline/tasks/deployment.py for tasks to queue
[2024-12-21T11:03:54.959+0000] {logging_mixin.py:190} INFO - [2024-12-21T11:03:54.958+0000] {dagbag.py:588} INFO - Filling up the DagBag from /opt/airflow/dags/reddit_pipeline/tasks/deployment.py
[2024-12-21T11:03:54.970+0000] {processor.py:927} WARNING - No viable dags retrieved from /opt/airflow/dags/reddit_pipeline/tasks/deployment.py
[2024-12-21T11:03:54.982+0000] {processor.py:208} INFO - Processing /opt/airflow/dags/reddit_pipeline/tasks/deployment.py took 0.032 seconds
[2024-12-21T11:04:25.431+0000] {processor.py:186} INFO - Started process (PID=7026) to work on /opt/airflow/dags/reddit_pipeline/tasks/deployment.py
[2024-12-21T11:04:25.433+0000] {processor.py:914} INFO - Processing file /opt/airflow/dags/reddit_pipeline/tasks/deployment.py for tasks to queue
[2024-12-21T11:04:25.434+0000] {logging_mixin.py:190} INFO - [2024-12-21T11:04:25.434+0000] {dagbag.py:588} INFO - Filling up the DagBag from /opt/airflow/dags/reddit_pipeline/tasks/deployment.py
[2024-12-21T11:04:25.445+0000] {processor.py:927} WARNING - No viable dags retrieved from /opt/airflow/dags/reddit_pipeline/tasks/deployment.py
[2024-12-21T11:04:25.457+0000] {processor.py:208} INFO - Processing /opt/airflow/dags/reddit_pipeline/tasks/deployment.py took 0.032 seconds
[2024-12-21T11:04:55.930+0000] {processor.py:186} INFO - Started process (PID=7086) to work on /opt/airflow/dags/reddit_pipeline/tasks/deployment.py
[2024-12-21T11:04:55.931+0000] {processor.py:914} INFO - Processing file /opt/airflow/dags/reddit_pipeline/tasks/deployment.py for tasks to queue
[2024-12-21T11:04:55.933+0000] {logging_mixin.py:190} INFO - [2024-12-21T11:04:55.932+0000] {dagbag.py:588} INFO - Filling up the DagBag from /opt/airflow/dags/reddit_pipeline/tasks/deployment.py
[2024-12-21T11:04:55.944+0000] {processor.py:927} WARNING - No viable dags retrieved from /opt/airflow/dags/reddit_pipeline/tasks/deployment.py
[2024-12-21T11:04:55.956+0000] {processor.py:208} INFO - Processing /opt/airflow/dags/reddit_pipeline/tasks/deployment.py took 0.031 seconds
[2024-12-21T11:05:26.570+0000] {processor.py:186} INFO - Started process (PID=7151) to work on /opt/airflow/dags/reddit_pipeline/tasks/deployment.py
[2024-12-21T11:05:26.571+0000] {processor.py:914} INFO - Processing file /opt/airflow/dags/reddit_pipeline/tasks/deployment.py for tasks to queue
[2024-12-21T11:05:26.573+0000] {logging_mixin.py:190} INFO - [2024-12-21T11:05:26.572+0000] {dagbag.py:588} INFO - Filling up the DagBag from /opt/airflow/dags/reddit_pipeline/tasks/deployment.py
[2024-12-21T11:05:26.584+0000] {processor.py:927} WARNING - No viable dags retrieved from /opt/airflow/dags/reddit_pipeline/tasks/deployment.py
[2024-12-21T11:05:26.596+0000] {processor.py:208} INFO - Processing /opt/airflow/dags/reddit_pipeline/tasks/deployment.py took 0.032 seconds
[2024-12-21T11:05:56.723+0000] {processor.py:186} INFO - Started process (PID=7215) to work on /opt/airflow/dags/reddit_pipeline/tasks/deployment.py
[2024-12-21T11:05:56.724+0000] {processor.py:914} INFO - Processing file /opt/airflow/dags/reddit_pipeline/tasks/deployment.py for tasks to queue
[2024-12-21T11:05:56.725+0000] {logging_mixin.py:190} INFO - [2024-12-21T11:05:56.725+0000] {dagbag.py:588} INFO - Filling up the DagBag from /opt/airflow/dags/reddit_pipeline/tasks/deployment.py
[2024-12-21T11:05:56.737+0000] {processor.py:927} WARNING - No viable dags retrieved from /opt/airflow/dags/reddit_pipeline/tasks/deployment.py
[2024-12-21T11:05:56.756+0000] {processor.py:208} INFO - Processing /opt/airflow/dags/reddit_pipeline/tasks/deployment.py took 0.039 seconds
[2024-12-21T11:06:27.375+0000] {processor.py:186} INFO - Started process (PID=7283) to work on /opt/airflow/dags/reddit_pipeline/tasks/deployment.py
[2024-12-21T11:06:27.376+0000] {processor.py:914} INFO - Processing file /opt/airflow/dags/reddit_pipeline/tasks/deployment.py for tasks to queue
[2024-12-21T11:06:27.377+0000] {logging_mixin.py:190} INFO - [2024-12-21T11:06:27.377+0000] {dagbag.py:588} INFO - Filling up the DagBag from /opt/airflow/dags/reddit_pipeline/tasks/deployment.py
[2024-12-21T11:06:27.388+0000] {processor.py:927} WARNING - No viable dags retrieved from /opt/airflow/dags/reddit_pipeline/tasks/deployment.py
[2024-12-21T11:06:27.400+0000] {processor.py:208} INFO - Processing /opt/airflow/dags/reddit_pipeline/tasks/deployment.py took 0.031 seconds
[2024-12-21T11:06:58.062+0000] {processor.py:186} INFO - Started process (PID=7351) to work on /opt/airflow/dags/reddit_pipeline/tasks/deployment.py
[2024-12-21T11:06:58.063+0000] {processor.py:914} INFO - Processing file /opt/airflow/dags/reddit_pipeline/tasks/deployment.py for tasks to queue
[2024-12-21T11:06:58.064+0000] {logging_mixin.py:190} INFO - [2024-12-21T11:06:58.064+0000] {dagbag.py:588} INFO - Filling up the DagBag from /opt/airflow/dags/reddit_pipeline/tasks/deployment.py
[2024-12-21T11:06:58.075+0000] {processor.py:927} WARNING - No viable dags retrieved from /opt/airflow/dags/reddit_pipeline/tasks/deployment.py
[2024-12-21T11:06:58.088+0000] {processor.py:208} INFO - Processing /opt/airflow/dags/reddit_pipeline/tasks/deployment.py took 0.031 seconds
[2024-12-21T11:07:28.355+0000] {processor.py:186} INFO - Started process (PID=7419) to work on /opt/airflow/dags/reddit_pipeline/tasks/deployment.py
[2024-12-21T11:07:28.356+0000] {processor.py:914} INFO - Processing file /opt/airflow/dags/reddit_pipeline/tasks/deployment.py for tasks to queue
[2024-12-21T11:07:28.357+0000] {logging_mixin.py:190} INFO - [2024-12-21T11:07:28.356+0000] {dagbag.py:588} INFO - Filling up the DagBag from /opt/airflow/dags/reddit_pipeline/tasks/deployment.py
[2024-12-21T11:07:28.367+0000] {processor.py:927} WARNING - No viable dags retrieved from /opt/airflow/dags/reddit_pipeline/tasks/deployment.py
[2024-12-21T11:07:28.379+0000] {processor.py:208} INFO - Processing /opt/airflow/dags/reddit_pipeline/tasks/deployment.py took 0.030 seconds
[2024-12-21T11:07:58.920+0000] {processor.py:186} INFO - Started process (PID=7487) to work on /opt/airflow/dags/reddit_pipeline/tasks/deployment.py
[2024-12-21T11:07:58.921+0000] {processor.py:914} INFO - Processing file /opt/airflow/dags/reddit_pipeline/tasks/deployment.py for tasks to queue
[2024-12-21T11:07:58.922+0000] {logging_mixin.py:190} INFO - [2024-12-21T11:07:58.922+0000] {dagbag.py:588} INFO - Filling up the DagBag from /opt/airflow/dags/reddit_pipeline/tasks/deployment.py
[2024-12-21T11:07:58.935+0000] {processor.py:927} WARNING - No viable dags retrieved from /opt/airflow/dags/reddit_pipeline/tasks/deployment.py
[2024-12-21T11:07:58.949+0000] {processor.py:208} INFO - Processing /opt/airflow/dags/reddit_pipeline/tasks/deployment.py took 0.036 seconds
[2024-12-21T11:08:29.137+0000] {processor.py:186} INFO - Started process (PID=7554) to work on /opt/airflow/dags/reddit_pipeline/tasks/deployment.py
[2024-12-21T11:08:29.138+0000] {processor.py:914} INFO - Processing file /opt/airflow/dags/reddit_pipeline/tasks/deployment.py for tasks to queue
[2024-12-21T11:08:29.139+0000] {logging_mixin.py:190} INFO - [2024-12-21T11:08:29.139+0000] {dagbag.py:588} INFO - Filling up the DagBag from /opt/airflow/dags/reddit_pipeline/tasks/deployment.py
[2024-12-21T11:08:29.149+0000] {processor.py:927} WARNING - No viable dags retrieved from /opt/airflow/dags/reddit_pipeline/tasks/deployment.py
[2024-12-21T11:08:29.162+0000] {processor.py:208} INFO - Processing /opt/airflow/dags/reddit_pipeline/tasks/deployment.py took 0.031 seconds
[2024-12-21T11:08:59.501+0000] {processor.py:186} INFO - Started process (PID=7622) to work on /opt/airflow/dags/reddit_pipeline/tasks/deployment.py
[2024-12-21T11:08:59.502+0000] {processor.py:914} INFO - Processing file /opt/airflow/dags/reddit_pipeline/tasks/deployment.py for tasks to queue
[2024-12-21T11:08:59.504+0000] {logging_mixin.py:190} INFO - [2024-12-21T11:08:59.504+0000] {dagbag.py:588} INFO - Filling up the DagBag from /opt/airflow/dags/reddit_pipeline/tasks/deployment.py
[2024-12-21T11:08:59.519+0000] {processor.py:927} WARNING - No viable dags retrieved from /opt/airflow/dags/reddit_pipeline/tasks/deployment.py
[2024-12-21T11:08:59.536+0000] {processor.py:208} INFO - Processing /opt/airflow/dags/reddit_pipeline/tasks/deployment.py took 0.041 seconds
[2024-12-21T11:09:30.050+0000] {processor.py:186} INFO - Started process (PID=7690) to work on /opt/airflow/dags/reddit_pipeline/tasks/deployment.py
[2024-12-21T11:09:30.051+0000] {processor.py:914} INFO - Processing file /opt/airflow/dags/reddit_pipeline/tasks/deployment.py for tasks to queue
[2024-12-21T11:09:30.052+0000] {logging_mixin.py:190} INFO - [2024-12-21T11:09:30.051+0000] {dagbag.py:588} INFO - Filling up the DagBag from /opt/airflow/dags/reddit_pipeline/tasks/deployment.py
[2024-12-21T11:09:30.064+0000] {processor.py:927} WARNING - No viable dags retrieved from /opt/airflow/dags/reddit_pipeline/tasks/deployment.py
[2024-12-21T11:09:30.077+0000] {processor.py:208} INFO - Processing /opt/airflow/dags/reddit_pipeline/tasks/deployment.py took 0.033 seconds
[2024-12-21T11:10:00.554+0000] {processor.py:186} INFO - Started process (PID=7758) to work on /opt/airflow/dags/reddit_pipeline/tasks/deployment.py
[2024-12-21T11:10:00.555+0000] {processor.py:914} INFO - Processing file /opt/airflow/dags/reddit_pipeline/tasks/deployment.py for tasks to queue
[2024-12-21T11:10:00.563+0000] {logging_mixin.py:190} INFO - [2024-12-21T11:10:00.562+0000] {dagbag.py:588} INFO - Filling up the DagBag from /opt/airflow/dags/reddit_pipeline/tasks/deployment.py
[2024-12-21T11:10:00.572+0000] {processor.py:927} WARNING - No viable dags retrieved from /opt/airflow/dags/reddit_pipeline/tasks/deployment.py
[2024-12-21T11:10:00.585+0000] {processor.py:208} INFO - Processing /opt/airflow/dags/reddit_pipeline/tasks/deployment.py took 0.037 seconds
[2024-12-21T11:10:30.936+0000] {processor.py:186} INFO - Started process (PID=7826) to work on /opt/airflow/dags/reddit_pipeline/tasks/deployment.py
[2024-12-21T11:10:30.937+0000] {processor.py:914} INFO - Processing file /opt/airflow/dags/reddit_pipeline/tasks/deployment.py for tasks to queue
[2024-12-21T11:10:30.939+0000] {logging_mixin.py:190} INFO - [2024-12-21T11:10:30.938+0000] {dagbag.py:588} INFO - Filling up the DagBag from /opt/airflow/dags/reddit_pipeline/tasks/deployment.py
[2024-12-21T11:10:30.950+0000] {processor.py:927} WARNING - No viable dags retrieved from /opt/airflow/dags/reddit_pipeline/tasks/deployment.py
[2024-12-21T11:10:30.963+0000] {processor.py:208} INFO - Processing /opt/airflow/dags/reddit_pipeline/tasks/deployment.py took 0.033 seconds
[2024-12-21T11:11:01.234+0000] {processor.py:186} INFO - Started process (PID=7894) to work on /opt/airflow/dags/reddit_pipeline/tasks/deployment.py
[2024-12-21T11:11:01.235+0000] {processor.py:914} INFO - Processing file /opt/airflow/dags/reddit_pipeline/tasks/deployment.py for tasks to queue
[2024-12-21T11:11:01.237+0000] {logging_mixin.py:190} INFO - [2024-12-21T11:11:01.236+0000] {dagbag.py:588} INFO - Filling up the DagBag from /opt/airflow/dags/reddit_pipeline/tasks/deployment.py
[2024-12-21T11:11:01.249+0000] {processor.py:927} WARNING - No viable dags retrieved from /opt/airflow/dags/reddit_pipeline/tasks/deployment.py
[2024-12-21T11:11:01.263+0000] {processor.py:208} INFO - Processing /opt/airflow/dags/reddit_pipeline/tasks/deployment.py took 0.035 seconds
[2024-12-21T11:11:31.782+0000] {processor.py:186} INFO - Started process (PID=7963) to work on /opt/airflow/dags/reddit_pipeline/tasks/deployment.py
[2024-12-21T11:11:31.783+0000] {processor.py:914} INFO - Processing file /opt/airflow/dags/reddit_pipeline/tasks/deployment.py for tasks to queue
[2024-12-21T11:11:31.785+0000] {logging_mixin.py:190} INFO - [2024-12-21T11:11:31.784+0000] {dagbag.py:588} INFO - Filling up the DagBag from /opt/airflow/dags/reddit_pipeline/tasks/deployment.py
[2024-12-21T11:11:31.799+0000] {processor.py:927} WARNING - No viable dags retrieved from /opt/airflow/dags/reddit_pipeline/tasks/deployment.py
[2024-12-21T11:11:31.816+0000] {processor.py:208} INFO - Processing /opt/airflow/dags/reddit_pipeline/tasks/deployment.py took 0.040 seconds
[2024-12-21T11:12:02.082+0000] {processor.py:186} INFO - Started process (PID=8031) to work on /opt/airflow/dags/reddit_pipeline/tasks/deployment.py
[2024-12-21T11:12:02.083+0000] {processor.py:914} INFO - Processing file /opt/airflow/dags/reddit_pipeline/tasks/deployment.py for tasks to queue
[2024-12-21T11:12:02.084+0000] {logging_mixin.py:190} INFO - [2024-12-21T11:12:02.084+0000] {dagbag.py:588} INFO - Filling up the DagBag from /opt/airflow/dags/reddit_pipeline/tasks/deployment.py
[2024-12-21T11:12:02.099+0000] {processor.py:927} WARNING - No viable dags retrieved from /opt/airflow/dags/reddit_pipeline/tasks/deployment.py
[2024-12-21T11:12:02.115+0000] {processor.py:208} INFO - Processing /opt/airflow/dags/reddit_pipeline/tasks/deployment.py took 0.040 seconds
[2024-12-21T11:12:32.359+0000] {processor.py:186} INFO - Started process (PID=8099) to work on /opt/airflow/dags/reddit_pipeline/tasks/deployment.py
[2024-12-21T11:12:32.361+0000] {processor.py:914} INFO - Processing file /opt/airflow/dags/reddit_pipeline/tasks/deployment.py for tasks to queue
[2024-12-21T11:12:32.362+0000] {logging_mixin.py:190} INFO - [2024-12-21T11:12:32.362+0000] {dagbag.py:588} INFO - Filling up the DagBag from /opt/airflow/dags/reddit_pipeline/tasks/deployment.py
[2024-12-21T11:12:32.374+0000] {processor.py:927} WARNING - No viable dags retrieved from /opt/airflow/dags/reddit_pipeline/tasks/deployment.py
[2024-12-21T11:12:32.390+0000] {processor.py:208} INFO - Processing /opt/airflow/dags/reddit_pipeline/tasks/deployment.py took 0.039 seconds
[2024-12-21T11:13:03.208+0000] {processor.py:186} INFO - Started process (PID=8166) to work on /opt/airflow/dags/reddit_pipeline/tasks/deployment.py
[2024-12-21T11:13:03.209+0000] {processor.py:914} INFO - Processing file /opt/airflow/dags/reddit_pipeline/tasks/deployment.py for tasks to queue
[2024-12-21T11:13:03.211+0000] {logging_mixin.py:190} INFO - [2024-12-21T11:13:03.211+0000] {dagbag.py:588} INFO - Filling up the DagBag from /opt/airflow/dags/reddit_pipeline/tasks/deployment.py
[2024-12-21T11:13:03.225+0000] {processor.py:927} WARNING - No viable dags retrieved from /opt/airflow/dags/reddit_pipeline/tasks/deployment.py
[2024-12-21T11:13:03.238+0000] {processor.py:208} INFO - Processing /opt/airflow/dags/reddit_pipeline/tasks/deployment.py took 0.036 seconds
[2024-12-21T11:13:33.529+0000] {processor.py:186} INFO - Started process (PID=8234) to work on /opt/airflow/dags/reddit_pipeline/tasks/deployment.py
[2024-12-21T11:13:33.530+0000] {processor.py:914} INFO - Processing file /opt/airflow/dags/reddit_pipeline/tasks/deployment.py for tasks to queue
[2024-12-21T11:13:33.531+0000] {logging_mixin.py:190} INFO - [2024-12-21T11:13:33.531+0000] {dagbag.py:588} INFO - Filling up the DagBag from /opt/airflow/dags/reddit_pipeline/tasks/deployment.py
[2024-12-21T11:13:33.542+0000] {processor.py:927} WARNING - No viable dags retrieved from /opt/airflow/dags/reddit_pipeline/tasks/deployment.py
[2024-12-21T11:13:33.554+0000] {processor.py:208} INFO - Processing /opt/airflow/dags/reddit_pipeline/tasks/deployment.py took 0.032 seconds
[2024-12-21T11:14:03.899+0000] {processor.py:186} INFO - Started process (PID=8302) to work on /opt/airflow/dags/reddit_pipeline/tasks/deployment.py
[2024-12-21T11:14:03.900+0000] {processor.py:914} INFO - Processing file /opt/airflow/dags/reddit_pipeline/tasks/deployment.py for tasks to queue
[2024-12-21T11:14:03.901+0000] {logging_mixin.py:190} INFO - [2024-12-21T11:14:03.901+0000] {dagbag.py:588} INFO - Filling up the DagBag from /opt/airflow/dags/reddit_pipeline/tasks/deployment.py
[2024-12-21T11:14:03.914+0000] {processor.py:927} WARNING - No viable dags retrieved from /opt/airflow/dags/reddit_pipeline/tasks/deployment.py
[2024-12-21T11:14:03.928+0000] {processor.py:208} INFO - Processing /opt/airflow/dags/reddit_pipeline/tasks/deployment.py took 0.035 seconds
[2024-12-21T11:14:34.155+0000] {processor.py:186} INFO - Started process (PID=8370) to work on /opt/airflow/dags/reddit_pipeline/tasks/deployment.py
[2024-12-21T11:14:34.156+0000] {processor.py:914} INFO - Processing file /opt/airflow/dags/reddit_pipeline/tasks/deployment.py for tasks to queue
[2024-12-21T11:14:34.158+0000] {logging_mixin.py:190} INFO - [2024-12-21T11:14:34.157+0000] {dagbag.py:588} INFO - Filling up the DagBag from /opt/airflow/dags/reddit_pipeline/tasks/deployment.py
[2024-12-21T11:14:34.169+0000] {processor.py:927} WARNING - No viable dags retrieved from /opt/airflow/dags/reddit_pipeline/tasks/deployment.py
[2024-12-21T11:14:34.183+0000] {processor.py:208} INFO - Processing /opt/airflow/dags/reddit_pipeline/tasks/deployment.py took 0.033 seconds
[2024-12-21T11:15:04.740+0000] {processor.py:186} INFO - Started process (PID=8438) to work on /opt/airflow/dags/reddit_pipeline/tasks/deployment.py
[2024-12-21T11:15:04.742+0000] {processor.py:914} INFO - Processing file /opt/airflow/dags/reddit_pipeline/tasks/deployment.py for tasks to queue
[2024-12-21T11:15:04.745+0000] {logging_mixin.py:190} INFO - [2024-12-21T11:15:04.745+0000] {dagbag.py:588} INFO - Filling up the DagBag from /opt/airflow/dags/reddit_pipeline/tasks/deployment.py
[2024-12-21T11:15:04.759+0000] {processor.py:927} WARNING - No viable dags retrieved from /opt/airflow/dags/reddit_pipeline/tasks/deployment.py
[2024-12-21T11:15:04.775+0000] {processor.py:208} INFO - Processing /opt/airflow/dags/reddit_pipeline/tasks/deployment.py took 0.043 seconds
[2024-12-21T11:15:35.022+0000] {processor.py:186} INFO - Started process (PID=8506) to work on /opt/airflow/dags/reddit_pipeline/tasks/deployment.py
[2024-12-21T11:15:35.023+0000] {processor.py:914} INFO - Processing file /opt/airflow/dags/reddit_pipeline/tasks/deployment.py for tasks to queue
[2024-12-21T11:15:35.025+0000] {logging_mixin.py:190} INFO - [2024-12-21T11:15:35.024+0000] {dagbag.py:588} INFO - Filling up the DagBag from /opt/airflow/dags/reddit_pipeline/tasks/deployment.py
[2024-12-21T11:15:35.044+0000] {processor.py:927} WARNING - No viable dags retrieved from /opt/airflow/dags/reddit_pipeline/tasks/deployment.py
[2024-12-21T11:15:35.069+0000] {processor.py:208} INFO - Processing /opt/airflow/dags/reddit_pipeline/tasks/deployment.py took 0.060 seconds
[2024-12-21T11:16:05.152+0000] {processor.py:186} INFO - Started process (PID=8574) to work on /opt/airflow/dags/reddit_pipeline/tasks/deployment.py
[2024-12-21T11:16:05.153+0000] {processor.py:914} INFO - Processing file /opt/airflow/dags/reddit_pipeline/tasks/deployment.py for tasks to queue
[2024-12-21T11:16:05.154+0000] {logging_mixin.py:190} INFO - [2024-12-21T11:16:05.154+0000] {dagbag.py:588} INFO - Filling up the DagBag from /opt/airflow/dags/reddit_pipeline/tasks/deployment.py
[2024-12-21T11:16:05.165+0000] {processor.py:927} WARNING - No viable dags retrieved from /opt/airflow/dags/reddit_pipeline/tasks/deployment.py
[2024-12-21T11:16:05.177+0000] {processor.py:208} INFO - Processing /opt/airflow/dags/reddit_pipeline/tasks/deployment.py took 0.031 seconds
[2024-12-21T11:16:35.365+0000] {processor.py:186} INFO - Started process (PID=8643) to work on /opt/airflow/dags/reddit_pipeline/tasks/deployment.py
[2024-12-21T11:16:35.367+0000] {processor.py:914} INFO - Processing file /opt/airflow/dags/reddit_pipeline/tasks/deployment.py for tasks to queue
[2024-12-21T11:16:35.369+0000] {logging_mixin.py:190} INFO - [2024-12-21T11:16:35.368+0000] {dagbag.py:588} INFO - Filling up the DagBag from /opt/airflow/dags/reddit_pipeline/tasks/deployment.py
[2024-12-21T11:16:35.387+0000] {processor.py:927} WARNING - No viable dags retrieved from /opt/airflow/dags/reddit_pipeline/tasks/deployment.py
[2024-12-21T11:16:35.406+0000] {processor.py:208} INFO - Processing /opt/airflow/dags/reddit_pipeline/tasks/deployment.py took 0.051 seconds
[2024-12-21T11:17:05.855+0000] {processor.py:186} INFO - Started process (PID=8711) to work on /opt/airflow/dags/reddit_pipeline/tasks/deployment.py
[2024-12-21T11:17:05.856+0000] {processor.py:914} INFO - Processing file /opt/airflow/dags/reddit_pipeline/tasks/deployment.py for tasks to queue
[2024-12-21T11:17:05.858+0000] {logging_mixin.py:190} INFO - [2024-12-21T11:17:05.857+0000] {dagbag.py:588} INFO - Filling up the DagBag from /opt/airflow/dags/reddit_pipeline/tasks/deployment.py
[2024-12-21T11:17:05.869+0000] {processor.py:927} WARNING - No viable dags retrieved from /opt/airflow/dags/reddit_pipeline/tasks/deployment.py
[2024-12-21T11:17:05.882+0000] {processor.py:208} INFO - Processing /opt/airflow/dags/reddit_pipeline/tasks/deployment.py took 0.033 seconds
[2024-12-21T11:17:36.703+0000] {processor.py:186} INFO - Started process (PID=8779) to work on /opt/airflow/dags/reddit_pipeline/tasks/deployment.py
[2024-12-21T11:17:36.705+0000] {processor.py:914} INFO - Processing file /opt/airflow/dags/reddit_pipeline/tasks/deployment.py for tasks to queue
[2024-12-21T11:17:36.707+0000] {logging_mixin.py:190} INFO - [2024-12-21T11:17:36.706+0000] {dagbag.py:588} INFO - Filling up the DagBag from /opt/airflow/dags/reddit_pipeline/tasks/deployment.py
[2024-12-21T11:17:36.719+0000] {processor.py:927} WARNING - No viable dags retrieved from /opt/airflow/dags/reddit_pipeline/tasks/deployment.py
[2024-12-21T11:17:36.734+0000] {processor.py:208} INFO - Processing /opt/airflow/dags/reddit_pipeline/tasks/deployment.py took 0.037 seconds
[2024-12-21T11:18:07.521+0000] {processor.py:186} INFO - Started process (PID=8847) to work on /opt/airflow/dags/reddit_pipeline/tasks/deployment.py
[2024-12-21T11:18:07.522+0000] {processor.py:914} INFO - Processing file /opt/airflow/dags/reddit_pipeline/tasks/deployment.py for tasks to queue
[2024-12-21T11:18:07.523+0000] {logging_mixin.py:190} INFO - [2024-12-21T11:18:07.523+0000] {dagbag.py:588} INFO - Filling up the DagBag from /opt/airflow/dags/reddit_pipeline/tasks/deployment.py
[2024-12-21T11:18:07.537+0000] {processor.py:927} WARNING - No viable dags retrieved from /opt/airflow/dags/reddit_pipeline/tasks/deployment.py
[2024-12-21T11:18:07.550+0000] {processor.py:208} INFO - Processing /opt/airflow/dags/reddit_pipeline/tasks/deployment.py took 0.034 seconds
[2024-12-21T11:18:38.508+0000] {processor.py:186} INFO - Started process (PID=8915) to work on /opt/airflow/dags/reddit_pipeline/tasks/deployment.py
[2024-12-21T11:18:38.511+0000] {processor.py:914} INFO - Processing file /opt/airflow/dags/reddit_pipeline/tasks/deployment.py for tasks to queue
[2024-12-21T11:18:38.514+0000] {logging_mixin.py:190} INFO - [2024-12-21T11:18:38.514+0000] {dagbag.py:588} INFO - Filling up the DagBag from /opt/airflow/dags/reddit_pipeline/tasks/deployment.py
[2024-12-21T11:18:38.531+0000] {processor.py:927} WARNING - No viable dags retrieved from /opt/airflow/dags/reddit_pipeline/tasks/deployment.py
[2024-12-21T11:18:38.553+0000] {processor.py:208} INFO - Processing /opt/airflow/dags/reddit_pipeline/tasks/deployment.py took 0.053 seconds
[2024-12-21T11:19:08.997+0000] {processor.py:186} INFO - Started process (PID=8983) to work on /opt/airflow/dags/reddit_pipeline/tasks/deployment.py
[2024-12-21T11:19:08.998+0000] {processor.py:914} INFO - Processing file /opt/airflow/dags/reddit_pipeline/tasks/deployment.py for tasks to queue
[2024-12-21T11:19:09.000+0000] {logging_mixin.py:190} INFO - [2024-12-21T11:19:08.999+0000] {dagbag.py:588} INFO - Filling up the DagBag from /opt/airflow/dags/reddit_pipeline/tasks/deployment.py
[2024-12-21T11:19:09.015+0000] {processor.py:927} WARNING - No viable dags retrieved from /opt/airflow/dags/reddit_pipeline/tasks/deployment.py
[2024-12-21T11:19:09.033+0000] {processor.py:208} INFO - Processing /opt/airflow/dags/reddit_pipeline/tasks/deployment.py took 0.044 seconds
[2024-12-21T11:19:39.901+0000] {processor.py:186} INFO - Started process (PID=9051) to work on /opt/airflow/dags/reddit_pipeline/tasks/deployment.py
[2024-12-21T11:19:39.902+0000] {processor.py:914} INFO - Processing file /opt/airflow/dags/reddit_pipeline/tasks/deployment.py for tasks to queue
[2024-12-21T11:19:39.904+0000] {logging_mixin.py:190} INFO - [2024-12-21T11:19:39.903+0000] {dagbag.py:588} INFO - Filling up the DagBag from /opt/airflow/dags/reddit_pipeline/tasks/deployment.py
[2024-12-21T11:19:39.916+0000] {processor.py:927} WARNING - No viable dags retrieved from /opt/airflow/dags/reddit_pipeline/tasks/deployment.py
[2024-12-21T11:19:39.929+0000] {processor.py:208} INFO - Processing /opt/airflow/dags/reddit_pipeline/tasks/deployment.py took 0.034 seconds
[2024-12-21T11:20:10.556+0000] {processor.py:186} INFO - Started process (PID=9119) to work on /opt/airflow/dags/reddit_pipeline/tasks/deployment.py
[2024-12-21T11:20:10.557+0000] {processor.py:914} INFO - Processing file /opt/airflow/dags/reddit_pipeline/tasks/deployment.py for tasks to queue
[2024-12-21T11:20:10.559+0000] {logging_mixin.py:190} INFO - [2024-12-21T11:20:10.558+0000] {dagbag.py:588} INFO - Filling up the DagBag from /opt/airflow/dags/reddit_pipeline/tasks/deployment.py
[2024-12-21T11:20:10.570+0000] {processor.py:927} WARNING - No viable dags retrieved from /opt/airflow/dags/reddit_pipeline/tasks/deployment.py
[2024-12-21T11:20:10.583+0000] {processor.py:208} INFO - Processing /opt/airflow/dags/reddit_pipeline/tasks/deployment.py took 0.033 seconds
[2024-12-21T11:20:41.417+0000] {processor.py:186} INFO - Started process (PID=9187) to work on /opt/airflow/dags/reddit_pipeline/tasks/deployment.py
[2024-12-21T11:20:41.418+0000] {processor.py:914} INFO - Processing file /opt/airflow/dags/reddit_pipeline/tasks/deployment.py for tasks to queue
[2024-12-21T11:20:41.419+0000] {logging_mixin.py:190} INFO - [2024-12-21T11:20:41.419+0000] {dagbag.py:588} INFO - Filling up the DagBag from /opt/airflow/dags/reddit_pipeline/tasks/deployment.py
[2024-12-21T11:20:41.433+0000] {processor.py:927} WARNING - No viable dags retrieved from /opt/airflow/dags/reddit_pipeline/tasks/deployment.py
[2024-12-21T11:20:41.449+0000] {processor.py:208} INFO - Processing /opt/airflow/dags/reddit_pipeline/tasks/deployment.py took 0.041 seconds
[2024-12-21T11:21:12.016+0000] {processor.py:186} INFO - Started process (PID=9255) to work on /opt/airflow/dags/reddit_pipeline/tasks/deployment.py
[2024-12-21T11:21:12.017+0000] {processor.py:914} INFO - Processing file /opt/airflow/dags/reddit_pipeline/tasks/deployment.py for tasks to queue
[2024-12-21T11:21:12.018+0000] {logging_mixin.py:190} INFO - [2024-12-21T11:21:12.018+0000] {dagbag.py:588} INFO - Filling up the DagBag from /opt/airflow/dags/reddit_pipeline/tasks/deployment.py
[2024-12-21T11:21:12.029+0000] {processor.py:927} WARNING - No viable dags retrieved from /opt/airflow/dags/reddit_pipeline/tasks/deployment.py
[2024-12-21T11:21:12.043+0000] {processor.py:208} INFO - Processing /opt/airflow/dags/reddit_pipeline/tasks/deployment.py took 0.033 seconds
[2024-12-21T11:21:42.448+0000] {processor.py:186} INFO - Started process (PID=9323) to work on /opt/airflow/dags/reddit_pipeline/tasks/deployment.py
[2024-12-21T11:21:42.450+0000] {processor.py:914} INFO - Processing file /opt/airflow/dags/reddit_pipeline/tasks/deployment.py for tasks to queue
[2024-12-21T11:21:42.451+0000] {logging_mixin.py:190} INFO - [2024-12-21T11:21:42.451+0000] {dagbag.py:588} INFO - Filling up the DagBag from /opt/airflow/dags/reddit_pipeline/tasks/deployment.py
[2024-12-21T11:21:42.462+0000] {processor.py:927} WARNING - No viable dags retrieved from /opt/airflow/dags/reddit_pipeline/tasks/deployment.py
[2024-12-21T11:21:42.475+0000] {processor.py:208} INFO - Processing /opt/airflow/dags/reddit_pipeline/tasks/deployment.py took 0.032 seconds
[2024-12-21T11:22:13.429+0000] {processor.py:186} INFO - Started process (PID=9391) to work on /opt/airflow/dags/reddit_pipeline/tasks/deployment.py
[2024-12-21T11:22:13.430+0000] {processor.py:914} INFO - Processing file /opt/airflow/dags/reddit_pipeline/tasks/deployment.py for tasks to queue
[2024-12-21T11:22:13.431+0000] {logging_mixin.py:190} INFO - [2024-12-21T11:22:13.431+0000] {dagbag.py:588} INFO - Filling up the DagBag from /opt/airflow/dags/reddit_pipeline/tasks/deployment.py
[2024-12-21T11:22:13.443+0000] {processor.py:927} WARNING - No viable dags retrieved from /opt/airflow/dags/reddit_pipeline/tasks/deployment.py
[2024-12-21T11:22:13.457+0000] {processor.py:208} INFO - Processing /opt/airflow/dags/reddit_pipeline/tasks/deployment.py took 0.034 seconds
[2024-12-21T11:22:43.838+0000] {processor.py:186} INFO - Started process (PID=9459) to work on /opt/airflow/dags/reddit_pipeline/tasks/deployment.py
[2024-12-21T11:22:43.839+0000] {processor.py:914} INFO - Processing file /opt/airflow/dags/reddit_pipeline/tasks/deployment.py for tasks to queue
[2024-12-21T11:22:43.840+0000] {logging_mixin.py:190} INFO - [2024-12-21T11:22:43.840+0000] {dagbag.py:588} INFO - Filling up the DagBag from /opt/airflow/dags/reddit_pipeline/tasks/deployment.py
[2024-12-21T11:22:43.851+0000] {processor.py:927} WARNING - No viable dags retrieved from /opt/airflow/dags/reddit_pipeline/tasks/deployment.py
[2024-12-21T11:22:43.864+0000] {processor.py:208} INFO - Processing /opt/airflow/dags/reddit_pipeline/tasks/deployment.py took 0.031 seconds
[2024-12-21T11:23:14.138+0000] {processor.py:186} INFO - Started process (PID=9533) to work on /opt/airflow/dags/reddit_pipeline/tasks/deployment.py
[2024-12-21T11:23:14.139+0000] {processor.py:914} INFO - Processing file /opt/airflow/dags/reddit_pipeline/tasks/deployment.py for tasks to queue
[2024-12-21T11:23:14.140+0000] {logging_mixin.py:190} INFO - [2024-12-21T11:23:14.139+0000] {dagbag.py:588} INFO - Filling up the DagBag from /opt/airflow/dags/reddit_pipeline/tasks/deployment.py
[2024-12-21T11:23:14.151+0000] {processor.py:927} WARNING - No viable dags retrieved from /opt/airflow/dags/reddit_pipeline/tasks/deployment.py
[2024-12-21T11:23:14.163+0000] {processor.py:208} INFO - Processing /opt/airflow/dags/reddit_pipeline/tasks/deployment.py took 0.031 seconds
[2024-12-21T11:23:44.429+0000] {processor.py:186} INFO - Started process (PID=9601) to work on /opt/airflow/dags/reddit_pipeline/tasks/deployment.py
[2024-12-21T11:23:44.431+0000] {processor.py:914} INFO - Processing file /opt/airflow/dags/reddit_pipeline/tasks/deployment.py for tasks to queue
[2024-12-21T11:23:44.432+0000] {logging_mixin.py:190} INFO - [2024-12-21T11:23:44.432+0000] {dagbag.py:588} INFO - Filling up the DagBag from /opt/airflow/dags/reddit_pipeline/tasks/deployment.py
[2024-12-21T11:23:44.444+0000] {processor.py:927} WARNING - No viable dags retrieved from /opt/airflow/dags/reddit_pipeline/tasks/deployment.py
[2024-12-21T11:23:44.457+0000] {processor.py:208} INFO - Processing /opt/airflow/dags/reddit_pipeline/tasks/deployment.py took 0.035 seconds
[2024-12-21T11:24:15.456+0000] {processor.py:186} INFO - Started process (PID=9669) to work on /opt/airflow/dags/reddit_pipeline/tasks/deployment.py
[2024-12-21T11:24:15.457+0000] {processor.py:914} INFO - Processing file /opt/airflow/dags/reddit_pipeline/tasks/deployment.py for tasks to queue
[2024-12-21T11:24:15.458+0000] {logging_mixin.py:190} INFO - [2024-12-21T11:24:15.458+0000] {dagbag.py:588} INFO - Filling up the DagBag from /opt/airflow/dags/reddit_pipeline/tasks/deployment.py
[2024-12-21T11:24:15.472+0000] {processor.py:927} WARNING - No viable dags retrieved from /opt/airflow/dags/reddit_pipeline/tasks/deployment.py
[2024-12-21T11:24:15.486+0000] {processor.py:208} INFO - Processing /opt/airflow/dags/reddit_pipeline/tasks/deployment.py took 0.036 seconds
[2024-12-21T11:24:45.667+0000] {processor.py:186} INFO - Started process (PID=9737) to work on /opt/airflow/dags/reddit_pipeline/tasks/deployment.py
[2024-12-21T11:24:45.669+0000] {processor.py:914} INFO - Processing file /opt/airflow/dags/reddit_pipeline/tasks/deployment.py for tasks to queue
[2024-12-21T11:24:45.670+0000] {logging_mixin.py:190} INFO - [2024-12-21T11:24:45.670+0000] {dagbag.py:588} INFO - Filling up the DagBag from /opt/airflow/dags/reddit_pipeline/tasks/deployment.py
[2024-12-21T11:24:45.684+0000] {processor.py:927} WARNING - No viable dags retrieved from /opt/airflow/dags/reddit_pipeline/tasks/deployment.py
[2024-12-21T11:24:45.696+0000] {processor.py:208} INFO - Processing /opt/airflow/dags/reddit_pipeline/tasks/deployment.py took 0.037 seconds
[2024-12-21T11:25:16.043+0000] {processor.py:186} INFO - Started process (PID=9805) to work on /opt/airflow/dags/reddit_pipeline/tasks/deployment.py
[2024-12-21T11:25:16.045+0000] {processor.py:914} INFO - Processing file /opt/airflow/dags/reddit_pipeline/tasks/deployment.py for tasks to queue
[2024-12-21T11:25:16.046+0000] {logging_mixin.py:190} INFO - [2024-12-21T11:25:16.046+0000] {dagbag.py:588} INFO - Filling up the DagBag from /opt/airflow/dags/reddit_pipeline/tasks/deployment.py
[2024-12-21T11:25:16.060+0000] {processor.py:927} WARNING - No viable dags retrieved from /opt/airflow/dags/reddit_pipeline/tasks/deployment.py
[2024-12-21T11:25:16.073+0000] {processor.py:208} INFO - Processing /opt/airflow/dags/reddit_pipeline/tasks/deployment.py took 0.036 seconds
[2024-12-21T11:25:46.794+0000] {processor.py:186} INFO - Started process (PID=9873) to work on /opt/airflow/dags/reddit_pipeline/tasks/deployment.py
[2024-12-21T11:25:46.795+0000] {processor.py:914} INFO - Processing file /opt/airflow/dags/reddit_pipeline/tasks/deployment.py for tasks to queue
[2024-12-21T11:25:46.796+0000] {logging_mixin.py:190} INFO - [2024-12-21T11:25:46.795+0000] {dagbag.py:588} INFO - Filling up the DagBag from /opt/airflow/dags/reddit_pipeline/tasks/deployment.py
[2024-12-21T11:25:46.812+0000] {processor.py:927} WARNING - No viable dags retrieved from /opt/airflow/dags/reddit_pipeline/tasks/deployment.py
[2024-12-21T11:25:46.827+0000] {processor.py:208} INFO - Processing /opt/airflow/dags/reddit_pipeline/tasks/deployment.py took 0.040 seconds
[2024-12-21T11:26:16.923+0000] {processor.py:186} INFO - Started process (PID=9941) to work on /opt/airflow/dags/reddit_pipeline/tasks/deployment.py
[2024-12-21T11:26:16.924+0000] {processor.py:914} INFO - Processing file /opt/airflow/dags/reddit_pipeline/tasks/deployment.py for tasks to queue
[2024-12-21T11:26:16.926+0000] {logging_mixin.py:190} INFO - [2024-12-21T11:26:16.925+0000] {dagbag.py:588} INFO - Filling up the DagBag from /opt/airflow/dags/reddit_pipeline/tasks/deployment.py
[2024-12-21T11:26:16.940+0000] {processor.py:927} WARNING - No viable dags retrieved from /opt/airflow/dags/reddit_pipeline/tasks/deployment.py
[2024-12-21T11:26:16.952+0000] {processor.py:208} INFO - Processing /opt/airflow/dags/reddit_pipeline/tasks/deployment.py took 0.035 seconds
[2024-12-21T11:26:47.402+0000] {processor.py:186} INFO - Started process (PID=10009) to work on /opt/airflow/dags/reddit_pipeline/tasks/deployment.py
[2024-12-21T11:26:47.403+0000] {processor.py:914} INFO - Processing file /opt/airflow/dags/reddit_pipeline/tasks/deployment.py for tasks to queue
[2024-12-21T11:26:47.404+0000] {logging_mixin.py:190} INFO - [2024-12-21T11:26:47.404+0000] {dagbag.py:588} INFO - Filling up the DagBag from /opt/airflow/dags/reddit_pipeline/tasks/deployment.py
[2024-12-21T11:26:47.415+0000] {processor.py:927} WARNING - No viable dags retrieved from /opt/airflow/dags/reddit_pipeline/tasks/deployment.py
[2024-12-21T11:26:47.428+0000] {processor.py:208} INFO - Processing /opt/airflow/dags/reddit_pipeline/tasks/deployment.py took 0.033 seconds
[2024-12-21T11:27:17.586+0000] {processor.py:186} INFO - Started process (PID=10066) to work on /opt/airflow/dags/reddit_pipeline/tasks/deployment.py
[2024-12-21T11:27:17.588+0000] {processor.py:914} INFO - Processing file /opt/airflow/dags/reddit_pipeline/tasks/deployment.py for tasks to queue
[2024-12-21T11:27:17.591+0000] {logging_mixin.py:190} INFO - [2024-12-21T11:27:17.590+0000] {dagbag.py:588} INFO - Filling up the DagBag from /opt/airflow/dags/reddit_pipeline/tasks/deployment.py
[2024-12-21T11:27:17.611+0000] {processor.py:927} WARNING - No viable dags retrieved from /opt/airflow/dags/reddit_pipeline/tasks/deployment.py
[2024-12-21T11:27:17.624+0000] {processor.py:208} INFO - Processing /opt/airflow/dags/reddit_pipeline/tasks/deployment.py took 0.048 seconds
[2024-12-21T11:27:47.771+0000] {processor.py:186} INFO - Started process (PID=10126) to work on /opt/airflow/dags/reddit_pipeline/tasks/deployment.py
[2024-12-21T11:27:47.772+0000] {processor.py:914} INFO - Processing file /opt/airflow/dags/reddit_pipeline/tasks/deployment.py for tasks to queue
[2024-12-21T11:27:47.774+0000] {logging_mixin.py:190} INFO - [2024-12-21T11:27:47.774+0000] {dagbag.py:588} INFO - Filling up the DagBag from /opt/airflow/dags/reddit_pipeline/tasks/deployment.py
[2024-12-21T11:27:47.789+0000] {processor.py:927} WARNING - No viable dags retrieved from /opt/airflow/dags/reddit_pipeline/tasks/deployment.py
[2024-12-21T11:27:47.805+0000] {processor.py:208} INFO - Processing /opt/airflow/dags/reddit_pipeline/tasks/deployment.py took 0.041 seconds
[2024-12-21T11:28:18.183+0000] {processor.py:186} INFO - Started process (PID=10194) to work on /opt/airflow/dags/reddit_pipeline/tasks/deployment.py
[2024-12-21T11:28:18.184+0000] {processor.py:914} INFO - Processing file /opt/airflow/dags/reddit_pipeline/tasks/deployment.py for tasks to queue
[2024-12-21T11:28:18.186+0000] {logging_mixin.py:190} INFO - [2024-12-21T11:28:18.186+0000] {dagbag.py:588} INFO - Filling up the DagBag from /opt/airflow/dags/reddit_pipeline/tasks/deployment.py
[2024-12-21T11:28:18.198+0000] {processor.py:927} WARNING - No viable dags retrieved from /opt/airflow/dags/reddit_pipeline/tasks/deployment.py
[2024-12-21T11:28:18.211+0000] {processor.py:208} INFO - Processing /opt/airflow/dags/reddit_pipeline/tasks/deployment.py took 0.034 seconds
[2024-12-21T11:28:48.577+0000] {processor.py:186} INFO - Started process (PID=10262) to work on /opt/airflow/dags/reddit_pipeline/tasks/deployment.py
[2024-12-21T11:28:48.578+0000] {processor.py:914} INFO - Processing file /opt/airflow/dags/reddit_pipeline/tasks/deployment.py for tasks to queue
[2024-12-21T11:28:48.580+0000] {logging_mixin.py:190} INFO - [2024-12-21T11:28:48.579+0000] {dagbag.py:588} INFO - Filling up the DagBag from /opt/airflow/dags/reddit_pipeline/tasks/deployment.py
[2024-12-21T11:28:48.591+0000] {processor.py:927} WARNING - No viable dags retrieved from /opt/airflow/dags/reddit_pipeline/tasks/deployment.py
[2024-12-21T11:28:48.604+0000] {processor.py:208} INFO - Processing /opt/airflow/dags/reddit_pipeline/tasks/deployment.py took 0.032 seconds
[2024-12-21T11:29:19.092+0000] {processor.py:186} INFO - Started process (PID=10330) to work on /opt/airflow/dags/reddit_pipeline/tasks/deployment.py
[2024-12-21T11:29:19.093+0000] {processor.py:914} INFO - Processing file /opt/airflow/dags/reddit_pipeline/tasks/deployment.py for tasks to queue
[2024-12-21T11:29:19.095+0000] {logging_mixin.py:190} INFO - [2024-12-21T11:29:19.095+0000] {dagbag.py:588} INFO - Filling up the DagBag from /opt/airflow/dags/reddit_pipeline/tasks/deployment.py
[2024-12-21T11:29:19.111+0000] {processor.py:927} WARNING - No viable dags retrieved from /opt/airflow/dags/reddit_pipeline/tasks/deployment.py
[2024-12-21T11:29:19.127+0000] {processor.py:208} INFO - Processing /opt/airflow/dags/reddit_pipeline/tasks/deployment.py took 0.043 seconds
[2024-12-21T11:29:49.493+0000] {processor.py:186} INFO - Started process (PID=10398) to work on /opt/airflow/dags/reddit_pipeline/tasks/deployment.py
[2024-12-21T11:29:49.494+0000] {processor.py:914} INFO - Processing file /opt/airflow/dags/reddit_pipeline/tasks/deployment.py for tasks to queue
[2024-12-21T11:29:49.495+0000] {logging_mixin.py:190} INFO - [2024-12-21T11:29:49.495+0000] {dagbag.py:588} INFO - Filling up the DagBag from /opt/airflow/dags/reddit_pipeline/tasks/deployment.py
[2024-12-21T11:29:49.507+0000] {processor.py:927} WARNING - No viable dags retrieved from /opt/airflow/dags/reddit_pipeline/tasks/deployment.py
[2024-12-21T11:29:49.521+0000] {processor.py:208} INFO - Processing /opt/airflow/dags/reddit_pipeline/tasks/deployment.py took 0.034 seconds
[2024-12-21T11:30:20.308+0000] {processor.py:186} INFO - Started process (PID=10466) to work on /opt/airflow/dags/reddit_pipeline/tasks/deployment.py
[2024-12-21T11:30:20.309+0000] {processor.py:914} INFO - Processing file /opt/airflow/dags/reddit_pipeline/tasks/deployment.py for tasks to queue
[2024-12-21T11:30:20.310+0000] {logging_mixin.py:190} INFO - [2024-12-21T11:30:20.310+0000] {dagbag.py:588} INFO - Filling up the DagBag from /opt/airflow/dags/reddit_pipeline/tasks/deployment.py
[2024-12-21T11:30:20.324+0000] {processor.py:927} WARNING - No viable dags retrieved from /opt/airflow/dags/reddit_pipeline/tasks/deployment.py
[2024-12-21T11:30:20.337+0000] {processor.py:208} INFO - Processing /opt/airflow/dags/reddit_pipeline/tasks/deployment.py took 0.035 seconds
[2024-12-21T11:30:50.587+0000] {processor.py:186} INFO - Started process (PID=10534) to work on /opt/airflow/dags/reddit_pipeline/tasks/deployment.py
[2024-12-21T11:30:50.589+0000] {processor.py:914} INFO - Processing file /opt/airflow/dags/reddit_pipeline/tasks/deployment.py for tasks to queue
[2024-12-21T11:30:50.590+0000] {logging_mixin.py:190} INFO - [2024-12-21T11:30:50.590+0000] {dagbag.py:588} INFO - Filling up the DagBag from /opt/airflow/dags/reddit_pipeline/tasks/deployment.py
[2024-12-21T11:30:50.604+0000] {processor.py:927} WARNING - No viable dags retrieved from /opt/airflow/dags/reddit_pipeline/tasks/deployment.py
[2024-12-21T11:30:50.619+0000] {processor.py:208} INFO - Processing /opt/airflow/dags/reddit_pipeline/tasks/deployment.py took 0.038 seconds
[2024-12-21T11:31:20.930+0000] {processor.py:186} INFO - Started process (PID=10602) to work on /opt/airflow/dags/reddit_pipeline/tasks/deployment.py
[2024-12-21T11:31:20.931+0000] {processor.py:914} INFO - Processing file /opt/airflow/dags/reddit_pipeline/tasks/deployment.py for tasks to queue
[2024-12-21T11:31:20.933+0000] {logging_mixin.py:190} INFO - [2024-12-21T11:31:20.932+0000] {dagbag.py:588} INFO - Filling up the DagBag from /opt/airflow/dags/reddit_pipeline/tasks/deployment.py
[2024-12-21T11:31:20.945+0000] {processor.py:927} WARNING - No viable dags retrieved from /opt/airflow/dags/reddit_pipeline/tasks/deployment.py
[2024-12-21T11:31:20.958+0000] {processor.py:208} INFO - Processing /opt/airflow/dags/reddit_pipeline/tasks/deployment.py took 0.033 seconds
[2024-12-21T11:31:51.743+0000] {processor.py:186} INFO - Started process (PID=10670) to work on /opt/airflow/dags/reddit_pipeline/tasks/deployment.py
[2024-12-21T11:31:51.744+0000] {processor.py:914} INFO - Processing file /opt/airflow/dags/reddit_pipeline/tasks/deployment.py for tasks to queue
[2024-12-21T11:31:51.745+0000] {logging_mixin.py:190} INFO - [2024-12-21T11:31:51.745+0000] {dagbag.py:588} INFO - Filling up the DagBag from /opt/airflow/dags/reddit_pipeline/tasks/deployment.py
[2024-12-21T11:31:51.757+0000] {processor.py:927} WARNING - No viable dags retrieved from /opt/airflow/dags/reddit_pipeline/tasks/deployment.py
[2024-12-21T11:31:51.769+0000] {processor.py:208} INFO - Processing /opt/airflow/dags/reddit_pipeline/tasks/deployment.py took 0.032 seconds
[2024-12-21T11:32:22.510+0000] {processor.py:186} INFO - Started process (PID=10738) to work on /opt/airflow/dags/reddit_pipeline/tasks/deployment.py
[2024-12-21T11:32:22.511+0000] {processor.py:914} INFO - Processing file /opt/airflow/dags/reddit_pipeline/tasks/deployment.py for tasks to queue
[2024-12-21T11:32:22.512+0000] {logging_mixin.py:190} INFO - [2024-12-21T11:32:22.512+0000] {dagbag.py:588} INFO - Filling up the DagBag from /opt/airflow/dags/reddit_pipeline/tasks/deployment.py
[2024-12-21T11:32:22.522+0000] {processor.py:927} WARNING - No viable dags retrieved from /opt/airflow/dags/reddit_pipeline/tasks/deployment.py
[2024-12-21T11:32:22.732+0000] {processor.py:208} INFO - Processing /opt/airflow/dags/reddit_pipeline/tasks/deployment.py took 0.228 seconds
[2024-12-21T11:32:53.719+0000] {processor.py:186} INFO - Started process (PID=10806) to work on /opt/airflow/dags/reddit_pipeline/tasks/deployment.py
[2024-12-21T11:32:53.720+0000] {processor.py:914} INFO - Processing file /opt/airflow/dags/reddit_pipeline/tasks/deployment.py for tasks to queue
[2024-12-21T11:32:53.721+0000] {logging_mixin.py:190} INFO - [2024-12-21T11:32:53.721+0000] {dagbag.py:588} INFO - Filling up the DagBag from /opt/airflow/dags/reddit_pipeline/tasks/deployment.py
[2024-12-21T11:32:53.740+0000] {processor.py:927} WARNING - No viable dags retrieved from /opt/airflow/dags/reddit_pipeline/tasks/deployment.py
[2024-12-21T11:32:53.752+0000] {processor.py:208} INFO - Processing /opt/airflow/dags/reddit_pipeline/tasks/deployment.py took 0.040 seconds
[2024-12-21T11:33:24.678+0000] {processor.py:186} INFO - Started process (PID=10874) to work on /opt/airflow/dags/reddit_pipeline/tasks/deployment.py
[2024-12-21T11:33:24.679+0000] {processor.py:914} INFO - Processing file /opt/airflow/dags/reddit_pipeline/tasks/deployment.py for tasks to queue
[2024-12-21T11:33:24.681+0000] {logging_mixin.py:190} INFO - [2024-12-21T11:33:24.680+0000] {dagbag.py:588} INFO - Filling up the DagBag from /opt/airflow/dags/reddit_pipeline/tasks/deployment.py
[2024-12-21T11:33:24.694+0000] {processor.py:927} WARNING - No viable dags retrieved from /opt/airflow/dags/reddit_pipeline/tasks/deployment.py
[2024-12-21T11:33:24.707+0000] {processor.py:208} INFO - Processing /opt/airflow/dags/reddit_pipeline/tasks/deployment.py took 0.035 seconds
[2024-12-21T11:33:54.910+0000] {processor.py:186} INFO - Started process (PID=10942) to work on /opt/airflow/dags/reddit_pipeline/tasks/deployment.py
[2024-12-21T11:33:54.912+0000] {processor.py:914} INFO - Processing file /opt/airflow/dags/reddit_pipeline/tasks/deployment.py for tasks to queue
[2024-12-21T11:33:54.913+0000] {logging_mixin.py:190} INFO - [2024-12-21T11:33:54.913+0000] {dagbag.py:588} INFO - Filling up the DagBag from /opt/airflow/dags/reddit_pipeline/tasks/deployment.py
[2024-12-21T11:33:54.926+0000] {processor.py:927} WARNING - No viable dags retrieved from /opt/airflow/dags/reddit_pipeline/tasks/deployment.py
[2024-12-21T11:33:54.944+0000] {processor.py:208} INFO - Processing /opt/airflow/dags/reddit_pipeline/tasks/deployment.py took 0.041 seconds
[2024-12-21T11:34:25.175+0000] {processor.py:186} INFO - Started process (PID=11010) to work on /opt/airflow/dags/reddit_pipeline/tasks/deployment.py
[2024-12-21T11:34:25.176+0000] {processor.py:914} INFO - Processing file /opt/airflow/dags/reddit_pipeline/tasks/deployment.py for tasks to queue
[2024-12-21T11:34:25.178+0000] {logging_mixin.py:190} INFO - [2024-12-21T11:34:25.177+0000] {dagbag.py:588} INFO - Filling up the DagBag from /opt/airflow/dags/reddit_pipeline/tasks/deployment.py
[2024-12-21T11:34:25.189+0000] {processor.py:927} WARNING - No viable dags retrieved from /opt/airflow/dags/reddit_pipeline/tasks/deployment.py
[2024-12-21T11:34:25.202+0000] {processor.py:208} INFO - Processing /opt/airflow/dags/reddit_pipeline/tasks/deployment.py took 0.033 seconds
[2024-12-21T11:34:55.343+0000] {processor.py:186} INFO - Started process (PID=11078) to work on /opt/airflow/dags/reddit_pipeline/tasks/deployment.py
[2024-12-21T11:34:55.344+0000] {processor.py:914} INFO - Processing file /opt/airflow/dags/reddit_pipeline/tasks/deployment.py for tasks to queue
[2024-12-21T11:34:55.345+0000] {logging_mixin.py:190} INFO - [2024-12-21T11:34:55.345+0000] {dagbag.py:588} INFO - Filling up the DagBag from /opt/airflow/dags/reddit_pipeline/tasks/deployment.py
[2024-12-21T11:34:55.357+0000] {processor.py:927} WARNING - No viable dags retrieved from /opt/airflow/dags/reddit_pipeline/tasks/deployment.py
[2024-12-21T11:34:55.370+0000] {processor.py:208} INFO - Processing /opt/airflow/dags/reddit_pipeline/tasks/deployment.py took 0.035 seconds
[2024-12-21T11:35:25.506+0000] {processor.py:186} INFO - Started process (PID=11146) to work on /opt/airflow/dags/reddit_pipeline/tasks/deployment.py
[2024-12-21T11:35:25.507+0000] {processor.py:914} INFO - Processing file /opt/airflow/dags/reddit_pipeline/tasks/deployment.py for tasks to queue
[2024-12-21T11:35:25.508+0000] {logging_mixin.py:190} INFO - [2024-12-21T11:35:25.508+0000] {dagbag.py:588} INFO - Filling up the DagBag from /opt/airflow/dags/reddit_pipeline/tasks/deployment.py
[2024-12-21T11:35:25.523+0000] {processor.py:927} WARNING - No viable dags retrieved from /opt/airflow/dags/reddit_pipeline/tasks/deployment.py
[2024-12-21T11:35:25.537+0000] {processor.py:208} INFO - Processing /opt/airflow/dags/reddit_pipeline/tasks/deployment.py took 0.037 seconds
[2024-12-21T11:35:55.709+0000] {processor.py:186} INFO - Started process (PID=11214) to work on /opt/airflow/dags/reddit_pipeline/tasks/deployment.py
[2024-12-21T11:35:55.710+0000] {processor.py:914} INFO - Processing file /opt/airflow/dags/reddit_pipeline/tasks/deployment.py for tasks to queue
[2024-12-21T11:35:55.714+0000] {logging_mixin.py:190} INFO - [2024-12-21T11:35:55.713+0000] {dagbag.py:588} INFO - Filling up the DagBag from /opt/airflow/dags/reddit_pipeline/tasks/deployment.py
[2024-12-21T11:35:55.727+0000] {processor.py:927} WARNING - No viable dags retrieved from /opt/airflow/dags/reddit_pipeline/tasks/deployment.py
[2024-12-21T11:35:55.745+0000] {processor.py:208} INFO - Processing /opt/airflow/dags/reddit_pipeline/tasks/deployment.py took 0.042 seconds
[2024-12-21T11:36:26.232+0000] {processor.py:186} INFO - Started process (PID=11282) to work on /opt/airflow/dags/reddit_pipeline/tasks/deployment.py
[2024-12-21T11:36:26.233+0000] {processor.py:914} INFO - Processing file /opt/airflow/dags/reddit_pipeline/tasks/deployment.py for tasks to queue
[2024-12-21T11:36:26.234+0000] {logging_mixin.py:190} INFO - [2024-12-21T11:36:26.234+0000] {dagbag.py:588} INFO - Filling up the DagBag from /opt/airflow/dags/reddit_pipeline/tasks/deployment.py
[2024-12-21T11:36:26.244+0000] {processor.py:927} WARNING - No viable dags retrieved from /opt/airflow/dags/reddit_pipeline/tasks/deployment.py
[2024-12-21T11:36:26.257+0000] {processor.py:208} INFO - Processing /opt/airflow/dags/reddit_pipeline/tasks/deployment.py took 0.031 seconds
[2024-12-21T11:36:56.490+0000] {processor.py:186} INFO - Started process (PID=11350) to work on /opt/airflow/dags/reddit_pipeline/tasks/deployment.py
[2024-12-21T11:36:56.491+0000] {processor.py:914} INFO - Processing file /opt/airflow/dags/reddit_pipeline/tasks/deployment.py for tasks to queue
[2024-12-21T11:36:56.493+0000] {logging_mixin.py:190} INFO - [2024-12-21T11:36:56.492+0000] {dagbag.py:588} INFO - Filling up the DagBag from /opt/airflow/dags/reddit_pipeline/tasks/deployment.py
[2024-12-21T11:36:56.504+0000] {processor.py:927} WARNING - No viable dags retrieved from /opt/airflow/dags/reddit_pipeline/tasks/deployment.py
[2024-12-21T11:36:56.517+0000] {processor.py:208} INFO - Processing /opt/airflow/dags/reddit_pipeline/tasks/deployment.py took 0.032 seconds
[2024-12-21T11:37:26.751+0000] {processor.py:186} INFO - Started process (PID=11418) to work on /opt/airflow/dags/reddit_pipeline/tasks/deployment.py
[2024-12-21T11:37:26.752+0000] {processor.py:914} INFO - Processing file /opt/airflow/dags/reddit_pipeline/tasks/deployment.py for tasks to queue
[2024-12-21T11:37:26.753+0000] {logging_mixin.py:190} INFO - [2024-12-21T11:37:26.753+0000] {dagbag.py:588} INFO - Filling up the DagBag from /opt/airflow/dags/reddit_pipeline/tasks/deployment.py
[2024-12-21T11:37:26.764+0000] {processor.py:927} WARNING - No viable dags retrieved from /opt/airflow/dags/reddit_pipeline/tasks/deployment.py
[2024-12-21T11:37:26.777+0000] {processor.py:208} INFO - Processing /opt/airflow/dags/reddit_pipeline/tasks/deployment.py took 0.033 seconds
[2024-12-21T11:37:56.879+0000] {processor.py:186} INFO - Started process (PID=11486) to work on /opt/airflow/dags/reddit_pipeline/tasks/deployment.py
[2024-12-21T11:37:56.879+0000] {processor.py:914} INFO - Processing file /opt/airflow/dags/reddit_pipeline/tasks/deployment.py for tasks to queue
[2024-12-21T11:37:56.881+0000] {logging_mixin.py:190} INFO - [2024-12-21T11:37:56.880+0000] {dagbag.py:588} INFO - Filling up the DagBag from /opt/airflow/dags/reddit_pipeline/tasks/deployment.py
[2024-12-21T11:37:56.891+0000] {processor.py:927} WARNING - No viable dags retrieved from /opt/airflow/dags/reddit_pipeline/tasks/deployment.py
[2024-12-21T11:37:56.905+0000] {processor.py:208} INFO - Processing /opt/airflow/dags/reddit_pipeline/tasks/deployment.py took 0.032 seconds
[2024-12-21T11:38:27.786+0000] {processor.py:186} INFO - Started process (PID=11553) to work on /opt/airflow/dags/reddit_pipeline/tasks/deployment.py
[2024-12-21T11:38:27.787+0000] {processor.py:914} INFO - Processing file /opt/airflow/dags/reddit_pipeline/tasks/deployment.py for tasks to queue
[2024-12-21T11:38:27.789+0000] {logging_mixin.py:190} INFO - [2024-12-21T11:38:27.789+0000] {dagbag.py:588} INFO - Filling up the DagBag from /opt/airflow/dags/reddit_pipeline/tasks/deployment.py
[2024-12-21T11:38:27.808+0000] {processor.py:927} WARNING - No viable dags retrieved from /opt/airflow/dags/reddit_pipeline/tasks/deployment.py
[2024-12-21T11:38:27.825+0000] {processor.py:208} INFO - Processing /opt/airflow/dags/reddit_pipeline/tasks/deployment.py took 0.048 seconds
[2024-12-21T11:38:58.202+0000] {processor.py:186} INFO - Started process (PID=11621) to work on /opt/airflow/dags/reddit_pipeline/tasks/deployment.py
[2024-12-21T11:38:58.203+0000] {processor.py:914} INFO - Processing file /opt/airflow/dags/reddit_pipeline/tasks/deployment.py for tasks to queue
[2024-12-21T11:38:58.205+0000] {logging_mixin.py:190} INFO - [2024-12-21T11:38:58.204+0000] {dagbag.py:588} INFO - Filling up the DagBag from /opt/airflow/dags/reddit_pipeline/tasks/deployment.py
[2024-12-21T11:38:58.216+0000] {processor.py:927} WARNING - No viable dags retrieved from /opt/airflow/dags/reddit_pipeline/tasks/deployment.py
[2024-12-21T11:38:58.231+0000] {processor.py:208} INFO - Processing /opt/airflow/dags/reddit_pipeline/tasks/deployment.py took 0.034 seconds
[2024-12-21T11:39:28.444+0000] {processor.py:186} INFO - Started process (PID=11689) to work on /opt/airflow/dags/reddit_pipeline/tasks/deployment.py
[2024-12-21T11:39:28.445+0000] {processor.py:914} INFO - Processing file /opt/airflow/dags/reddit_pipeline/tasks/deployment.py for tasks to queue
[2024-12-21T11:39:28.446+0000] {logging_mixin.py:190} INFO - [2024-12-21T11:39:28.446+0000] {dagbag.py:588} INFO - Filling up the DagBag from /opt/airflow/dags/reddit_pipeline/tasks/deployment.py
[2024-12-21T11:39:28.458+0000] {processor.py:927} WARNING - No viable dags retrieved from /opt/airflow/dags/reddit_pipeline/tasks/deployment.py
[2024-12-21T11:39:28.471+0000] {processor.py:208} INFO - Processing /opt/airflow/dags/reddit_pipeline/tasks/deployment.py took 0.032 seconds
[2024-12-21T11:39:59.218+0000] {processor.py:186} INFO - Started process (PID=11757) to work on /opt/airflow/dags/reddit_pipeline/tasks/deployment.py
[2024-12-21T11:39:59.219+0000] {processor.py:914} INFO - Processing file /opt/airflow/dags/reddit_pipeline/tasks/deployment.py for tasks to queue
[2024-12-21T11:39:59.220+0000] {logging_mixin.py:190} INFO - [2024-12-21T11:39:59.220+0000] {dagbag.py:588} INFO - Filling up the DagBag from /opt/airflow/dags/reddit_pipeline/tasks/deployment.py
[2024-12-21T11:39:59.231+0000] {processor.py:927} WARNING - No viable dags retrieved from /opt/airflow/dags/reddit_pipeline/tasks/deployment.py
[2024-12-21T11:39:59.245+0000] {processor.py:208} INFO - Processing /opt/airflow/dags/reddit_pipeline/tasks/deployment.py took 0.033 seconds
[2024-12-21T11:40:29.983+0000] {processor.py:186} INFO - Started process (PID=11825) to work on /opt/airflow/dags/reddit_pipeline/tasks/deployment.py
[2024-12-21T11:40:29.984+0000] {processor.py:914} INFO - Processing file /opt/airflow/dags/reddit_pipeline/tasks/deployment.py for tasks to queue
[2024-12-21T11:40:29.986+0000] {logging_mixin.py:190} INFO - [2024-12-21T11:40:29.985+0000] {dagbag.py:588} INFO - Filling up the DagBag from /opt/airflow/dags/reddit_pipeline/tasks/deployment.py
[2024-12-21T11:40:29.999+0000] {processor.py:927} WARNING - No viable dags retrieved from /opt/airflow/dags/reddit_pipeline/tasks/deployment.py
[2024-12-21T11:40:30.013+0000] {processor.py:208} INFO - Processing /opt/airflow/dags/reddit_pipeline/tasks/deployment.py took 0.036 seconds
[2024-12-21T11:41:00.393+0000] {processor.py:186} INFO - Started process (PID=11893) to work on /opt/airflow/dags/reddit_pipeline/tasks/deployment.py
[2024-12-21T11:41:00.395+0000] {processor.py:914} INFO - Processing file /opt/airflow/dags/reddit_pipeline/tasks/deployment.py for tasks to queue
[2024-12-21T11:41:00.396+0000] {logging_mixin.py:190} INFO - [2024-12-21T11:41:00.396+0000] {dagbag.py:588} INFO - Filling up the DagBag from /opt/airflow/dags/reddit_pipeline/tasks/deployment.py
[2024-12-21T11:41:00.407+0000] {processor.py:927} WARNING - No viable dags retrieved from /opt/airflow/dags/reddit_pipeline/tasks/deployment.py
[2024-12-21T11:41:00.422+0000] {processor.py:208} INFO - Processing /opt/airflow/dags/reddit_pipeline/tasks/deployment.py took 0.035 seconds
[2024-12-21T11:41:30.664+0000] {processor.py:186} INFO - Started process (PID=11961) to work on /opt/airflow/dags/reddit_pipeline/tasks/deployment.py
[2024-12-21T11:41:30.665+0000] {processor.py:914} INFO - Processing file /opt/airflow/dags/reddit_pipeline/tasks/deployment.py for tasks to queue
[2024-12-21T11:41:30.667+0000] {logging_mixin.py:190} INFO - [2024-12-21T11:41:30.666+0000] {dagbag.py:588} INFO - Filling up the DagBag from /opt/airflow/dags/reddit_pipeline/tasks/deployment.py
[2024-12-21T11:41:30.677+0000] {processor.py:927} WARNING - No viable dags retrieved from /opt/airflow/dags/reddit_pipeline/tasks/deployment.py
[2024-12-21T11:41:30.690+0000] {processor.py:208} INFO - Processing /opt/airflow/dags/reddit_pipeline/tasks/deployment.py took 0.034 seconds
[2024-12-21T11:42:01.105+0000] {processor.py:186} INFO - Started process (PID=12029) to work on /opt/airflow/dags/reddit_pipeline/tasks/deployment.py
[2024-12-21T11:42:01.106+0000] {processor.py:914} INFO - Processing file /opt/airflow/dags/reddit_pipeline/tasks/deployment.py for tasks to queue
[2024-12-21T11:42:01.108+0000] {logging_mixin.py:190} INFO - [2024-12-21T11:42:01.108+0000] {dagbag.py:588} INFO - Filling up the DagBag from /opt/airflow/dags/reddit_pipeline/tasks/deployment.py
[2024-12-21T11:42:01.120+0000] {processor.py:927} WARNING - No viable dags retrieved from /opt/airflow/dags/reddit_pipeline/tasks/deployment.py
[2024-12-21T11:42:01.133+0000] {processor.py:208} INFO - Processing /opt/airflow/dags/reddit_pipeline/tasks/deployment.py took 0.034 seconds
[2024-12-21T11:42:31.613+0000] {processor.py:186} INFO - Started process (PID=12097) to work on /opt/airflow/dags/reddit_pipeline/tasks/deployment.py
[2024-12-21T11:42:31.614+0000] {processor.py:914} INFO - Processing file /opt/airflow/dags/reddit_pipeline/tasks/deployment.py for tasks to queue
[2024-12-21T11:42:31.616+0000] {logging_mixin.py:190} INFO - [2024-12-21T11:42:31.615+0000] {dagbag.py:588} INFO - Filling up the DagBag from /opt/airflow/dags/reddit_pipeline/tasks/deployment.py
[2024-12-21T11:42:31.629+0000] {processor.py:927} WARNING - No viable dags retrieved from /opt/airflow/dags/reddit_pipeline/tasks/deployment.py
[2024-12-21T11:42:31.641+0000] {processor.py:208} INFO - Processing /opt/airflow/dags/reddit_pipeline/tasks/deployment.py took 0.035 seconds
[2024-12-21T11:43:02.068+0000] {processor.py:186} INFO - Started process (PID=12165) to work on /opt/airflow/dags/reddit_pipeline/tasks/deployment.py
[2024-12-21T11:43:02.069+0000] {processor.py:914} INFO - Processing file /opt/airflow/dags/reddit_pipeline/tasks/deployment.py for tasks to queue
[2024-12-21T11:43:02.071+0000] {logging_mixin.py:190} INFO - [2024-12-21T11:43:02.070+0000] {dagbag.py:588} INFO - Filling up the DagBag from /opt/airflow/dags/reddit_pipeline/tasks/deployment.py
[2024-12-21T11:43:02.083+0000] {processor.py:927} WARNING - No viable dags retrieved from /opt/airflow/dags/reddit_pipeline/tasks/deployment.py
[2024-12-21T11:43:02.096+0000] {processor.py:208} INFO - Processing /opt/airflow/dags/reddit_pipeline/tasks/deployment.py took 0.033 seconds
[2024-12-21T11:43:32.206+0000] {processor.py:186} INFO - Started process (PID=12233) to work on /opt/airflow/dags/reddit_pipeline/tasks/deployment.py
[2024-12-21T11:43:32.207+0000] {processor.py:914} INFO - Processing file /opt/airflow/dags/reddit_pipeline/tasks/deployment.py for tasks to queue
[2024-12-21T11:43:32.208+0000] {logging_mixin.py:190} INFO - [2024-12-21T11:43:32.208+0000] {dagbag.py:588} INFO - Filling up the DagBag from /opt/airflow/dags/reddit_pipeline/tasks/deployment.py
[2024-12-21T11:43:32.219+0000] {processor.py:927} WARNING - No viable dags retrieved from /opt/airflow/dags/reddit_pipeline/tasks/deployment.py
[2024-12-21T11:43:32.232+0000] {processor.py:208} INFO - Processing /opt/airflow/dags/reddit_pipeline/tasks/deployment.py took 0.032 seconds
[2024-12-21T11:44:02.516+0000] {processor.py:186} INFO - Started process (PID=12301) to work on /opt/airflow/dags/reddit_pipeline/tasks/deployment.py
[2024-12-21T11:44:02.517+0000] {processor.py:914} INFO - Processing file /opt/airflow/dags/reddit_pipeline/tasks/deployment.py for tasks to queue
[2024-12-21T11:44:02.518+0000] {logging_mixin.py:190} INFO - [2024-12-21T11:44:02.518+0000] {dagbag.py:588} INFO - Filling up the DagBag from /opt/airflow/dags/reddit_pipeline/tasks/deployment.py
[2024-12-21T11:44:02.529+0000] {processor.py:927} WARNING - No viable dags retrieved from /opt/airflow/dags/reddit_pipeline/tasks/deployment.py
[2024-12-21T11:44:02.541+0000] {processor.py:208} INFO - Processing /opt/airflow/dags/reddit_pipeline/tasks/deployment.py took 0.031 seconds
[2024-12-21T11:44:33.555+0000] {processor.py:186} INFO - Started process (PID=12369) to work on /opt/airflow/dags/reddit_pipeline/tasks/deployment.py
[2024-12-21T11:44:33.556+0000] {processor.py:914} INFO - Processing file /opt/airflow/dags/reddit_pipeline/tasks/deployment.py for tasks to queue
[2024-12-21T11:44:33.557+0000] {logging_mixin.py:190} INFO - [2024-12-21T11:44:33.557+0000] {dagbag.py:588} INFO - Filling up the DagBag from /opt/airflow/dags/reddit_pipeline/tasks/deployment.py
[2024-12-21T11:44:33.571+0000] {processor.py:927} WARNING - No viable dags retrieved from /opt/airflow/dags/reddit_pipeline/tasks/deployment.py
[2024-12-21T11:44:33.585+0000] {processor.py:208} INFO - Processing /opt/airflow/dags/reddit_pipeline/tasks/deployment.py took 0.037 seconds
[2024-12-21T11:45:04.365+0000] {processor.py:186} INFO - Started process (PID=12437) to work on /opt/airflow/dags/reddit_pipeline/tasks/deployment.py
[2024-12-21T11:45:04.366+0000] {processor.py:914} INFO - Processing file /opt/airflow/dags/reddit_pipeline/tasks/deployment.py for tasks to queue
[2024-12-21T11:45:04.367+0000] {logging_mixin.py:190} INFO - [2024-12-21T11:45:04.367+0000] {dagbag.py:588} INFO - Filling up the DagBag from /opt/airflow/dags/reddit_pipeline/tasks/deployment.py
[2024-12-21T11:45:04.380+0000] {processor.py:927} WARNING - No viable dags retrieved from /opt/airflow/dags/reddit_pipeline/tasks/deployment.py
[2024-12-21T11:45:04.396+0000] {processor.py:208} INFO - Processing /opt/airflow/dags/reddit_pipeline/tasks/deployment.py took 0.036 seconds
[2024-12-21T11:45:34.731+0000] {processor.py:186} INFO - Started process (PID=12505) to work on /opt/airflow/dags/reddit_pipeline/tasks/deployment.py
[2024-12-21T11:45:34.732+0000] {processor.py:914} INFO - Processing file /opt/airflow/dags/reddit_pipeline/tasks/deployment.py for tasks to queue
[2024-12-21T11:45:34.733+0000] {logging_mixin.py:190} INFO - [2024-12-21T11:45:34.733+0000] {dagbag.py:588} INFO - Filling up the DagBag from /opt/airflow/dags/reddit_pipeline/tasks/deployment.py
[2024-12-21T11:45:34.745+0000] {processor.py:927} WARNING - No viable dags retrieved from /opt/airflow/dags/reddit_pipeline/tasks/deployment.py
[2024-12-21T11:45:34.757+0000] {processor.py:208} INFO - Processing /opt/airflow/dags/reddit_pipeline/tasks/deployment.py took 0.031 seconds
[2024-12-21T11:46:05.185+0000] {processor.py:186} INFO - Started process (PID=12556) to work on /opt/airflow/dags/reddit_pipeline/tasks/deployment.py
[2024-12-21T11:46:05.186+0000] {processor.py:914} INFO - Processing file /opt/airflow/dags/reddit_pipeline/tasks/deployment.py for tasks to queue
[2024-12-21T11:46:05.188+0000] {logging_mixin.py:190} INFO - [2024-12-21T11:46:05.187+0000] {dagbag.py:588} INFO - Filling up the DagBag from /opt/airflow/dags/reddit_pipeline/tasks/deployment.py
[2024-12-21T11:46:05.200+0000] {processor.py:927} WARNING - No viable dags retrieved from /opt/airflow/dags/reddit_pipeline/tasks/deployment.py
[2024-12-21T11:46:05.211+0000] {processor.py:208} INFO - Processing /opt/airflow/dags/reddit_pipeline/tasks/deployment.py took 0.032 seconds
[2024-12-21T11:46:35.443+0000] {processor.py:186} INFO - Started process (PID=12613) to work on /opt/airflow/dags/reddit_pipeline/tasks/deployment.py
[2024-12-21T11:46:35.445+0000] {processor.py:914} INFO - Processing file /opt/airflow/dags/reddit_pipeline/tasks/deployment.py for tasks to queue
[2024-12-21T11:46:35.446+0000] {logging_mixin.py:190} INFO - [2024-12-21T11:46:35.446+0000] {dagbag.py:588} INFO - Filling up the DagBag from /opt/airflow/dags/reddit_pipeline/tasks/deployment.py
[2024-12-21T11:46:35.459+0000] {processor.py:927} WARNING - No viable dags retrieved from /opt/airflow/dags/reddit_pipeline/tasks/deployment.py
[2024-12-21T11:46:35.472+0000] {processor.py:208} INFO - Processing /opt/airflow/dags/reddit_pipeline/tasks/deployment.py took 0.034 seconds
[2024-12-21T11:47:05.944+0000] {processor.py:186} INFO - Started process (PID=12678) to work on /opt/airflow/dags/reddit_pipeline/tasks/deployment.py
[2024-12-21T11:47:05.945+0000] {processor.py:914} INFO - Processing file /opt/airflow/dags/reddit_pipeline/tasks/deployment.py for tasks to queue
[2024-12-21T11:47:05.946+0000] {logging_mixin.py:190} INFO - [2024-12-21T11:47:05.946+0000] {dagbag.py:588} INFO - Filling up the DagBag from /opt/airflow/dags/reddit_pipeline/tasks/deployment.py
[2024-12-21T11:47:05.956+0000] {processor.py:927} WARNING - No viable dags retrieved from /opt/airflow/dags/reddit_pipeline/tasks/deployment.py
[2024-12-21T11:47:05.969+0000] {processor.py:208} INFO - Processing /opt/airflow/dags/reddit_pipeline/tasks/deployment.py took 0.031 seconds
[2024-12-21T11:47:36.234+0000] {processor.py:186} INFO - Started process (PID=12746) to work on /opt/airflow/dags/reddit_pipeline/tasks/deployment.py
[2024-12-21T11:47:36.235+0000] {processor.py:914} INFO - Processing file /opt/airflow/dags/reddit_pipeline/tasks/deployment.py for tasks to queue
[2024-12-21T11:47:36.236+0000] {logging_mixin.py:190} INFO - [2024-12-21T11:47:36.236+0000] {dagbag.py:588} INFO - Filling up the DagBag from /opt/airflow/dags/reddit_pipeline/tasks/deployment.py
[2024-12-21T11:47:36.247+0000] {processor.py:927} WARNING - No viable dags retrieved from /opt/airflow/dags/reddit_pipeline/tasks/deployment.py
[2024-12-21T11:47:36.259+0000] {processor.py:208} INFO - Processing /opt/airflow/dags/reddit_pipeline/tasks/deployment.py took 0.031 seconds
[2024-12-21T11:48:06.491+0000] {processor.py:186} INFO - Started process (PID=12814) to work on /opt/airflow/dags/reddit_pipeline/tasks/deployment.py
[2024-12-21T11:48:06.492+0000] {processor.py:914} INFO - Processing file /opt/airflow/dags/reddit_pipeline/tasks/deployment.py for tasks to queue
[2024-12-21T11:48:06.493+0000] {logging_mixin.py:190} INFO - [2024-12-21T11:48:06.493+0000] {dagbag.py:588} INFO - Filling up the DagBag from /opt/airflow/dags/reddit_pipeline/tasks/deployment.py
[2024-12-21T11:48:06.504+0000] {processor.py:927} WARNING - No viable dags retrieved from /opt/airflow/dags/reddit_pipeline/tasks/deployment.py
[2024-12-21T11:48:06.519+0000] {processor.py:208} INFO - Processing /opt/airflow/dags/reddit_pipeline/tasks/deployment.py took 0.035 seconds
[2024-12-21T11:48:36.894+0000] {processor.py:186} INFO - Started process (PID=12882) to work on /opt/airflow/dags/reddit_pipeline/tasks/deployment.py
[2024-12-21T11:48:36.895+0000] {processor.py:914} INFO - Processing file /opt/airflow/dags/reddit_pipeline/tasks/deployment.py for tasks to queue
[2024-12-21T11:48:36.897+0000] {logging_mixin.py:190} INFO - [2024-12-21T11:48:36.897+0000] {dagbag.py:588} INFO - Filling up the DagBag from /opt/airflow/dags/reddit_pipeline/tasks/deployment.py
[2024-12-21T11:48:36.916+0000] {processor.py:927} WARNING - No viable dags retrieved from /opt/airflow/dags/reddit_pipeline/tasks/deployment.py
[2024-12-21T11:48:36.934+0000] {processor.py:208} INFO - Processing /opt/airflow/dags/reddit_pipeline/tasks/deployment.py took 0.046 seconds
[2024-12-21T11:49:07.390+0000] {processor.py:186} INFO - Started process (PID=12950) to work on /opt/airflow/dags/reddit_pipeline/tasks/deployment.py
[2024-12-21T11:49:07.391+0000] {processor.py:914} INFO - Processing file /opt/airflow/dags/reddit_pipeline/tasks/deployment.py for tasks to queue
[2024-12-21T11:49:07.393+0000] {logging_mixin.py:190} INFO - [2024-12-21T11:49:07.392+0000] {dagbag.py:588} INFO - Filling up the DagBag from /opt/airflow/dags/reddit_pipeline/tasks/deployment.py
[2024-12-21T11:49:07.403+0000] {processor.py:927} WARNING - No viable dags retrieved from /opt/airflow/dags/reddit_pipeline/tasks/deployment.py
[2024-12-21T11:49:07.416+0000] {processor.py:208} INFO - Processing /opt/airflow/dags/reddit_pipeline/tasks/deployment.py took 0.031 seconds
[2024-12-21T11:49:37.647+0000] {processor.py:186} INFO - Started process (PID=13019) to work on /opt/airflow/dags/reddit_pipeline/tasks/deployment.py
[2024-12-21T11:49:37.648+0000] {processor.py:914} INFO - Processing file /opt/airflow/dags/reddit_pipeline/tasks/deployment.py for tasks to queue
[2024-12-21T11:49:37.649+0000] {logging_mixin.py:190} INFO - [2024-12-21T11:49:37.649+0000] {dagbag.py:588} INFO - Filling up the DagBag from /opt/airflow/dags/reddit_pipeline/tasks/deployment.py
[2024-12-21T11:49:37.661+0000] {processor.py:927} WARNING - No viable dags retrieved from /opt/airflow/dags/reddit_pipeline/tasks/deployment.py
[2024-12-21T11:49:37.673+0000] {processor.py:208} INFO - Processing /opt/airflow/dags/reddit_pipeline/tasks/deployment.py took 0.032 seconds
[2024-12-21T11:50:08.105+0000] {processor.py:186} INFO - Started process (PID=13087) to work on /opt/airflow/dags/reddit_pipeline/tasks/deployment.py
[2024-12-21T11:50:08.106+0000] {processor.py:914} INFO - Processing file /opt/airflow/dags/reddit_pipeline/tasks/deployment.py for tasks to queue
[2024-12-21T11:50:08.108+0000] {logging_mixin.py:190} INFO - [2024-12-21T11:50:08.107+0000] {dagbag.py:588} INFO - Filling up the DagBag from /opt/airflow/dags/reddit_pipeline/tasks/deployment.py
[2024-12-21T11:50:08.128+0000] {processor.py:927} WARNING - No viable dags retrieved from /opt/airflow/dags/reddit_pipeline/tasks/deployment.py
[2024-12-21T11:50:08.145+0000] {processor.py:208} INFO - Processing /opt/airflow/dags/reddit_pipeline/tasks/deployment.py took 0.045 seconds
[2024-12-21T11:50:38.550+0000] {processor.py:186} INFO - Started process (PID=13155) to work on /opt/airflow/dags/reddit_pipeline/tasks/deployment.py
[2024-12-21T11:50:38.551+0000] {processor.py:914} INFO - Processing file /opt/airflow/dags/reddit_pipeline/tasks/deployment.py for tasks to queue
[2024-12-21T11:50:38.553+0000] {logging_mixin.py:190} INFO - [2024-12-21T11:50:38.553+0000] {dagbag.py:588} INFO - Filling up the DagBag from /opt/airflow/dags/reddit_pipeline/tasks/deployment.py
[2024-12-21T11:50:38.564+0000] {processor.py:927} WARNING - No viable dags retrieved from /opt/airflow/dags/reddit_pipeline/tasks/deployment.py
[2024-12-21T11:50:38.578+0000] {processor.py:208} INFO - Processing /opt/airflow/dags/reddit_pipeline/tasks/deployment.py took 0.033 seconds
[2024-12-21T11:51:09.243+0000] {processor.py:186} INFO - Started process (PID=13223) to work on /opt/airflow/dags/reddit_pipeline/tasks/deployment.py
[2024-12-21T11:51:09.244+0000] {processor.py:914} INFO - Processing file /opt/airflow/dags/reddit_pipeline/tasks/deployment.py for tasks to queue
[2024-12-21T11:51:09.246+0000] {logging_mixin.py:190} INFO - [2024-12-21T11:51:09.245+0000] {dagbag.py:588} INFO - Filling up the DagBag from /opt/airflow/dags/reddit_pipeline/tasks/deployment.py
[2024-12-21T11:51:09.259+0000] {processor.py:927} WARNING - No viable dags retrieved from /opt/airflow/dags/reddit_pipeline/tasks/deployment.py
[2024-12-21T11:51:09.273+0000] {processor.py:208} INFO - Processing /opt/airflow/dags/reddit_pipeline/tasks/deployment.py took 0.036 seconds
[2024-12-21T11:51:39.554+0000] {processor.py:186} INFO - Started process (PID=13291) to work on /opt/airflow/dags/reddit_pipeline/tasks/deployment.py
[2024-12-21T11:51:39.555+0000] {processor.py:914} INFO - Processing file /opt/airflow/dags/reddit_pipeline/tasks/deployment.py for tasks to queue
[2024-12-21T11:51:39.556+0000] {logging_mixin.py:190} INFO - [2024-12-21T11:51:39.556+0000] {dagbag.py:588} INFO - Filling up the DagBag from /opt/airflow/dags/reddit_pipeline/tasks/deployment.py
[2024-12-21T11:51:39.568+0000] {processor.py:927} WARNING - No viable dags retrieved from /opt/airflow/dags/reddit_pipeline/tasks/deployment.py
[2024-12-21T11:51:39.580+0000] {processor.py:208} INFO - Processing /opt/airflow/dags/reddit_pipeline/tasks/deployment.py took 0.032 seconds
[2024-12-21T11:52:09.975+0000] {processor.py:186} INFO - Started process (PID=13359) to work on /opt/airflow/dags/reddit_pipeline/tasks/deployment.py
[2024-12-21T11:52:09.977+0000] {processor.py:914} INFO - Processing file /opt/airflow/dags/reddit_pipeline/tasks/deployment.py for tasks to queue
[2024-12-21T11:52:09.981+0000] {logging_mixin.py:190} INFO - [2024-12-21T11:52:09.981+0000] {dagbag.py:588} INFO - Filling up the DagBag from /opt/airflow/dags/reddit_pipeline/tasks/deployment.py
[2024-12-21T11:52:09.994+0000] {processor.py:927} WARNING - No viable dags retrieved from /opt/airflow/dags/reddit_pipeline/tasks/deployment.py
[2024-12-21T11:52:10.007+0000] {processor.py:208} INFO - Processing /opt/airflow/dags/reddit_pipeline/tasks/deployment.py took 0.040 seconds
[2024-12-21T11:52:40.350+0000] {processor.py:186} INFO - Started process (PID=13427) to work on /opt/airflow/dags/reddit_pipeline/tasks/deployment.py
[2024-12-21T11:52:40.351+0000] {processor.py:914} INFO - Processing file /opt/airflow/dags/reddit_pipeline/tasks/deployment.py for tasks to queue
[2024-12-21T11:52:40.353+0000] {logging_mixin.py:190} INFO - [2024-12-21T11:52:40.352+0000] {dagbag.py:588} INFO - Filling up the DagBag from /opt/airflow/dags/reddit_pipeline/tasks/deployment.py
[2024-12-21T11:52:40.365+0000] {processor.py:927} WARNING - No viable dags retrieved from /opt/airflow/dags/reddit_pipeline/tasks/deployment.py
[2024-12-21T11:52:40.379+0000] {processor.py:208} INFO - Processing /opt/airflow/dags/reddit_pipeline/tasks/deployment.py took 0.034 seconds
[2024-12-21T11:53:10.594+0000] {processor.py:186} INFO - Started process (PID=13495) to work on /opt/airflow/dags/reddit_pipeline/tasks/deployment.py
[2024-12-21T11:53:10.595+0000] {processor.py:914} INFO - Processing file /opt/airflow/dags/reddit_pipeline/tasks/deployment.py for tasks to queue
[2024-12-21T11:53:10.596+0000] {logging_mixin.py:190} INFO - [2024-12-21T11:53:10.596+0000] {dagbag.py:588} INFO - Filling up the DagBag from /opt/airflow/dags/reddit_pipeline/tasks/deployment.py
[2024-12-21T11:53:10.607+0000] {processor.py:927} WARNING - No viable dags retrieved from /opt/airflow/dags/reddit_pipeline/tasks/deployment.py
[2024-12-21T11:53:10.619+0000] {processor.py:208} INFO - Processing /opt/airflow/dags/reddit_pipeline/tasks/deployment.py took 0.032 seconds
[2024-12-21T11:53:40.854+0000] {processor.py:186} INFO - Started process (PID=13563) to work on /opt/airflow/dags/reddit_pipeline/tasks/deployment.py
[2024-12-21T11:53:40.855+0000] {processor.py:914} INFO - Processing file /opt/airflow/dags/reddit_pipeline/tasks/deployment.py for tasks to queue
[2024-12-21T11:53:40.856+0000] {logging_mixin.py:190} INFO - [2024-12-21T11:53:40.856+0000] {dagbag.py:588} INFO - Filling up the DagBag from /opt/airflow/dags/reddit_pipeline/tasks/deployment.py
[2024-12-21T11:53:40.867+0000] {processor.py:927} WARNING - No viable dags retrieved from /opt/airflow/dags/reddit_pipeline/tasks/deployment.py
[2024-12-21T11:53:40.880+0000] {processor.py:208} INFO - Processing /opt/airflow/dags/reddit_pipeline/tasks/deployment.py took 0.033 seconds
