[2024-12-21T11:00:51.442+0000] {processor.py:186} INFO - Started process (PID=6565) to work on /opt/airflow/dags/reddit_pipeline/tasks/prediction.py
[2024-12-21T11:00:51.443+0000] {processor.py:914} INFO - Processing file /opt/airflow/dags/reddit_pipeline/tasks/prediction.py for tasks to queue
[2024-12-21T11:00:51.445+0000] {logging_mixin.py:190} INFO - [2024-12-21T11:00:51.444+0000] {dagbag.py:588} INFO - Filling up the DagBag from /opt/airflow/dags/reddit_pipeline/tasks/prediction.py
[2024-12-21T11:00:51.457+0000] {processor.py:927} WARNING - No viable dags retrieved from /opt/airflow/dags/reddit_pipeline/tasks/prediction.py
[2024-12-21T11:00:51.472+0000] {processor.py:208} INFO - Processing /opt/airflow/dags/reddit_pipeline/tasks/prediction.py took 0.038 seconds
[2024-12-21T11:01:22.036+0000] {processor.py:186} INFO - Started process (PID=6633) to work on /opt/airflow/dags/reddit_pipeline/tasks/prediction.py
[2024-12-21T11:01:22.037+0000] {processor.py:914} INFO - Processing file /opt/airflow/dags/reddit_pipeline/tasks/prediction.py for tasks to queue
[2024-12-21T11:01:22.038+0000] {logging_mixin.py:190} INFO - [2024-12-21T11:01:22.038+0000] {dagbag.py:588} INFO - Filling up the DagBag from /opt/airflow/dags/reddit_pipeline/tasks/prediction.py
[2024-12-21T11:01:22.051+0000] {processor.py:927} WARNING - No viable dags retrieved from /opt/airflow/dags/reddit_pipeline/tasks/prediction.py
[2024-12-21T11:01:22.063+0000] {processor.py:208} INFO - Processing /opt/airflow/dags/reddit_pipeline/tasks/prediction.py took 0.033 seconds
[2024-12-21T11:01:52.328+0000] {processor.py:186} INFO - Started process (PID=6701) to work on /opt/airflow/dags/reddit_pipeline/tasks/prediction.py
[2024-12-21T11:01:52.331+0000] {processor.py:914} INFO - Processing file /opt/airflow/dags/reddit_pipeline/tasks/prediction.py for tasks to queue
[2024-12-21T11:01:52.333+0000] {logging_mixin.py:190} INFO - [2024-12-21T11:01:52.333+0000] {dagbag.py:588} INFO - Filling up the DagBag from /opt/airflow/dags/reddit_pipeline/tasks/prediction.py
[2024-12-21T11:01:52.353+0000] {processor.py:927} WARNING - No viable dags retrieved from /opt/airflow/dags/reddit_pipeline/tasks/prediction.py
[2024-12-21T11:01:52.368+0000] {processor.py:208} INFO - Processing /opt/airflow/dags/reddit_pipeline/tasks/prediction.py took 0.049 seconds
[2024-12-21T11:02:23.106+0000] {processor.py:186} INFO - Started process (PID=6769) to work on /opt/airflow/dags/reddit_pipeline/tasks/prediction.py
[2024-12-21T11:02:23.107+0000] {processor.py:914} INFO - Processing file /opt/airflow/dags/reddit_pipeline/tasks/prediction.py for tasks to queue
[2024-12-21T11:02:23.109+0000] {logging_mixin.py:190} INFO - [2024-12-21T11:02:23.109+0000] {dagbag.py:588} INFO - Filling up the DagBag from /opt/airflow/dags/reddit_pipeline/tasks/prediction.py
[2024-12-21T11:02:23.124+0000] {processor.py:927} WARNING - No viable dags retrieved from /opt/airflow/dags/reddit_pipeline/tasks/prediction.py
[2024-12-21T11:02:23.139+0000] {processor.py:208} INFO - Processing /opt/airflow/dags/reddit_pipeline/tasks/prediction.py took 0.040 seconds
[2024-12-21T11:02:53.799+0000] {processor.py:186} INFO - Started process (PID=6837) to work on /opt/airflow/dags/reddit_pipeline/tasks/prediction.py
[2024-12-21T11:02:53.800+0000] {processor.py:914} INFO - Processing file /opt/airflow/dags/reddit_pipeline/tasks/prediction.py for tasks to queue
[2024-12-21T11:02:53.801+0000] {logging_mixin.py:190} INFO - [2024-12-21T11:02:53.801+0000] {dagbag.py:588} INFO - Filling up the DagBag from /opt/airflow/dags/reddit_pipeline/tasks/prediction.py
[2024-12-21T11:02:53.812+0000] {processor.py:927} WARNING - No viable dags retrieved from /opt/airflow/dags/reddit_pipeline/tasks/prediction.py
[2024-12-21T11:02:53.823+0000] {processor.py:208} INFO - Processing /opt/airflow/dags/reddit_pipeline/tasks/prediction.py took 0.029 seconds
[2024-12-21T11:03:24.354+0000] {processor.py:186} INFO - Started process (PID=6901) to work on /opt/airflow/dags/reddit_pipeline/tasks/prediction.py
[2024-12-21T11:03:24.355+0000] {processor.py:914} INFO - Processing file /opt/airflow/dags/reddit_pipeline/tasks/prediction.py for tasks to queue
[2024-12-21T11:03:24.357+0000] {logging_mixin.py:190} INFO - [2024-12-21T11:03:24.356+0000] {dagbag.py:588} INFO - Filling up the DagBag from /opt/airflow/dags/reddit_pipeline/tasks/prediction.py
[2024-12-21T11:03:24.367+0000] {processor.py:927} WARNING - No viable dags retrieved from /opt/airflow/dags/reddit_pipeline/tasks/prediction.py
[2024-12-21T11:03:24.381+0000] {processor.py:208} INFO - Processing /opt/airflow/dags/reddit_pipeline/tasks/prediction.py took 0.033 seconds
[2024-12-21T11:03:55.026+0000] {processor.py:186} INFO - Started process (PID=6964) to work on /opt/airflow/dags/reddit_pipeline/tasks/prediction.py
[2024-12-21T11:03:55.027+0000] {processor.py:914} INFO - Processing file /opt/airflow/dags/reddit_pipeline/tasks/prediction.py for tasks to queue
[2024-12-21T11:03:55.028+0000] {logging_mixin.py:190} INFO - [2024-12-21T11:03:55.028+0000] {dagbag.py:588} INFO - Filling up the DagBag from /opt/airflow/dags/reddit_pipeline/tasks/prediction.py
[2024-12-21T11:03:55.041+0000] {processor.py:927} WARNING - No viable dags retrieved from /opt/airflow/dags/reddit_pipeline/tasks/prediction.py
[2024-12-21T11:03:55.054+0000] {processor.py:208} INFO - Processing /opt/airflow/dags/reddit_pipeline/tasks/prediction.py took 0.034 seconds
[2024-12-21T11:04:25.438+0000] {processor.py:186} INFO - Started process (PID=7027) to work on /opt/airflow/dags/reddit_pipeline/tasks/prediction.py
[2024-12-21T11:04:25.438+0000] {processor.py:914} INFO - Processing file /opt/airflow/dags/reddit_pipeline/tasks/prediction.py for tasks to queue
[2024-12-21T11:04:25.440+0000] {logging_mixin.py:190} INFO - [2024-12-21T11:04:25.439+0000] {dagbag.py:588} INFO - Filling up the DagBag from /opt/airflow/dags/reddit_pipeline/tasks/prediction.py
[2024-12-21T11:04:25.450+0000] {processor.py:927} WARNING - No viable dags retrieved from /opt/airflow/dags/reddit_pipeline/tasks/prediction.py
[2024-12-21T11:04:25.462+0000] {processor.py:208} INFO - Processing /opt/airflow/dags/reddit_pipeline/tasks/prediction.py took 0.030 seconds
[2024-12-21T11:04:55.996+0000] {processor.py:186} INFO - Started process (PID=7087) to work on /opt/airflow/dags/reddit_pipeline/tasks/prediction.py
[2024-12-21T11:04:55.997+0000] {processor.py:914} INFO - Processing file /opt/airflow/dags/reddit_pipeline/tasks/prediction.py for tasks to queue
[2024-12-21T11:04:55.998+0000] {logging_mixin.py:190} INFO - [2024-12-21T11:04:55.998+0000] {dagbag.py:588} INFO - Filling up the DagBag from /opt/airflow/dags/reddit_pipeline/tasks/prediction.py
[2024-12-21T11:04:56.010+0000] {processor.py:927} WARNING - No viable dags retrieved from /opt/airflow/dags/reddit_pipeline/tasks/prediction.py
[2024-12-21T11:04:56.024+0000] {processor.py:208} INFO - Processing /opt/airflow/dags/reddit_pipeline/tasks/prediction.py took 0.034 seconds
[2024-12-21T11:05:26.578+0000] {processor.py:186} INFO - Started process (PID=7152) to work on /opt/airflow/dags/reddit_pipeline/tasks/prediction.py
[2024-12-21T11:05:26.579+0000] {processor.py:914} INFO - Processing file /opt/airflow/dags/reddit_pipeline/tasks/prediction.py for tasks to queue
[2024-12-21T11:05:26.581+0000] {logging_mixin.py:190} INFO - [2024-12-21T11:05:26.580+0000] {dagbag.py:588} INFO - Filling up the DagBag from /opt/airflow/dags/reddit_pipeline/tasks/prediction.py
[2024-12-21T11:05:26.591+0000] {processor.py:927} WARNING - No viable dags retrieved from /opt/airflow/dags/reddit_pipeline/tasks/prediction.py
[2024-12-21T11:05:26.604+0000] {processor.py:208} INFO - Processing /opt/airflow/dags/reddit_pipeline/tasks/prediction.py took 0.033 seconds
[2024-12-21T11:05:56.730+0000] {processor.py:186} INFO - Started process (PID=7216) to work on /opt/airflow/dags/reddit_pipeline/tasks/prediction.py
[2024-12-21T11:05:56.731+0000] {processor.py:914} INFO - Processing file /opt/airflow/dags/reddit_pipeline/tasks/prediction.py for tasks to queue
[2024-12-21T11:05:56.732+0000] {logging_mixin.py:190} INFO - [2024-12-21T11:05:56.732+0000] {dagbag.py:588} INFO - Filling up the DagBag from /opt/airflow/dags/reddit_pipeline/tasks/prediction.py
[2024-12-21T11:05:56.747+0000] {processor.py:927} WARNING - No viable dags retrieved from /opt/airflow/dags/reddit_pipeline/tasks/prediction.py
[2024-12-21T11:05:56.769+0000] {processor.py:208} INFO - Processing /opt/airflow/dags/reddit_pipeline/tasks/prediction.py took 0.045 seconds
[2024-12-21T11:06:27.381+0000] {processor.py:186} INFO - Started process (PID=7284) to work on /opt/airflow/dags/reddit_pipeline/tasks/prediction.py
[2024-12-21T11:06:27.382+0000] {processor.py:914} INFO - Processing file /opt/airflow/dags/reddit_pipeline/tasks/prediction.py for tasks to queue
[2024-12-21T11:06:27.383+0000] {logging_mixin.py:190} INFO - [2024-12-21T11:06:27.383+0000] {dagbag.py:588} INFO - Filling up the DagBag from /opt/airflow/dags/reddit_pipeline/tasks/prediction.py
[2024-12-21T11:06:27.394+0000] {processor.py:927} WARNING - No viable dags retrieved from /opt/airflow/dags/reddit_pipeline/tasks/prediction.py
[2024-12-21T11:06:27.407+0000] {processor.py:208} INFO - Processing /opt/airflow/dags/reddit_pipeline/tasks/prediction.py took 0.032 seconds
[2024-12-21T11:06:58.070+0000] {processor.py:186} INFO - Started process (PID=7352) to work on /opt/airflow/dags/reddit_pipeline/tasks/prediction.py
[2024-12-21T11:06:58.071+0000] {processor.py:914} INFO - Processing file /opt/airflow/dags/reddit_pipeline/tasks/prediction.py for tasks to queue
[2024-12-21T11:06:58.072+0000] {logging_mixin.py:190} INFO - [2024-12-21T11:06:58.072+0000] {dagbag.py:588} INFO - Filling up the DagBag from /opt/airflow/dags/reddit_pipeline/tasks/prediction.py
[2024-12-21T11:06:58.082+0000] {processor.py:927} WARNING - No viable dags retrieved from /opt/airflow/dags/reddit_pipeline/tasks/prediction.py
[2024-12-21T11:06:58.094+0000] {processor.py:208} INFO - Processing /opt/airflow/dags/reddit_pipeline/tasks/prediction.py took 0.030 seconds
[2024-12-21T11:07:28.362+0000] {processor.py:186} INFO - Started process (PID=7420) to work on /opt/airflow/dags/reddit_pipeline/tasks/prediction.py
[2024-12-21T11:07:28.363+0000] {processor.py:914} INFO - Processing file /opt/airflow/dags/reddit_pipeline/tasks/prediction.py for tasks to queue
[2024-12-21T11:07:28.365+0000] {logging_mixin.py:190} INFO - [2024-12-21T11:07:28.364+0000] {dagbag.py:588} INFO - Filling up the DagBag from /opt/airflow/dags/reddit_pipeline/tasks/prediction.py
[2024-12-21T11:07:28.374+0000] {processor.py:927} WARNING - No viable dags retrieved from /opt/airflow/dags/reddit_pipeline/tasks/prediction.py
[2024-12-21T11:07:28.386+0000] {processor.py:208} INFO - Processing /opt/airflow/dags/reddit_pipeline/tasks/prediction.py took 0.031 seconds
[2024-12-21T11:07:58.930+0000] {processor.py:186} INFO - Started process (PID=7488) to work on /opt/airflow/dags/reddit_pipeline/tasks/prediction.py
[2024-12-21T11:07:58.932+0000] {processor.py:914} INFO - Processing file /opt/airflow/dags/reddit_pipeline/tasks/prediction.py for tasks to queue
[2024-12-21T11:07:58.933+0000] {logging_mixin.py:190} INFO - [2024-12-21T11:07:58.933+0000] {dagbag.py:588} INFO - Filling up the DagBag from /opt/airflow/dags/reddit_pipeline/tasks/prediction.py
[2024-12-21T11:07:58.944+0000] {processor.py:927} WARNING - No viable dags retrieved from /opt/airflow/dags/reddit_pipeline/tasks/prediction.py
[2024-12-21T11:07:58.959+0000] {processor.py:208} INFO - Processing /opt/airflow/dags/reddit_pipeline/tasks/prediction.py took 0.035 seconds
[2024-12-21T11:08:29.146+0000] {processor.py:186} INFO - Started process (PID=7555) to work on /opt/airflow/dags/reddit_pipeline/tasks/prediction.py
[2024-12-21T11:08:29.147+0000] {processor.py:914} INFO - Processing file /opt/airflow/dags/reddit_pipeline/tasks/prediction.py for tasks to queue
[2024-12-21T11:08:29.148+0000] {logging_mixin.py:190} INFO - [2024-12-21T11:08:29.148+0000] {dagbag.py:588} INFO - Filling up the DagBag from /opt/airflow/dags/reddit_pipeline/tasks/prediction.py
[2024-12-21T11:08:29.159+0000] {processor.py:927} WARNING - No viable dags retrieved from /opt/airflow/dags/reddit_pipeline/tasks/prediction.py
[2024-12-21T11:08:29.173+0000] {processor.py:208} INFO - Processing /opt/airflow/dags/reddit_pipeline/tasks/prediction.py took 0.034 seconds
[2024-12-21T11:08:59.511+0000] {processor.py:186} INFO - Started process (PID=7623) to work on /opt/airflow/dags/reddit_pipeline/tasks/prediction.py
[2024-12-21T11:08:59.512+0000] {processor.py:914} INFO - Processing file /opt/airflow/dags/reddit_pipeline/tasks/prediction.py for tasks to queue
[2024-12-21T11:08:59.513+0000] {logging_mixin.py:190} INFO - [2024-12-21T11:08:59.513+0000] {dagbag.py:588} INFO - Filling up the DagBag from /opt/airflow/dags/reddit_pipeline/tasks/prediction.py
[2024-12-21T11:08:59.529+0000] {processor.py:927} WARNING - No viable dags retrieved from /opt/airflow/dags/reddit_pipeline/tasks/prediction.py
[2024-12-21T11:08:59.543+0000] {processor.py:208} INFO - Processing /opt/airflow/dags/reddit_pipeline/tasks/prediction.py took 0.038 seconds
[2024-12-21T11:09:30.058+0000] {processor.py:186} INFO - Started process (PID=7691) to work on /opt/airflow/dags/reddit_pipeline/tasks/prediction.py
[2024-12-21T11:09:30.059+0000] {processor.py:914} INFO - Processing file /opt/airflow/dags/reddit_pipeline/tasks/prediction.py for tasks to queue
[2024-12-21T11:09:30.060+0000] {logging_mixin.py:190} INFO - [2024-12-21T11:09:30.060+0000] {dagbag.py:588} INFO - Filling up the DagBag from /opt/airflow/dags/reddit_pipeline/tasks/prediction.py
[2024-12-21T11:09:30.071+0000] {processor.py:927} WARNING - No viable dags retrieved from /opt/airflow/dags/reddit_pipeline/tasks/prediction.py
[2024-12-21T11:09:30.084+0000] {processor.py:208} INFO - Processing /opt/airflow/dags/reddit_pipeline/tasks/prediction.py took 0.034 seconds
[2024-12-21T11:10:00.561+0000] {processor.py:186} INFO - Started process (PID=7759) to work on /opt/airflow/dags/reddit_pipeline/tasks/prediction.py
[2024-12-21T11:10:00.562+0000] {processor.py:914} INFO - Processing file /opt/airflow/dags/reddit_pipeline/tasks/prediction.py for tasks to queue
[2024-12-21T11:10:00.563+0000] {logging_mixin.py:190} INFO - [2024-12-21T11:10:00.563+0000] {dagbag.py:588} INFO - Filling up the DagBag from /opt/airflow/dags/reddit_pipeline/tasks/prediction.py
[2024-12-21T11:10:00.572+0000] {processor.py:927} WARNING - No viable dags retrieved from /opt/airflow/dags/reddit_pipeline/tasks/prediction.py
[2024-12-21T11:10:00.585+0000] {processor.py:208} INFO - Processing /opt/airflow/dags/reddit_pipeline/tasks/prediction.py took 0.030 seconds
[2024-12-21T11:10:30.943+0000] {processor.py:186} INFO - Started process (PID=7827) to work on /opt/airflow/dags/reddit_pipeline/tasks/prediction.py
[2024-12-21T11:10:30.944+0000] {processor.py:914} INFO - Processing file /opt/airflow/dags/reddit_pipeline/tasks/prediction.py for tasks to queue
[2024-12-21T11:10:30.945+0000] {logging_mixin.py:190} INFO - [2024-12-21T11:10:30.945+0000] {dagbag.py:588} INFO - Filling up the DagBag from /opt/airflow/dags/reddit_pipeline/tasks/prediction.py
[2024-12-21T11:10:30.956+0000] {processor.py:927} WARNING - No viable dags retrieved from /opt/airflow/dags/reddit_pipeline/tasks/prediction.py
[2024-12-21T11:10:30.969+0000] {processor.py:208} INFO - Processing /opt/airflow/dags/reddit_pipeline/tasks/prediction.py took 0.031 seconds
[2024-12-21T11:11:01.242+0000] {processor.py:186} INFO - Started process (PID=7895) to work on /opt/airflow/dags/reddit_pipeline/tasks/prediction.py
[2024-12-21T11:11:01.243+0000] {processor.py:914} INFO - Processing file /opt/airflow/dags/reddit_pipeline/tasks/prediction.py for tasks to queue
[2024-12-21T11:11:01.245+0000] {logging_mixin.py:190} INFO - [2024-12-21T11:11:01.244+0000] {dagbag.py:588} INFO - Filling up the DagBag from /opt/airflow/dags/reddit_pipeline/tasks/prediction.py
[2024-12-21T11:11:01.256+0000] {processor.py:927} WARNING - No viable dags retrieved from /opt/airflow/dags/reddit_pipeline/tasks/prediction.py
[2024-12-21T11:11:01.269+0000] {processor.py:208} INFO - Processing /opt/airflow/dags/reddit_pipeline/tasks/prediction.py took 0.033 seconds
[2024-12-21T11:11:31.790+0000] {processor.py:186} INFO - Started process (PID=7964) to work on /opt/airflow/dags/reddit_pipeline/tasks/prediction.py
[2024-12-21T11:11:31.793+0000] {processor.py:914} INFO - Processing file /opt/airflow/dags/reddit_pipeline/tasks/prediction.py for tasks to queue
[2024-12-21T11:11:31.795+0000] {logging_mixin.py:190} INFO - [2024-12-21T11:11:31.794+0000] {dagbag.py:588} INFO - Filling up the DagBag from /opt/airflow/dags/reddit_pipeline/tasks/prediction.py
[2024-12-21T11:11:31.806+0000] {processor.py:927} WARNING - No viable dags retrieved from /opt/airflow/dags/reddit_pipeline/tasks/prediction.py
[2024-12-21T11:11:31.821+0000] {processor.py:208} INFO - Processing /opt/airflow/dags/reddit_pipeline/tasks/prediction.py took 0.037 seconds
[2024-12-21T11:12:02.092+0000] {processor.py:186} INFO - Started process (PID=8032) to work on /opt/airflow/dags/reddit_pipeline/tasks/prediction.py
[2024-12-21T11:12:02.093+0000] {processor.py:914} INFO - Processing file /opt/airflow/dags/reddit_pipeline/tasks/prediction.py for tasks to queue
[2024-12-21T11:12:02.095+0000] {logging_mixin.py:190} INFO - [2024-12-21T11:12:02.094+0000] {dagbag.py:588} INFO - Filling up the DagBag from /opt/airflow/dags/reddit_pipeline/tasks/prediction.py
[2024-12-21T11:12:02.108+0000] {processor.py:927} WARNING - No viable dags retrieved from /opt/airflow/dags/reddit_pipeline/tasks/prediction.py
[2024-12-21T11:12:02.123+0000] {processor.py:208} INFO - Processing /opt/airflow/dags/reddit_pipeline/tasks/prediction.py took 0.040 seconds
[2024-12-21T11:12:32.371+0000] {processor.py:186} INFO - Started process (PID=8100) to work on /opt/airflow/dags/reddit_pipeline/tasks/prediction.py
[2024-12-21T11:12:32.372+0000] {processor.py:914} INFO - Processing file /opt/airflow/dags/reddit_pipeline/tasks/prediction.py for tasks to queue
[2024-12-21T11:12:32.374+0000] {logging_mixin.py:190} INFO - [2024-12-21T11:12:32.373+0000] {dagbag.py:588} INFO - Filling up the DagBag from /opt/airflow/dags/reddit_pipeline/tasks/prediction.py
[2024-12-21T11:12:32.389+0000] {processor.py:927} WARNING - No viable dags retrieved from /opt/airflow/dags/reddit_pipeline/tasks/prediction.py
[2024-12-21T11:12:32.405+0000] {processor.py:208} INFO - Processing /opt/airflow/dags/reddit_pipeline/tasks/prediction.py took 0.041 seconds
[2024-12-21T11:13:03.218+0000] {processor.py:186} INFO - Started process (PID=8167) to work on /opt/airflow/dags/reddit_pipeline/tasks/prediction.py
[2024-12-21T11:13:03.219+0000] {processor.py:914} INFO - Processing file /opt/airflow/dags/reddit_pipeline/tasks/prediction.py for tasks to queue
[2024-12-21T11:13:03.220+0000] {logging_mixin.py:190} INFO - [2024-12-21T11:13:03.220+0000] {dagbag.py:588} INFO - Filling up the DagBag from /opt/airflow/dags/reddit_pipeline/tasks/prediction.py
[2024-12-21T11:13:03.232+0000] {processor.py:927} WARNING - No viable dags retrieved from /opt/airflow/dags/reddit_pipeline/tasks/prediction.py
[2024-12-21T11:13:03.245+0000] {processor.py:208} INFO - Processing /opt/airflow/dags/reddit_pipeline/tasks/prediction.py took 0.034 seconds
[2024-12-21T11:13:33.536+0000] {processor.py:186} INFO - Started process (PID=8235) to work on /opt/airflow/dags/reddit_pipeline/tasks/prediction.py
[2024-12-21T11:13:33.537+0000] {processor.py:914} INFO - Processing file /opt/airflow/dags/reddit_pipeline/tasks/prediction.py for tasks to queue
[2024-12-21T11:13:33.538+0000] {logging_mixin.py:190} INFO - [2024-12-21T11:13:33.538+0000] {dagbag.py:588} INFO - Filling up the DagBag from /opt/airflow/dags/reddit_pipeline/tasks/prediction.py
[2024-12-21T11:13:33.549+0000] {processor.py:927} WARNING - No viable dags retrieved from /opt/airflow/dags/reddit_pipeline/tasks/prediction.py
[2024-12-21T11:13:33.562+0000] {processor.py:208} INFO - Processing /opt/airflow/dags/reddit_pipeline/tasks/prediction.py took 0.033 seconds
[2024-12-21T11:14:03.909+0000] {processor.py:186} INFO - Started process (PID=8303) to work on /opt/airflow/dags/reddit_pipeline/tasks/prediction.py
[2024-12-21T11:14:03.910+0000] {processor.py:914} INFO - Processing file /opt/airflow/dags/reddit_pipeline/tasks/prediction.py for tasks to queue
[2024-12-21T11:14:03.911+0000] {logging_mixin.py:190} INFO - [2024-12-21T11:14:03.911+0000] {dagbag.py:588} INFO - Filling up the DagBag from /opt/airflow/dags/reddit_pipeline/tasks/prediction.py
[2024-12-21T11:14:03.922+0000] {processor.py:927} WARNING - No viable dags retrieved from /opt/airflow/dags/reddit_pipeline/tasks/prediction.py
[2024-12-21T11:14:03.935+0000] {processor.py:208} INFO - Processing /opt/airflow/dags/reddit_pipeline/tasks/prediction.py took 0.033 seconds
[2024-12-21T11:14:34.163+0000] {processor.py:186} INFO - Started process (PID=8371) to work on /opt/airflow/dags/reddit_pipeline/tasks/prediction.py
[2024-12-21T11:14:34.164+0000] {processor.py:914} INFO - Processing file /opt/airflow/dags/reddit_pipeline/tasks/prediction.py for tasks to queue
[2024-12-21T11:14:34.165+0000] {logging_mixin.py:190} INFO - [2024-12-21T11:14:34.165+0000] {dagbag.py:588} INFO - Filling up the DagBag from /opt/airflow/dags/reddit_pipeline/tasks/prediction.py
[2024-12-21T11:14:34.176+0000] {processor.py:927} WARNING - No viable dags retrieved from /opt/airflow/dags/reddit_pipeline/tasks/prediction.py
[2024-12-21T11:14:34.189+0000] {processor.py:208} INFO - Processing /opt/airflow/dags/reddit_pipeline/tasks/prediction.py took 0.031 seconds
[2024-12-21T11:15:04.749+0000] {processor.py:186} INFO - Started process (PID=8439) to work on /opt/airflow/dags/reddit_pipeline/tasks/prediction.py
[2024-12-21T11:15:04.750+0000] {processor.py:914} INFO - Processing file /opt/airflow/dags/reddit_pipeline/tasks/prediction.py for tasks to queue
[2024-12-21T11:15:04.751+0000] {logging_mixin.py:190} INFO - [2024-12-21T11:15:04.751+0000] {dagbag.py:588} INFO - Filling up the DagBag from /opt/airflow/dags/reddit_pipeline/tasks/prediction.py
[2024-12-21T11:15:04.765+0000] {processor.py:927} WARNING - No viable dags retrieved from /opt/airflow/dags/reddit_pipeline/tasks/prediction.py
[2024-12-21T11:15:04.781+0000] {processor.py:208} INFO - Processing /opt/airflow/dags/reddit_pipeline/tasks/prediction.py took 0.039 seconds
[2024-12-21T11:15:35.034+0000] {processor.py:186} INFO - Started process (PID=8507) to work on /opt/airflow/dags/reddit_pipeline/tasks/prediction.py
[2024-12-21T11:15:35.036+0000] {processor.py:914} INFO - Processing file /opt/airflow/dags/reddit_pipeline/tasks/prediction.py for tasks to queue
[2024-12-21T11:15:35.037+0000] {logging_mixin.py:190} INFO - [2024-12-21T11:15:35.037+0000] {dagbag.py:588} INFO - Filling up the DagBag from /opt/airflow/dags/reddit_pipeline/tasks/prediction.py
[2024-12-21T11:15:35.058+0000] {processor.py:927} WARNING - No viable dags retrieved from /opt/airflow/dags/reddit_pipeline/tasks/prediction.py
[2024-12-21T11:15:35.081+0000] {processor.py:208} INFO - Processing /opt/airflow/dags/reddit_pipeline/tasks/prediction.py took 0.057 seconds
[2024-12-21T11:16:05.161+0000] {processor.py:186} INFO - Started process (PID=8575) to work on /opt/airflow/dags/reddit_pipeline/tasks/prediction.py
[2024-12-21T11:16:05.162+0000] {processor.py:914} INFO - Processing file /opt/airflow/dags/reddit_pipeline/tasks/prediction.py for tasks to queue
[2024-12-21T11:16:05.164+0000] {logging_mixin.py:190} INFO - [2024-12-21T11:16:05.163+0000] {dagbag.py:588} INFO - Filling up the DagBag from /opt/airflow/dags/reddit_pipeline/tasks/prediction.py
[2024-12-21T11:16:05.176+0000] {processor.py:927} WARNING - No viable dags retrieved from /opt/airflow/dags/reddit_pipeline/tasks/prediction.py
[2024-12-21T11:16:05.188+0000] {processor.py:208} INFO - Processing /opt/airflow/dags/reddit_pipeline/tasks/prediction.py took 0.035 seconds
[2024-12-21T11:16:35.374+0000] {processor.py:186} INFO - Started process (PID=8644) to work on /opt/airflow/dags/reddit_pipeline/tasks/prediction.py
[2024-12-21T11:16:35.375+0000] {processor.py:914} INFO - Processing file /opt/airflow/dags/reddit_pipeline/tasks/prediction.py for tasks to queue
[2024-12-21T11:16:35.377+0000] {logging_mixin.py:190} INFO - [2024-12-21T11:16:35.377+0000] {dagbag.py:588} INFO - Filling up the DagBag from /opt/airflow/dags/reddit_pipeline/tasks/prediction.py
[2024-12-21T11:16:35.395+0000] {processor.py:927} WARNING - No viable dags retrieved from /opt/airflow/dags/reddit_pipeline/tasks/prediction.py
[2024-12-21T11:16:35.413+0000] {processor.py:208} INFO - Processing /opt/airflow/dags/reddit_pipeline/tasks/prediction.py took 0.047 seconds
[2024-12-21T11:17:05.865+0000] {processor.py:186} INFO - Started process (PID=8712) to work on /opt/airflow/dags/reddit_pipeline/tasks/prediction.py
[2024-12-21T11:17:05.866+0000] {processor.py:914} INFO - Processing file /opt/airflow/dags/reddit_pipeline/tasks/prediction.py for tasks to queue
[2024-12-21T11:17:05.867+0000] {logging_mixin.py:190} INFO - [2024-12-21T11:17:05.866+0000] {dagbag.py:588} INFO - Filling up the DagBag from /opt/airflow/dags/reddit_pipeline/tasks/prediction.py
[2024-12-21T11:17:05.879+0000] {processor.py:927} WARNING - No viable dags retrieved from /opt/airflow/dags/reddit_pipeline/tasks/prediction.py
[2024-12-21T11:17:05.892+0000] {processor.py:208} INFO - Processing /opt/airflow/dags/reddit_pipeline/tasks/prediction.py took 0.033 seconds
[2024-12-21T11:17:36.713+0000] {processor.py:186} INFO - Started process (PID=8780) to work on /opt/airflow/dags/reddit_pipeline/tasks/prediction.py
[2024-12-21T11:17:36.714+0000] {processor.py:914} INFO - Processing file /opt/airflow/dags/reddit_pipeline/tasks/prediction.py for tasks to queue
[2024-12-21T11:17:36.716+0000] {logging_mixin.py:190} INFO - [2024-12-21T11:17:36.715+0000] {dagbag.py:588} INFO - Filling up the DagBag from /opt/airflow/dags/reddit_pipeline/tasks/prediction.py
[2024-12-21T11:17:36.729+0000] {processor.py:927} WARNING - No viable dags retrieved from /opt/airflow/dags/reddit_pipeline/tasks/prediction.py
[2024-12-21T11:17:36.743+0000] {processor.py:208} INFO - Processing /opt/airflow/dags/reddit_pipeline/tasks/prediction.py took 0.037 seconds
[2024-12-21T11:18:07.532+0000] {processor.py:186} INFO - Started process (PID=8848) to work on /opt/airflow/dags/reddit_pipeline/tasks/prediction.py
[2024-12-21T11:18:07.533+0000] {processor.py:914} INFO - Processing file /opt/airflow/dags/reddit_pipeline/tasks/prediction.py for tasks to queue
[2024-12-21T11:18:07.534+0000] {logging_mixin.py:190} INFO - [2024-12-21T11:18:07.534+0000] {dagbag.py:588} INFO - Filling up the DagBag from /opt/airflow/dags/reddit_pipeline/tasks/prediction.py
[2024-12-21T11:18:07.544+0000] {processor.py:927} WARNING - No viable dags retrieved from /opt/airflow/dags/reddit_pipeline/tasks/prediction.py
[2024-12-21T11:18:07.559+0000] {processor.py:208} INFO - Processing /opt/airflow/dags/reddit_pipeline/tasks/prediction.py took 0.036 seconds
[2024-12-21T11:18:38.520+0000] {processor.py:186} INFO - Started process (PID=8916) to work on /opt/airflow/dags/reddit_pipeline/tasks/prediction.py
[2024-12-21T11:18:38.521+0000] {processor.py:914} INFO - Processing file /opt/airflow/dags/reddit_pipeline/tasks/prediction.py for tasks to queue
[2024-12-21T11:18:38.523+0000] {logging_mixin.py:190} INFO - [2024-12-21T11:18:38.523+0000] {dagbag.py:588} INFO - Filling up the DagBag from /opt/airflow/dags/reddit_pipeline/tasks/prediction.py
[2024-12-21T11:18:38.540+0000] {processor.py:927} WARNING - No viable dags retrieved from /opt/airflow/dags/reddit_pipeline/tasks/prediction.py
[2024-12-21T11:18:38.564+0000] {processor.py:208} INFO - Processing /opt/airflow/dags/reddit_pipeline/tasks/prediction.py took 0.051 seconds
[2024-12-21T11:19:09.006+0000] {processor.py:186} INFO - Started process (PID=8984) to work on /opt/airflow/dags/reddit_pipeline/tasks/prediction.py
[2024-12-21T11:19:09.008+0000] {processor.py:914} INFO - Processing file /opt/airflow/dags/reddit_pipeline/tasks/prediction.py for tasks to queue
[2024-12-21T11:19:09.009+0000] {logging_mixin.py:190} INFO - [2024-12-21T11:19:09.009+0000] {dagbag.py:588} INFO - Filling up the DagBag from /opt/airflow/dags/reddit_pipeline/tasks/prediction.py
[2024-12-21T11:19:09.025+0000] {processor.py:927} WARNING - No viable dags retrieved from /opt/airflow/dags/reddit_pipeline/tasks/prediction.py
[2024-12-21T11:19:09.043+0000] {processor.py:208} INFO - Processing /opt/airflow/dags/reddit_pipeline/tasks/prediction.py took 0.043 seconds
[2024-12-21T11:19:39.910+0000] {processor.py:186} INFO - Started process (PID=9052) to work on /opt/airflow/dags/reddit_pipeline/tasks/prediction.py
[2024-12-21T11:19:39.911+0000] {processor.py:914} INFO - Processing file /opt/airflow/dags/reddit_pipeline/tasks/prediction.py for tasks to queue
[2024-12-21T11:19:39.913+0000] {logging_mixin.py:190} INFO - [2024-12-21T11:19:39.913+0000] {dagbag.py:588} INFO - Filling up the DagBag from /opt/airflow/dags/reddit_pipeline/tasks/prediction.py
[2024-12-21T11:19:39.923+0000] {processor.py:927} WARNING - No viable dags retrieved from /opt/airflow/dags/reddit_pipeline/tasks/prediction.py
[2024-12-21T11:19:39.935+0000] {processor.py:208} INFO - Processing /opt/airflow/dags/reddit_pipeline/tasks/prediction.py took 0.030 seconds
[2024-12-21T11:20:10.564+0000] {processor.py:186} INFO - Started process (PID=9120) to work on /opt/airflow/dags/reddit_pipeline/tasks/prediction.py
[2024-12-21T11:20:10.565+0000] {processor.py:914} INFO - Processing file /opt/airflow/dags/reddit_pipeline/tasks/prediction.py for tasks to queue
[2024-12-21T11:20:10.566+0000] {logging_mixin.py:190} INFO - [2024-12-21T11:20:10.566+0000] {dagbag.py:588} INFO - Filling up the DagBag from /opt/airflow/dags/reddit_pipeline/tasks/prediction.py
[2024-12-21T11:20:10.577+0000] {processor.py:927} WARNING - No viable dags retrieved from /opt/airflow/dags/reddit_pipeline/tasks/prediction.py
[2024-12-21T11:20:10.589+0000] {processor.py:208} INFO - Processing /opt/airflow/dags/reddit_pipeline/tasks/prediction.py took 0.031 seconds
[2024-12-21T11:20:41.424+0000] {processor.py:186} INFO - Started process (PID=9188) to work on /opt/airflow/dags/reddit_pipeline/tasks/prediction.py
[2024-12-21T11:20:41.425+0000] {processor.py:914} INFO - Processing file /opt/airflow/dags/reddit_pipeline/tasks/prediction.py for tasks to queue
[2024-12-21T11:20:41.427+0000] {logging_mixin.py:190} INFO - [2024-12-21T11:20:41.426+0000] {dagbag.py:588} INFO - Filling up the DagBag from /opt/airflow/dags/reddit_pipeline/tasks/prediction.py
[2024-12-21T11:20:41.440+0000] {processor.py:927} WARNING - No viable dags retrieved from /opt/airflow/dags/reddit_pipeline/tasks/prediction.py
[2024-12-21T11:20:41.457+0000] {processor.py:208} INFO - Processing /opt/airflow/dags/reddit_pipeline/tasks/prediction.py took 0.038 seconds
[2024-12-21T11:21:12.023+0000] {processor.py:186} INFO - Started process (PID=9256) to work on /opt/airflow/dags/reddit_pipeline/tasks/prediction.py
[2024-12-21T11:21:12.024+0000] {processor.py:914} INFO - Processing file /opt/airflow/dags/reddit_pipeline/tasks/prediction.py for tasks to queue
[2024-12-21T11:21:12.025+0000] {logging_mixin.py:190} INFO - [2024-12-21T11:21:12.025+0000] {dagbag.py:588} INFO - Filling up the DagBag from /opt/airflow/dags/reddit_pipeline/tasks/prediction.py
[2024-12-21T11:21:12.035+0000] {processor.py:927} WARNING - No viable dags retrieved from /opt/airflow/dags/reddit_pipeline/tasks/prediction.py
[2024-12-21T11:21:12.050+0000] {processor.py:208} INFO - Processing /opt/airflow/dags/reddit_pipeline/tasks/prediction.py took 0.034 seconds
[2024-12-21T11:21:42.455+0000] {processor.py:186} INFO - Started process (PID=9324) to work on /opt/airflow/dags/reddit_pipeline/tasks/prediction.py
[2024-12-21T11:21:42.456+0000] {processor.py:914} INFO - Processing file /opt/airflow/dags/reddit_pipeline/tasks/prediction.py for tasks to queue
[2024-12-21T11:21:42.457+0000] {logging_mixin.py:190} INFO - [2024-12-21T11:21:42.457+0000] {dagbag.py:588} INFO - Filling up the DagBag from /opt/airflow/dags/reddit_pipeline/tasks/prediction.py
[2024-12-21T11:21:42.468+0000] {processor.py:927} WARNING - No viable dags retrieved from /opt/airflow/dags/reddit_pipeline/tasks/prediction.py
[2024-12-21T11:21:42.480+0000] {processor.py:208} INFO - Processing /opt/airflow/dags/reddit_pipeline/tasks/prediction.py took 0.031 seconds
[2024-12-21T11:22:13.436+0000] {processor.py:186} INFO - Started process (PID=9392) to work on /opt/airflow/dags/reddit_pipeline/tasks/prediction.py
[2024-12-21T11:22:13.437+0000] {processor.py:914} INFO - Processing file /opt/airflow/dags/reddit_pipeline/tasks/prediction.py for tasks to queue
[2024-12-21T11:22:13.439+0000] {logging_mixin.py:190} INFO - [2024-12-21T11:22:13.438+0000] {dagbag.py:588} INFO - Filling up the DagBag from /opt/airflow/dags/reddit_pipeline/tasks/prediction.py
[2024-12-21T11:22:13.451+0000] {processor.py:927} WARNING - No viable dags retrieved from /opt/airflow/dags/reddit_pipeline/tasks/prediction.py
[2024-12-21T11:22:13.463+0000] {processor.py:208} INFO - Processing /opt/airflow/dags/reddit_pipeline/tasks/prediction.py took 0.034 seconds
[2024-12-21T11:22:43.844+0000] {processor.py:186} INFO - Started process (PID=9460) to work on /opt/airflow/dags/reddit_pipeline/tasks/prediction.py
[2024-12-21T11:22:43.845+0000] {processor.py:914} INFO - Processing file /opt/airflow/dags/reddit_pipeline/tasks/prediction.py for tasks to queue
[2024-12-21T11:22:43.846+0000] {logging_mixin.py:190} INFO - [2024-12-21T11:22:43.846+0000] {dagbag.py:588} INFO - Filling up the DagBag from /opt/airflow/dags/reddit_pipeline/tasks/prediction.py
[2024-12-21T11:22:43.856+0000] {processor.py:927} WARNING - No viable dags retrieved from /opt/airflow/dags/reddit_pipeline/tasks/prediction.py
[2024-12-21T11:22:43.869+0000] {processor.py:208} INFO - Processing /opt/airflow/dags/reddit_pipeline/tasks/prediction.py took 0.030 seconds
[2024-12-21T11:23:14.144+0000] {processor.py:186} INFO - Started process (PID=9534) to work on /opt/airflow/dags/reddit_pipeline/tasks/prediction.py
[2024-12-21T11:23:14.145+0000] {processor.py:914} INFO - Processing file /opt/airflow/dags/reddit_pipeline/tasks/prediction.py for tasks to queue
[2024-12-21T11:23:14.146+0000] {logging_mixin.py:190} INFO - [2024-12-21T11:23:14.146+0000] {dagbag.py:588} INFO - Filling up the DagBag from /opt/airflow/dags/reddit_pipeline/tasks/prediction.py
[2024-12-21T11:23:14.156+0000] {processor.py:927} WARNING - No viable dags retrieved from /opt/airflow/dags/reddit_pipeline/tasks/prediction.py
[2024-12-21T11:23:14.169+0000] {processor.py:208} INFO - Processing /opt/airflow/dags/reddit_pipeline/tasks/prediction.py took 0.030 seconds
[2024-12-21T11:23:44.435+0000] {processor.py:186} INFO - Started process (PID=9602) to work on /opt/airflow/dags/reddit_pipeline/tasks/prediction.py
[2024-12-21T11:23:44.436+0000] {processor.py:914} INFO - Processing file /opt/airflow/dags/reddit_pipeline/tasks/prediction.py for tasks to queue
[2024-12-21T11:23:44.437+0000] {logging_mixin.py:190} INFO - [2024-12-21T11:23:44.437+0000] {dagbag.py:588} INFO - Filling up the DagBag from /opt/airflow/dags/reddit_pipeline/tasks/prediction.py
[2024-12-21T11:23:44.447+0000] {processor.py:927} WARNING - No viable dags retrieved from /opt/airflow/dags/reddit_pipeline/tasks/prediction.py
[2024-12-21T11:23:44.460+0000] {processor.py:208} INFO - Processing /opt/airflow/dags/reddit_pipeline/tasks/prediction.py took 0.032 seconds
[2024-12-21T11:24:15.462+0000] {processor.py:186} INFO - Started process (PID=9670) to work on /opt/airflow/dags/reddit_pipeline/tasks/prediction.py
[2024-12-21T11:24:15.464+0000] {processor.py:914} INFO - Processing file /opt/airflow/dags/reddit_pipeline/tasks/prediction.py for tasks to queue
[2024-12-21T11:24:15.467+0000] {logging_mixin.py:190} INFO - [2024-12-21T11:24:15.466+0000] {dagbag.py:588} INFO - Filling up the DagBag from /opt/airflow/dags/reddit_pipeline/tasks/prediction.py
[2024-12-21T11:24:15.478+0000] {processor.py:927} WARNING - No viable dags retrieved from /opt/airflow/dags/reddit_pipeline/tasks/prediction.py
[2024-12-21T11:24:15.490+0000] {processor.py:208} INFO - Processing /opt/airflow/dags/reddit_pipeline/tasks/prediction.py took 0.034 seconds
[2024-12-21T11:24:45.673+0000] {processor.py:186} INFO - Started process (PID=9738) to work on /opt/airflow/dags/reddit_pipeline/tasks/prediction.py
[2024-12-21T11:24:45.674+0000] {processor.py:914} INFO - Processing file /opt/airflow/dags/reddit_pipeline/tasks/prediction.py for tasks to queue
[2024-12-21T11:24:45.675+0000] {logging_mixin.py:190} INFO - [2024-12-21T11:24:45.675+0000] {dagbag.py:588} INFO - Filling up the DagBag from /opt/airflow/dags/reddit_pipeline/tasks/prediction.py
[2024-12-21T11:24:45.687+0000] {processor.py:927} WARNING - No viable dags retrieved from /opt/airflow/dags/reddit_pipeline/tasks/prediction.py
[2024-12-21T11:24:45.700+0000] {processor.py:208} INFO - Processing /opt/airflow/dags/reddit_pipeline/tasks/prediction.py took 0.033 seconds
[2024-12-21T11:25:16.053+0000] {processor.py:186} INFO - Started process (PID=9806) to work on /opt/airflow/dags/reddit_pipeline/tasks/prediction.py
[2024-12-21T11:25:16.054+0000] {processor.py:914} INFO - Processing file /opt/airflow/dags/reddit_pipeline/tasks/prediction.py for tasks to queue
[2024-12-21T11:25:16.055+0000] {logging_mixin.py:190} INFO - [2024-12-21T11:25:16.055+0000] {dagbag.py:588} INFO - Filling up the DagBag from /opt/airflow/dags/reddit_pipeline/tasks/prediction.py
[2024-12-21T11:25:16.066+0000] {processor.py:927} WARNING - No viable dags retrieved from /opt/airflow/dags/reddit_pipeline/tasks/prediction.py
[2024-12-21T11:25:16.079+0000] {processor.py:208} INFO - Processing /opt/airflow/dags/reddit_pipeline/tasks/prediction.py took 0.033 seconds
[2024-12-21T11:25:46.805+0000] {processor.py:186} INFO - Started process (PID=9874) to work on /opt/airflow/dags/reddit_pipeline/tasks/prediction.py
[2024-12-21T11:25:46.806+0000] {processor.py:914} INFO - Processing file /opt/airflow/dags/reddit_pipeline/tasks/prediction.py for tasks to queue
[2024-12-21T11:25:46.808+0000] {logging_mixin.py:190} INFO - [2024-12-21T11:25:46.807+0000] {dagbag.py:588} INFO - Filling up the DagBag from /opt/airflow/dags/reddit_pipeline/tasks/prediction.py
[2024-12-21T11:25:46.822+0000] {processor.py:927} WARNING - No viable dags retrieved from /opt/airflow/dags/reddit_pipeline/tasks/prediction.py
[2024-12-21T11:25:46.838+0000] {processor.py:208} INFO - Processing /opt/airflow/dags/reddit_pipeline/tasks/prediction.py took 0.044 seconds
[2024-12-21T11:26:16.932+0000] {processor.py:186} INFO - Started process (PID=9942) to work on /opt/airflow/dags/reddit_pipeline/tasks/prediction.py
[2024-12-21T11:26:16.933+0000] {processor.py:914} INFO - Processing file /opt/airflow/dags/reddit_pipeline/tasks/prediction.py for tasks to queue
[2024-12-21T11:26:16.935+0000] {logging_mixin.py:190} INFO - [2024-12-21T11:26:16.934+0000] {dagbag.py:588} INFO - Filling up the DagBag from /opt/airflow/dags/reddit_pipeline/tasks/prediction.py
[2024-12-21T11:26:16.947+0000] {processor.py:927} WARNING - No viable dags retrieved from /opt/airflow/dags/reddit_pipeline/tasks/prediction.py
[2024-12-21T11:26:16.958+0000] {processor.py:208} INFO - Processing /opt/airflow/dags/reddit_pipeline/tasks/prediction.py took 0.034 seconds
[2024-12-21T11:26:47.408+0000] {processor.py:186} INFO - Started process (PID=10010) to work on /opt/airflow/dags/reddit_pipeline/tasks/prediction.py
[2024-12-21T11:26:47.409+0000] {processor.py:914} INFO - Processing file /opt/airflow/dags/reddit_pipeline/tasks/prediction.py for tasks to queue
[2024-12-21T11:26:47.410+0000] {logging_mixin.py:190} INFO - [2024-12-21T11:26:47.410+0000] {dagbag.py:588} INFO - Filling up the DagBag from /opt/airflow/dags/reddit_pipeline/tasks/prediction.py
[2024-12-21T11:26:47.421+0000] {processor.py:927} WARNING - No viable dags retrieved from /opt/airflow/dags/reddit_pipeline/tasks/prediction.py
[2024-12-21T11:26:47.433+0000] {processor.py:208} INFO - Processing /opt/airflow/dags/reddit_pipeline/tasks/prediction.py took 0.031 seconds
[2024-12-21T11:27:17.630+0000] {processor.py:186} INFO - Started process (PID=10067) to work on /opt/airflow/dags/reddit_pipeline/tasks/prediction.py
[2024-12-21T11:27:17.631+0000] {processor.py:914} INFO - Processing file /opt/airflow/dags/reddit_pipeline/tasks/prediction.py for tasks to queue
[2024-12-21T11:27:17.633+0000] {logging_mixin.py:190} INFO - [2024-12-21T11:27:17.632+0000] {dagbag.py:588} INFO - Filling up the DagBag from /opt/airflow/dags/reddit_pipeline/tasks/prediction.py
[2024-12-21T11:27:17.647+0000] {processor.py:927} WARNING - No viable dags retrieved from /opt/airflow/dags/reddit_pipeline/tasks/prediction.py
[2024-12-21T11:27:17.661+0000] {processor.py:208} INFO - Processing /opt/airflow/dags/reddit_pipeline/tasks/prediction.py took 0.037 seconds
[2024-12-21T11:27:47.778+0000] {processor.py:186} INFO - Started process (PID=10127) to work on /opt/airflow/dags/reddit_pipeline/tasks/prediction.py
[2024-12-21T11:27:47.778+0000] {processor.py:914} INFO - Processing file /opt/airflow/dags/reddit_pipeline/tasks/prediction.py for tasks to queue
[2024-12-21T11:27:47.780+0000] {logging_mixin.py:190} INFO - [2024-12-21T11:27:47.779+0000] {dagbag.py:588} INFO - Filling up the DagBag from /opt/airflow/dags/reddit_pipeline/tasks/prediction.py
[2024-12-21T11:27:47.793+0000] {processor.py:927} WARNING - No viable dags retrieved from /opt/airflow/dags/reddit_pipeline/tasks/prediction.py
[2024-12-21T11:27:47.807+0000] {processor.py:208} INFO - Processing /opt/airflow/dags/reddit_pipeline/tasks/prediction.py took 0.036 seconds
[2024-12-21T11:28:18.190+0000] {processor.py:186} INFO - Started process (PID=10195) to work on /opt/airflow/dags/reddit_pipeline/tasks/prediction.py
[2024-12-21T11:28:18.191+0000] {processor.py:914} INFO - Processing file /opt/airflow/dags/reddit_pipeline/tasks/prediction.py for tasks to queue
[2024-12-21T11:28:18.192+0000] {logging_mixin.py:190} INFO - [2024-12-21T11:28:18.192+0000] {dagbag.py:588} INFO - Filling up the DagBag from /opt/airflow/dags/reddit_pipeline/tasks/prediction.py
[2024-12-21T11:28:18.205+0000] {processor.py:927} WARNING - No viable dags retrieved from /opt/airflow/dags/reddit_pipeline/tasks/prediction.py
[2024-12-21T11:28:18.218+0000] {processor.py:208} INFO - Processing /opt/airflow/dags/reddit_pipeline/tasks/prediction.py took 0.034 seconds
[2024-12-21T11:28:48.583+0000] {processor.py:186} INFO - Started process (PID=10263) to work on /opt/airflow/dags/reddit_pipeline/tasks/prediction.py
[2024-12-21T11:28:48.583+0000] {processor.py:914} INFO - Processing file /opt/airflow/dags/reddit_pipeline/tasks/prediction.py for tasks to queue
[2024-12-21T11:28:48.585+0000] {logging_mixin.py:190} INFO - [2024-12-21T11:28:48.584+0000] {dagbag.py:588} INFO - Filling up the DagBag from /opt/airflow/dags/reddit_pipeline/tasks/prediction.py
[2024-12-21T11:28:48.595+0000] {processor.py:927} WARNING - No viable dags retrieved from /opt/airflow/dags/reddit_pipeline/tasks/prediction.py
[2024-12-21T11:28:48.607+0000] {processor.py:208} INFO - Processing /opt/airflow/dags/reddit_pipeline/tasks/prediction.py took 0.029 seconds
[2024-12-21T11:29:19.100+0000] {processor.py:186} INFO - Started process (PID=10331) to work on /opt/airflow/dags/reddit_pipeline/tasks/prediction.py
[2024-12-21T11:29:19.101+0000] {processor.py:914} INFO - Processing file /opt/airflow/dags/reddit_pipeline/tasks/prediction.py for tasks to queue
[2024-12-21T11:29:19.104+0000] {logging_mixin.py:190} INFO - [2024-12-21T11:29:19.103+0000] {dagbag.py:588} INFO - Filling up the DagBag from /opt/airflow/dags/reddit_pipeline/tasks/prediction.py
[2024-12-21T11:29:19.120+0000] {processor.py:927} WARNING - No viable dags retrieved from /opt/airflow/dags/reddit_pipeline/tasks/prediction.py
[2024-12-21T11:29:19.138+0000] {processor.py:208} INFO - Processing /opt/airflow/dags/reddit_pipeline/tasks/prediction.py took 0.045 seconds
[2024-12-21T11:29:49.500+0000] {processor.py:186} INFO - Started process (PID=10399) to work on /opt/airflow/dags/reddit_pipeline/tasks/prediction.py
[2024-12-21T11:29:49.500+0000] {processor.py:914} INFO - Processing file /opt/airflow/dags/reddit_pipeline/tasks/prediction.py for tasks to queue
[2024-12-21T11:29:49.502+0000] {logging_mixin.py:190} INFO - [2024-12-21T11:29:49.502+0000] {dagbag.py:588} INFO - Filling up the DagBag from /opt/airflow/dags/reddit_pipeline/tasks/prediction.py
[2024-12-21T11:29:49.515+0000] {processor.py:927} WARNING - No viable dags retrieved from /opt/airflow/dags/reddit_pipeline/tasks/prediction.py
[2024-12-21T11:29:49.529+0000] {processor.py:208} INFO - Processing /opt/airflow/dags/reddit_pipeline/tasks/prediction.py took 0.036 seconds
[2024-12-21T11:30:20.317+0000] {processor.py:186} INFO - Started process (PID=10467) to work on /opt/airflow/dags/reddit_pipeline/tasks/prediction.py
[2024-12-21T11:30:20.318+0000] {processor.py:914} INFO - Processing file /opt/airflow/dags/reddit_pipeline/tasks/prediction.py for tasks to queue
[2024-12-21T11:30:20.319+0000] {logging_mixin.py:190} INFO - [2024-12-21T11:30:20.319+0000] {dagbag.py:588} INFO - Filling up the DagBag from /opt/airflow/dags/reddit_pipeline/tasks/prediction.py
[2024-12-21T11:30:20.331+0000] {processor.py:927} WARNING - No viable dags retrieved from /opt/airflow/dags/reddit_pipeline/tasks/prediction.py
[2024-12-21T11:30:20.345+0000] {processor.py:208} INFO - Processing /opt/airflow/dags/reddit_pipeline/tasks/prediction.py took 0.035 seconds
[2024-12-21T11:30:50.596+0000] {processor.py:186} INFO - Started process (PID=10535) to work on /opt/airflow/dags/reddit_pipeline/tasks/prediction.py
[2024-12-21T11:30:50.597+0000] {processor.py:914} INFO - Processing file /opt/airflow/dags/reddit_pipeline/tasks/prediction.py for tasks to queue
[2024-12-21T11:30:50.599+0000] {logging_mixin.py:190} INFO - [2024-12-21T11:30:50.598+0000] {dagbag.py:588} INFO - Filling up the DagBag from /opt/airflow/dags/reddit_pipeline/tasks/prediction.py
[2024-12-21T11:30:50.613+0000] {processor.py:927} WARNING - No viable dags retrieved from /opt/airflow/dags/reddit_pipeline/tasks/prediction.py
[2024-12-21T11:30:50.628+0000] {processor.py:208} INFO - Processing /opt/airflow/dags/reddit_pipeline/tasks/prediction.py took 0.039 seconds
[2024-12-21T11:31:20.937+0000] {processor.py:186} INFO - Started process (PID=10603) to work on /opt/airflow/dags/reddit_pipeline/tasks/prediction.py
[2024-12-21T11:31:20.938+0000] {processor.py:914} INFO - Processing file /opt/airflow/dags/reddit_pipeline/tasks/prediction.py for tasks to queue
[2024-12-21T11:31:20.940+0000] {logging_mixin.py:190} INFO - [2024-12-21T11:31:20.939+0000] {dagbag.py:588} INFO - Filling up the DagBag from /opt/airflow/dags/reddit_pipeline/tasks/prediction.py
[2024-12-21T11:31:20.950+0000] {processor.py:927} WARNING - No viable dags retrieved from /opt/airflow/dags/reddit_pipeline/tasks/prediction.py
[2024-12-21T11:31:20.963+0000] {processor.py:208} INFO - Processing /opt/airflow/dags/reddit_pipeline/tasks/prediction.py took 0.030 seconds
[2024-12-21T11:31:51.750+0000] {processor.py:186} INFO - Started process (PID=10671) to work on /opt/airflow/dags/reddit_pipeline/tasks/prediction.py
[2024-12-21T11:31:51.751+0000] {processor.py:914} INFO - Processing file /opt/airflow/dags/reddit_pipeline/tasks/prediction.py for tasks to queue
[2024-12-21T11:31:51.752+0000] {logging_mixin.py:190} INFO - [2024-12-21T11:31:51.752+0000] {dagbag.py:588} INFO - Filling up the DagBag from /opt/airflow/dags/reddit_pipeline/tasks/prediction.py
[2024-12-21T11:31:51.762+0000] {processor.py:927} WARNING - No viable dags retrieved from /opt/airflow/dags/reddit_pipeline/tasks/prediction.py
[2024-12-21T11:31:51.776+0000] {processor.py:208} INFO - Processing /opt/airflow/dags/reddit_pipeline/tasks/prediction.py took 0.031 seconds
[2024-12-21T11:32:22.516+0000] {processor.py:186} INFO - Started process (PID=10739) to work on /opt/airflow/dags/reddit_pipeline/tasks/prediction.py
[2024-12-21T11:32:22.517+0000] {processor.py:914} INFO - Processing file /opt/airflow/dags/reddit_pipeline/tasks/prediction.py for tasks to queue
[2024-12-21T11:32:22.519+0000] {logging_mixin.py:190} INFO - [2024-12-21T11:32:22.519+0000] {dagbag.py:588} INFO - Filling up the DagBag from /opt/airflow/dags/reddit_pipeline/tasks/prediction.py
[2024-12-21T11:32:22.529+0000] {processor.py:927} WARNING - No viable dags retrieved from /opt/airflow/dags/reddit_pipeline/tasks/prediction.py
[2024-12-21T11:32:22.733+0000] {processor.py:208} INFO - Processing /opt/airflow/dags/reddit_pipeline/tasks/prediction.py took 0.223 seconds
[2024-12-21T11:32:53.728+0000] {processor.py:186} INFO - Started process (PID=10807) to work on /opt/airflow/dags/reddit_pipeline/tasks/prediction.py
[2024-12-21T11:32:53.729+0000] {processor.py:914} INFO - Processing file /opt/airflow/dags/reddit_pipeline/tasks/prediction.py for tasks to queue
[2024-12-21T11:32:53.731+0000] {logging_mixin.py:190} INFO - [2024-12-21T11:32:53.730+0000] {dagbag.py:588} INFO - Filling up the DagBag from /opt/airflow/dags/reddit_pipeline/tasks/prediction.py
[2024-12-21T11:32:53.743+0000] {processor.py:927} WARNING - No viable dags retrieved from /opt/airflow/dags/reddit_pipeline/tasks/prediction.py
[2024-12-21T11:32:53.754+0000] {processor.py:208} INFO - Processing /opt/airflow/dags/reddit_pipeline/tasks/prediction.py took 0.035 seconds
[2024-12-21T11:33:24.686+0000] {processor.py:186} INFO - Started process (PID=10875) to work on /opt/airflow/dags/reddit_pipeline/tasks/prediction.py
[2024-12-21T11:33:24.687+0000] {processor.py:914} INFO - Processing file /opt/airflow/dags/reddit_pipeline/tasks/prediction.py for tasks to queue
[2024-12-21T11:33:24.688+0000] {logging_mixin.py:190} INFO - [2024-12-21T11:33:24.688+0000] {dagbag.py:588} INFO - Filling up the DagBag from /opt/airflow/dags/reddit_pipeline/tasks/prediction.py
[2024-12-21T11:33:24.701+0000] {processor.py:927} WARNING - No viable dags retrieved from /opt/airflow/dags/reddit_pipeline/tasks/prediction.py
[2024-12-21T11:33:24.714+0000] {processor.py:208} INFO - Processing /opt/airflow/dags/reddit_pipeline/tasks/prediction.py took 0.034 seconds
[2024-12-21T11:33:54.919+0000] {processor.py:186} INFO - Started process (PID=10943) to work on /opt/airflow/dags/reddit_pipeline/tasks/prediction.py
[2024-12-21T11:33:54.920+0000] {processor.py:914} INFO - Processing file /opt/airflow/dags/reddit_pipeline/tasks/prediction.py for tasks to queue
[2024-12-21T11:33:54.922+0000] {logging_mixin.py:190} INFO - [2024-12-21T11:33:54.921+0000] {dagbag.py:588} INFO - Filling up the DagBag from /opt/airflow/dags/reddit_pipeline/tasks/prediction.py
[2024-12-21T11:33:54.934+0000] {processor.py:927} WARNING - No viable dags retrieved from /opt/airflow/dags/reddit_pipeline/tasks/prediction.py
[2024-12-21T11:33:54.952+0000] {processor.py:208} INFO - Processing /opt/airflow/dags/reddit_pipeline/tasks/prediction.py took 0.039 seconds
[2024-12-21T11:34:25.183+0000] {processor.py:186} INFO - Started process (PID=11011) to work on /opt/airflow/dags/reddit_pipeline/tasks/prediction.py
[2024-12-21T11:34:25.184+0000] {processor.py:914} INFO - Processing file /opt/airflow/dags/reddit_pipeline/tasks/prediction.py for tasks to queue
[2024-12-21T11:34:25.186+0000] {logging_mixin.py:190} INFO - [2024-12-21T11:34:25.186+0000] {dagbag.py:588} INFO - Filling up the DagBag from /opt/airflow/dags/reddit_pipeline/tasks/prediction.py
[2024-12-21T11:34:25.196+0000] {processor.py:927} WARNING - No viable dags retrieved from /opt/airflow/dags/reddit_pipeline/tasks/prediction.py
[2024-12-21T11:34:25.208+0000] {processor.py:208} INFO - Processing /opt/airflow/dags/reddit_pipeline/tasks/prediction.py took 0.030 seconds
[2024-12-21T11:34:55.348+0000] {processor.py:186} INFO - Started process (PID=11079) to work on /opt/airflow/dags/reddit_pipeline/tasks/prediction.py
[2024-12-21T11:34:55.349+0000] {processor.py:914} INFO - Processing file /opt/airflow/dags/reddit_pipeline/tasks/prediction.py for tasks to queue
[2024-12-21T11:34:55.351+0000] {logging_mixin.py:190} INFO - [2024-12-21T11:34:55.350+0000] {dagbag.py:588} INFO - Filling up the DagBag from /opt/airflow/dags/reddit_pipeline/tasks/prediction.py
[2024-12-21T11:34:55.361+0000] {processor.py:927} WARNING - No viable dags retrieved from /opt/airflow/dags/reddit_pipeline/tasks/prediction.py
[2024-12-21T11:34:55.374+0000] {processor.py:208} INFO - Processing /opt/airflow/dags/reddit_pipeline/tasks/prediction.py took 0.031 seconds
[2024-12-21T11:35:25.513+0000] {processor.py:186} INFO - Started process (PID=11147) to work on /opt/airflow/dags/reddit_pipeline/tasks/prediction.py
[2024-12-21T11:35:25.514+0000] {processor.py:914} INFO - Processing file /opt/airflow/dags/reddit_pipeline/tasks/prediction.py for tasks to queue
[2024-12-21T11:35:25.516+0000] {logging_mixin.py:190} INFO - [2024-12-21T11:35:25.515+0000] {dagbag.py:588} INFO - Filling up the DagBag from /opt/airflow/dags/reddit_pipeline/tasks/prediction.py
[2024-12-21T11:35:25.528+0000] {processor.py:927} WARNING - No viable dags retrieved from /opt/airflow/dags/reddit_pipeline/tasks/prediction.py
[2024-12-21T11:35:25.540+0000] {processor.py:208} INFO - Processing /opt/airflow/dags/reddit_pipeline/tasks/prediction.py took 0.034 seconds
[2024-12-21T11:35:55.719+0000] {processor.py:186} INFO - Started process (PID=11215) to work on /opt/airflow/dags/reddit_pipeline/tasks/prediction.py
[2024-12-21T11:35:55.721+0000] {processor.py:914} INFO - Processing file /opt/airflow/dags/reddit_pipeline/tasks/prediction.py for tasks to queue
[2024-12-21T11:35:55.722+0000] {logging_mixin.py:190} INFO - [2024-12-21T11:35:55.722+0000] {dagbag.py:588} INFO - Filling up the DagBag from /opt/airflow/dags/reddit_pipeline/tasks/prediction.py
[2024-12-21T11:35:55.737+0000] {processor.py:927} WARNING - No viable dags retrieved from /opt/airflow/dags/reddit_pipeline/tasks/prediction.py
[2024-12-21T11:35:55.757+0000] {processor.py:208} INFO - Processing /opt/airflow/dags/reddit_pipeline/tasks/prediction.py took 0.045 seconds
[2024-12-21T11:36:26.238+0000] {processor.py:186} INFO - Started process (PID=11283) to work on /opt/airflow/dags/reddit_pipeline/tasks/prediction.py
[2024-12-21T11:36:26.239+0000] {processor.py:914} INFO - Processing file /opt/airflow/dags/reddit_pipeline/tasks/prediction.py for tasks to queue
[2024-12-21T11:36:26.241+0000] {logging_mixin.py:190} INFO - [2024-12-21T11:36:26.241+0000] {dagbag.py:588} INFO - Filling up the DagBag from /opt/airflow/dags/reddit_pipeline/tasks/prediction.py
[2024-12-21T11:36:26.251+0000] {processor.py:927} WARNING - No viable dags retrieved from /opt/airflow/dags/reddit_pipeline/tasks/prediction.py
[2024-12-21T11:36:26.265+0000] {processor.py:208} INFO - Processing /opt/airflow/dags/reddit_pipeline/tasks/prediction.py took 0.034 seconds
[2024-12-21T11:36:56.499+0000] {processor.py:186} INFO - Started process (PID=11351) to work on /opt/airflow/dags/reddit_pipeline/tasks/prediction.py
[2024-12-21T11:36:56.500+0000] {processor.py:914} INFO - Processing file /opt/airflow/dags/reddit_pipeline/tasks/prediction.py for tasks to queue
[2024-12-21T11:36:56.501+0000] {logging_mixin.py:190} INFO - [2024-12-21T11:36:56.501+0000] {dagbag.py:588} INFO - Filling up the DagBag from /opt/airflow/dags/reddit_pipeline/tasks/prediction.py
[2024-12-21T11:36:56.512+0000] {processor.py:927} WARNING - No viable dags retrieved from /opt/airflow/dags/reddit_pipeline/tasks/prediction.py
[2024-12-21T11:36:56.525+0000] {processor.py:208} INFO - Processing /opt/airflow/dags/reddit_pipeline/tasks/prediction.py took 0.031 seconds
[2024-12-21T11:37:26.756+0000] {processor.py:186} INFO - Started process (PID=11419) to work on /opt/airflow/dags/reddit_pipeline/tasks/prediction.py
[2024-12-21T11:37:26.757+0000] {processor.py:914} INFO - Processing file /opt/airflow/dags/reddit_pipeline/tasks/prediction.py for tasks to queue
[2024-12-21T11:37:26.759+0000] {logging_mixin.py:190} INFO - [2024-12-21T11:37:26.758+0000] {dagbag.py:588} INFO - Filling up the DagBag from /opt/airflow/dags/reddit_pipeline/tasks/prediction.py
[2024-12-21T11:37:26.769+0000] {processor.py:927} WARNING - No viable dags retrieved from /opt/airflow/dags/reddit_pipeline/tasks/prediction.py
[2024-12-21T11:37:26.782+0000] {processor.py:208} INFO - Processing /opt/airflow/dags/reddit_pipeline/tasks/prediction.py took 0.031 seconds
[2024-12-21T11:37:56.886+0000] {processor.py:186} INFO - Started process (PID=11487) to work on /opt/airflow/dags/reddit_pipeline/tasks/prediction.py
[2024-12-21T11:37:56.887+0000] {processor.py:914} INFO - Processing file /opt/airflow/dags/reddit_pipeline/tasks/prediction.py for tasks to queue
[2024-12-21T11:37:56.888+0000] {logging_mixin.py:190} INFO - [2024-12-21T11:37:56.888+0000] {dagbag.py:588} INFO - Filling up the DagBag from /opt/airflow/dags/reddit_pipeline/tasks/prediction.py
[2024-12-21T11:37:56.899+0000] {processor.py:927} WARNING - No viable dags retrieved from /opt/airflow/dags/reddit_pipeline/tasks/prediction.py
[2024-12-21T11:37:56.912+0000] {processor.py:208} INFO - Processing /opt/airflow/dags/reddit_pipeline/tasks/prediction.py took 0.033 seconds
[2024-12-21T11:38:27.795+0000] {processor.py:186} INFO - Started process (PID=11554) to work on /opt/airflow/dags/reddit_pipeline/tasks/prediction.py
[2024-12-21T11:38:27.796+0000] {processor.py:914} INFO - Processing file /opt/airflow/dags/reddit_pipeline/tasks/prediction.py for tasks to queue
[2024-12-21T11:38:27.800+0000] {logging_mixin.py:190} INFO - [2024-12-21T11:38:27.799+0000] {dagbag.py:588} INFO - Filling up the DagBag from /opt/airflow/dags/reddit_pipeline/tasks/prediction.py
[2024-12-21T11:38:27.813+0000] {processor.py:927} WARNING - No viable dags retrieved from /opt/airflow/dags/reddit_pipeline/tasks/prediction.py
[2024-12-21T11:38:27.831+0000] {processor.py:208} INFO - Processing /opt/airflow/dags/reddit_pipeline/tasks/prediction.py took 0.042 seconds
[2024-12-21T11:38:58.209+0000] {processor.py:186} INFO - Started process (PID=11622) to work on /opt/airflow/dags/reddit_pipeline/tasks/prediction.py
[2024-12-21T11:38:58.210+0000] {processor.py:914} INFO - Processing file /opt/airflow/dags/reddit_pipeline/tasks/prediction.py for tasks to queue
[2024-12-21T11:38:58.211+0000] {logging_mixin.py:190} INFO - [2024-12-21T11:38:58.211+0000] {dagbag.py:588} INFO - Filling up the DagBag from /opt/airflow/dags/reddit_pipeline/tasks/prediction.py
[2024-12-21T11:38:58.222+0000] {processor.py:927} WARNING - No viable dags retrieved from /opt/airflow/dags/reddit_pipeline/tasks/prediction.py
[2024-12-21T11:38:58.235+0000] {processor.py:208} INFO - Processing /opt/airflow/dags/reddit_pipeline/tasks/prediction.py took 0.033 seconds
