[2024-12-21T10:55:50.956+0000] {processor.py:186} INFO - Started process (PID=5905) to work on /opt/airflow/dags/reddit_pipeline/tasks/scraping.py
[2024-12-21T10:55:50.957+0000] {processor.py:914} INFO - Processing file /opt/airflow/dags/reddit_pipeline/tasks/scraping.py for tasks to queue
[2024-12-21T10:55:50.959+0000] {logging_mixin.py:190} INFO - [2024-12-21T10:55:50.958+0000] {dagbag.py:588} INFO - Filling up the DagBag from /opt/airflow/dags/reddit_pipeline/tasks/scraping.py
[2024-12-21T10:55:50.972+0000] {processor.py:927} WARNING - No viable dags retrieved from /opt/airflow/dags/reddit_pipeline/tasks/scraping.py
[2024-12-21T10:55:50.985+0000] {processor.py:208} INFO - Processing /opt/airflow/dags/reddit_pipeline/tasks/scraping.py took 0.036 seconds
[2024-12-21T10:56:21.294+0000] {processor.py:186} INFO - Started process (PID=5971) to work on /opt/airflow/dags/reddit_pipeline/tasks/scraping.py
[2024-12-21T10:56:21.295+0000] {processor.py:914} INFO - Processing file /opt/airflow/dags/reddit_pipeline/tasks/scraping.py for tasks to queue
[2024-12-21T10:56:21.297+0000] {logging_mixin.py:190} INFO - [2024-12-21T10:56:21.296+0000] {dagbag.py:588} INFO - Filling up the DagBag from /opt/airflow/dags/reddit_pipeline/tasks/scraping.py
[2024-12-21T10:56:21.308+0000] {processor.py:927} WARNING - No viable dags retrieved from /opt/airflow/dags/reddit_pipeline/tasks/scraping.py
[2024-12-21T10:56:21.321+0000] {processor.py:208} INFO - Processing /opt/airflow/dags/reddit_pipeline/tasks/scraping.py took 0.033 seconds
[2024-12-21T10:56:51.800+0000] {processor.py:186} INFO - Started process (PID=6037) to work on /opt/airflow/dags/reddit_pipeline/tasks/scraping.py
[2024-12-21T10:56:51.801+0000] {processor.py:914} INFO - Processing file /opt/airflow/dags/reddit_pipeline/tasks/scraping.py for tasks to queue
[2024-12-21T10:56:51.803+0000] {logging_mixin.py:190} INFO - [2024-12-21T10:56:51.802+0000] {dagbag.py:588} INFO - Filling up the DagBag from /opt/airflow/dags/reddit_pipeline/tasks/scraping.py
[2024-12-21T10:56:51.816+0000] {processor.py:927} WARNING - No viable dags retrieved from /opt/airflow/dags/reddit_pipeline/tasks/scraping.py
[2024-12-21T10:56:51.828+0000] {processor.py:208} INFO - Processing /opt/airflow/dags/reddit_pipeline/tasks/scraping.py took 0.033 seconds
[2024-12-21T10:57:22.101+0000] {processor.py:186} INFO - Started process (PID=6103) to work on /opt/airflow/dags/reddit_pipeline/tasks/scraping.py
[2024-12-21T10:57:22.102+0000] {processor.py:914} INFO - Processing file /opt/airflow/dags/reddit_pipeline/tasks/scraping.py for tasks to queue
[2024-12-21T10:57:22.103+0000] {logging_mixin.py:190} INFO - [2024-12-21T10:57:22.103+0000] {dagbag.py:588} INFO - Filling up the DagBag from /opt/airflow/dags/reddit_pipeline/tasks/scraping.py
[2024-12-21T10:57:22.115+0000] {processor.py:927} WARNING - No viable dags retrieved from /opt/airflow/dags/reddit_pipeline/tasks/scraping.py
[2024-12-21T10:57:22.129+0000] {processor.py:208} INFO - Processing /opt/airflow/dags/reddit_pipeline/tasks/scraping.py took 0.033 seconds
[2024-12-21T10:57:52.345+0000] {processor.py:186} INFO - Started process (PID=6169) to work on /opt/airflow/dags/reddit_pipeline/tasks/scraping.py
[2024-12-21T10:57:52.346+0000] {processor.py:914} INFO - Processing file /opt/airflow/dags/reddit_pipeline/tasks/scraping.py for tasks to queue
[2024-12-21T10:57:52.348+0000] {logging_mixin.py:190} INFO - [2024-12-21T10:57:52.347+0000] {dagbag.py:588} INFO - Filling up the DagBag from /opt/airflow/dags/reddit_pipeline/tasks/scraping.py
[2024-12-21T10:57:52.359+0000] {processor.py:927} WARNING - No viable dags retrieved from /opt/airflow/dags/reddit_pipeline/tasks/scraping.py
[2024-12-21T10:57:52.373+0000] {processor.py:208} INFO - Processing /opt/airflow/dags/reddit_pipeline/tasks/scraping.py took 0.033 seconds
[2024-12-21T10:58:22.597+0000] {processor.py:186} INFO - Started process (PID=6235) to work on /opt/airflow/dags/reddit_pipeline/tasks/scraping.py
[2024-12-21T10:58:22.598+0000] {processor.py:914} INFO - Processing file /opt/airflow/dags/reddit_pipeline/tasks/scraping.py for tasks to queue
[2024-12-21T10:58:22.599+0000] {logging_mixin.py:190} INFO - [2024-12-21T10:58:22.599+0000] {dagbag.py:588} INFO - Filling up the DagBag from /opt/airflow/dags/reddit_pipeline/tasks/scraping.py
[2024-12-21T10:58:22.610+0000] {processor.py:927} WARNING - No viable dags retrieved from /opt/airflow/dags/reddit_pipeline/tasks/scraping.py
[2024-12-21T10:58:22.622+0000] {processor.py:208} INFO - Processing /opt/airflow/dags/reddit_pipeline/tasks/scraping.py took 0.031 seconds
[2024-12-21T10:58:53.489+0000] {processor.py:186} INFO - Started process (PID=6301) to work on /opt/airflow/dags/reddit_pipeline/tasks/scraping.py
[2024-12-21T10:58:53.492+0000] {processor.py:914} INFO - Processing file /opt/airflow/dags/reddit_pipeline/tasks/scraping.py for tasks to queue
[2024-12-21T10:58:53.493+0000] {logging_mixin.py:190} INFO - [2024-12-21T10:58:53.493+0000] {dagbag.py:588} INFO - Filling up the DagBag from /opt/airflow/dags/reddit_pipeline/tasks/scraping.py
[2024-12-21T10:58:53.504+0000] {processor.py:927} WARNING - No viable dags retrieved from /opt/airflow/dags/reddit_pipeline/tasks/scraping.py
[2024-12-21T10:58:53.519+0000] {processor.py:208} INFO - Processing /opt/airflow/dags/reddit_pipeline/tasks/scraping.py took 0.035 seconds
[2024-12-21T10:59:23.886+0000] {processor.py:186} INFO - Started process (PID=6367) to work on /opt/airflow/dags/reddit_pipeline/tasks/scraping.py
[2024-12-21T10:59:23.887+0000] {processor.py:914} INFO - Processing file /opt/airflow/dags/reddit_pipeline/tasks/scraping.py for tasks to queue
[2024-12-21T10:59:23.889+0000] {logging_mixin.py:190} INFO - [2024-12-21T10:59:23.889+0000] {dagbag.py:588} INFO - Filling up the DagBag from /opt/airflow/dags/reddit_pipeline/tasks/scraping.py
[2024-12-21T10:59:23.905+0000] {processor.py:927} WARNING - No viable dags retrieved from /opt/airflow/dags/reddit_pipeline/tasks/scraping.py
[2024-12-21T10:59:23.919+0000] {processor.py:208} INFO - Processing /opt/airflow/dags/reddit_pipeline/tasks/scraping.py took 0.039 seconds
[2024-12-21T10:59:54.427+0000] {processor.py:186} INFO - Started process (PID=6433) to work on /opt/airflow/dags/reddit_pipeline/tasks/scraping.py
[2024-12-21T10:59:54.428+0000] {processor.py:914} INFO - Processing file /opt/airflow/dags/reddit_pipeline/tasks/scraping.py for tasks to queue
[2024-12-21T10:59:54.429+0000] {logging_mixin.py:190} INFO - [2024-12-21T10:59:54.429+0000] {dagbag.py:588} INFO - Filling up the DagBag from /opt/airflow/dags/reddit_pipeline/tasks/scraping.py
[2024-12-21T10:59:54.443+0000] {processor.py:927} WARNING - No viable dags retrieved from /opt/airflow/dags/reddit_pipeline/tasks/scraping.py
[2024-12-21T10:59:54.462+0000] {processor.py:208} INFO - Processing /opt/airflow/dags/reddit_pipeline/tasks/scraping.py took 0.041 seconds
[2024-12-21T11:00:24.838+0000] {processor.py:186} INFO - Started process (PID=6499) to work on /opt/airflow/dags/reddit_pipeline/tasks/scraping.py
[2024-12-21T11:00:24.839+0000] {processor.py:914} INFO - Processing file /opt/airflow/dags/reddit_pipeline/tasks/scraping.py for tasks to queue
[2024-12-21T11:00:24.841+0000] {logging_mixin.py:190} INFO - [2024-12-21T11:00:24.841+0000] {dagbag.py:588} INFO - Filling up the DagBag from /opt/airflow/dags/reddit_pipeline/tasks/scraping.py
[2024-12-21T11:00:24.854+0000] {processor.py:927} WARNING - No viable dags retrieved from /opt/airflow/dags/reddit_pipeline/tasks/scraping.py
[2024-12-21T11:00:24.868+0000] {processor.py:208} INFO - Processing /opt/airflow/dags/reddit_pipeline/tasks/scraping.py took 0.035 seconds
[2024-12-21T11:00:55.610+0000] {processor.py:186} INFO - Started process (PID=6567) to work on /opt/airflow/dags/reddit_pipeline/tasks/scraping.py
[2024-12-21T11:00:55.612+0000] {processor.py:914} INFO - Processing file /opt/airflow/dags/reddit_pipeline/tasks/scraping.py for tasks to queue
[2024-12-21T11:00:55.615+0000] {logging_mixin.py:190} INFO - [2024-12-21T11:00:55.614+0000] {dagbag.py:588} INFO - Filling up the DagBag from /opt/airflow/dags/reddit_pipeline/tasks/scraping.py
[2024-12-21T11:00:55.637+0000] {processor.py:927} WARNING - No viable dags retrieved from /opt/airflow/dags/reddit_pipeline/tasks/scraping.py
[2024-12-21T11:00:55.656+0000] {processor.py:208} INFO - Processing /opt/airflow/dags/reddit_pipeline/tasks/scraping.py took 0.055 seconds
[2024-12-21T11:01:26.186+0000] {processor.py:186} INFO - Started process (PID=6635) to work on /opt/airflow/dags/reddit_pipeline/tasks/scraping.py
[2024-12-21T11:01:26.187+0000] {processor.py:914} INFO - Processing file /opt/airflow/dags/reddit_pipeline/tasks/scraping.py for tasks to queue
[2024-12-21T11:01:26.188+0000] {logging_mixin.py:190} INFO - [2024-12-21T11:01:26.188+0000] {dagbag.py:588} INFO - Filling up the DagBag from /opt/airflow/dags/reddit_pipeline/tasks/scraping.py
[2024-12-21T11:01:26.200+0000] {processor.py:927} WARNING - No viable dags retrieved from /opt/airflow/dags/reddit_pipeline/tasks/scraping.py
[2024-12-21T11:01:26.212+0000] {processor.py:208} INFO - Processing /opt/airflow/dags/reddit_pipeline/tasks/scraping.py took 0.032 seconds
[2024-12-21T11:01:56.488+0000] {processor.py:186} INFO - Started process (PID=6703) to work on /opt/airflow/dags/reddit_pipeline/tasks/scraping.py
[2024-12-21T11:01:56.489+0000] {processor.py:914} INFO - Processing file /opt/airflow/dags/reddit_pipeline/tasks/scraping.py for tasks to queue
[2024-12-21T11:01:56.490+0000] {logging_mixin.py:190} INFO - [2024-12-21T11:01:56.490+0000] {dagbag.py:588} INFO - Filling up the DagBag from /opt/airflow/dags/reddit_pipeline/tasks/scraping.py
[2024-12-21T11:01:56.506+0000] {processor.py:927} WARNING - No viable dags retrieved from /opt/airflow/dags/reddit_pipeline/tasks/scraping.py
[2024-12-21T11:01:56.524+0000] {processor.py:208} INFO - Processing /opt/airflow/dags/reddit_pipeline/tasks/scraping.py took 0.044 seconds
[2024-12-21T11:02:27.267+0000] {processor.py:186} INFO - Started process (PID=6771) to work on /opt/airflow/dags/reddit_pipeline/tasks/scraping.py
[2024-12-21T11:02:27.268+0000] {processor.py:914} INFO - Processing file /opt/airflow/dags/reddit_pipeline/tasks/scraping.py for tasks to queue
[2024-12-21T11:02:27.270+0000] {logging_mixin.py:190} INFO - [2024-12-21T11:02:27.270+0000] {dagbag.py:588} INFO - Filling up the DagBag from /opt/airflow/dags/reddit_pipeline/tasks/scraping.py
[2024-12-21T11:02:27.285+0000] {processor.py:927} WARNING - No viable dags retrieved from /opt/airflow/dags/reddit_pipeline/tasks/scraping.py
[2024-12-21T11:02:27.299+0000] {processor.py:208} INFO - Processing /opt/airflow/dags/reddit_pipeline/tasks/scraping.py took 0.039 seconds
[2024-12-21T11:02:57.941+0000] {processor.py:186} INFO - Started process (PID=6839) to work on /opt/airflow/dags/reddit_pipeline/tasks/scraping.py
[2024-12-21T11:02:57.942+0000] {processor.py:914} INFO - Processing file /opt/airflow/dags/reddit_pipeline/tasks/scraping.py for tasks to queue
[2024-12-21T11:02:57.944+0000] {logging_mixin.py:190} INFO - [2024-12-21T11:02:57.943+0000] {dagbag.py:588} INFO - Filling up the DagBag from /opt/airflow/dags/reddit_pipeline/tasks/scraping.py
[2024-12-21T11:02:57.957+0000] {processor.py:927} WARNING - No viable dags retrieved from /opt/airflow/dags/reddit_pipeline/tasks/scraping.py
[2024-12-21T11:02:57.972+0000] {processor.py:208} INFO - Processing /opt/airflow/dags/reddit_pipeline/tasks/scraping.py took 0.038 seconds
[2024-12-21T11:03:28.690+0000] {processor.py:186} INFO - Started process (PID=6907) to work on /opt/airflow/dags/reddit_pipeline/tasks/scraping.py
[2024-12-21T11:03:28.691+0000] {processor.py:914} INFO - Processing file /opt/airflow/dags/reddit_pipeline/tasks/scraping.py for tasks to queue
[2024-12-21T11:03:28.693+0000] {logging_mixin.py:190} INFO - [2024-12-21T11:03:28.692+0000] {dagbag.py:588} INFO - Filling up the DagBag from /opt/airflow/dags/reddit_pipeline/tasks/scraping.py
[2024-12-21T11:03:28.704+0000] {processor.py:927} WARNING - No viable dags retrieved from /opt/airflow/dags/reddit_pipeline/tasks/scraping.py
[2024-12-21T11:03:28.717+0000] {processor.py:208} INFO - Processing /opt/airflow/dags/reddit_pipeline/tasks/scraping.py took 0.032 seconds
[2024-12-21T11:03:59.587+0000] {processor.py:186} INFO - Started process (PID=6975) to work on /opt/airflow/dags/reddit_pipeline/tasks/scraping.py
[2024-12-21T11:03:59.588+0000] {processor.py:914} INFO - Processing file /opt/airflow/dags/reddit_pipeline/tasks/scraping.py for tasks to queue
[2024-12-21T11:03:59.590+0000] {logging_mixin.py:190} INFO - [2024-12-21T11:03:59.589+0000] {dagbag.py:588} INFO - Filling up the DagBag from /opt/airflow/dags/reddit_pipeline/tasks/scraping.py
[2024-12-21T11:03:59.603+0000] {processor.py:927} WARNING - No viable dags retrieved from /opt/airflow/dags/reddit_pipeline/tasks/scraping.py
[2024-12-21T11:03:59.618+0000] {processor.py:208} INFO - Processing /opt/airflow/dags/reddit_pipeline/tasks/scraping.py took 0.037 seconds
[2024-12-21T11:04:29.907+0000] {processor.py:186} INFO - Started process (PID=7043) to work on /opt/airflow/dags/reddit_pipeline/tasks/scraping.py
[2024-12-21T11:04:29.908+0000] {processor.py:914} INFO - Processing file /opt/airflow/dags/reddit_pipeline/tasks/scraping.py for tasks to queue
[2024-12-21T11:04:29.909+0000] {logging_mixin.py:190} INFO - [2024-12-21T11:04:29.909+0000] {dagbag.py:588} INFO - Filling up the DagBag from /opt/airflow/dags/reddit_pipeline/tasks/scraping.py
[2024-12-21T11:04:29.921+0000] {processor.py:927} WARNING - No viable dags retrieved from /opt/airflow/dags/reddit_pipeline/tasks/scraping.py
[2024-12-21T11:04:29.933+0000] {processor.py:208} INFO - Processing /opt/airflow/dags/reddit_pipeline/tasks/scraping.py took 0.032 seconds
[2024-12-21T11:05:00.683+0000] {processor.py:186} INFO - Started process (PID=7111) to work on /opt/airflow/dags/reddit_pipeline/tasks/scraping.py
[2024-12-21T11:05:00.684+0000] {processor.py:914} INFO - Processing file /opt/airflow/dags/reddit_pipeline/tasks/scraping.py for tasks to queue
[2024-12-21T11:05:00.686+0000] {logging_mixin.py:190} INFO - [2024-12-21T11:05:00.685+0000] {dagbag.py:588} INFO - Filling up the DagBag from /opt/airflow/dags/reddit_pipeline/tasks/scraping.py
[2024-12-21T11:05:00.697+0000] {processor.py:927} WARNING - No viable dags retrieved from /opt/airflow/dags/reddit_pipeline/tasks/scraping.py
[2024-12-21T11:05:00.707+0000] {processor.py:208} INFO - Processing /opt/airflow/dags/reddit_pipeline/tasks/scraping.py took 0.029 seconds
[2024-12-21T11:05:31.698+0000] {processor.py:186} INFO - Started process (PID=7179) to work on /opt/airflow/dags/reddit_pipeline/tasks/scraping.py
[2024-12-21T11:05:31.699+0000] {processor.py:914} INFO - Processing file /opt/airflow/dags/reddit_pipeline/tasks/scraping.py for tasks to queue
[2024-12-21T11:05:31.700+0000] {logging_mixin.py:190} INFO - [2024-12-21T11:05:31.700+0000] {dagbag.py:588} INFO - Filling up the DagBag from /opt/airflow/dags/reddit_pipeline/tasks/scraping.py
[2024-12-21T11:05:31.712+0000] {processor.py:927} WARNING - No viable dags retrieved from /opt/airflow/dags/reddit_pipeline/tasks/scraping.py
[2024-12-21T11:05:31.722+0000] {processor.py:208} INFO - Processing /opt/airflow/dags/reddit_pipeline/tasks/scraping.py took 0.030 seconds
[2024-12-21T11:06:01.926+0000] {processor.py:186} INFO - Started process (PID=7247) to work on /opt/airflow/dags/reddit_pipeline/tasks/scraping.py
[2024-12-21T11:06:01.927+0000] {processor.py:914} INFO - Processing file /opt/airflow/dags/reddit_pipeline/tasks/scraping.py for tasks to queue
[2024-12-21T11:06:01.928+0000] {logging_mixin.py:190} INFO - [2024-12-21T11:06:01.928+0000] {dagbag.py:588} INFO - Filling up the DagBag from /opt/airflow/dags/reddit_pipeline/tasks/scraping.py
[2024-12-21T11:06:01.939+0000] {processor.py:927} WARNING - No viable dags retrieved from /opt/airflow/dags/reddit_pipeline/tasks/scraping.py
[2024-12-21T11:06:01.950+0000] {processor.py:208} INFO - Processing /opt/airflow/dags/reddit_pipeline/tasks/scraping.py took 0.029 seconds
[2024-12-21T11:06:32.222+0000] {processor.py:186} INFO - Started process (PID=7315) to work on /opt/airflow/dags/reddit_pipeline/tasks/scraping.py
[2024-12-21T11:06:32.223+0000] {processor.py:914} INFO - Processing file /opt/airflow/dags/reddit_pipeline/tasks/scraping.py for tasks to queue
[2024-12-21T11:06:32.224+0000] {logging_mixin.py:190} INFO - [2024-12-21T11:06:32.224+0000] {dagbag.py:588} INFO - Filling up the DagBag from /opt/airflow/dags/reddit_pipeline/tasks/scraping.py
[2024-12-21T11:06:32.235+0000] {processor.py:927} WARNING - No viable dags retrieved from /opt/airflow/dags/reddit_pipeline/tasks/scraping.py
[2024-12-21T11:06:32.246+0000] {processor.py:208} INFO - Processing /opt/airflow/dags/reddit_pipeline/tasks/scraping.py took 0.030 seconds
[2024-12-21T11:07:02.927+0000] {processor.py:186} INFO - Started process (PID=7383) to work on /opt/airflow/dags/reddit_pipeline/tasks/scraping.py
[2024-12-21T11:07:02.928+0000] {processor.py:914} INFO - Processing file /opt/airflow/dags/reddit_pipeline/tasks/scraping.py for tasks to queue
[2024-12-21T11:07:02.929+0000] {logging_mixin.py:190} INFO - [2024-12-21T11:07:02.929+0000] {dagbag.py:588} INFO - Filling up the DagBag from /opt/airflow/dags/reddit_pipeline/tasks/scraping.py
[2024-12-21T11:07:02.941+0000] {processor.py:927} WARNING - No viable dags retrieved from /opt/airflow/dags/reddit_pipeline/tasks/scraping.py
[2024-12-21T11:07:02.953+0000] {processor.py:208} INFO - Processing /opt/airflow/dags/reddit_pipeline/tasks/scraping.py took 0.031 seconds
[2024-12-21T11:07:33.575+0000] {processor.py:186} INFO - Started process (PID=7451) to work on /opt/airflow/dags/reddit_pipeline/tasks/scraping.py
[2024-12-21T11:07:33.576+0000] {processor.py:914} INFO - Processing file /opt/airflow/dags/reddit_pipeline/tasks/scraping.py for tasks to queue
[2024-12-21T11:07:33.577+0000] {logging_mixin.py:190} INFO - [2024-12-21T11:07:33.577+0000] {dagbag.py:588} INFO - Filling up the DagBag from /opt/airflow/dags/reddit_pipeline/tasks/scraping.py
[2024-12-21T11:07:33.589+0000] {processor.py:927} WARNING - No viable dags retrieved from /opt/airflow/dags/reddit_pipeline/tasks/scraping.py
[2024-12-21T11:07:33.603+0000] {processor.py:208} INFO - Processing /opt/airflow/dags/reddit_pipeline/tasks/scraping.py took 0.033 seconds
[2024-12-21T11:08:04.919+0000] {processor.py:186} INFO - Started process (PID=7518) to work on /opt/airflow/dags/reddit_pipeline/tasks/scraping.py
[2024-12-21T11:08:04.921+0000] {processor.py:914} INFO - Processing file /opt/airflow/dags/reddit_pipeline/tasks/scraping.py for tasks to queue
[2024-12-21T11:08:04.922+0000] {logging_mixin.py:190} INFO - [2024-12-21T11:08:04.922+0000] {dagbag.py:588} INFO - Filling up the DagBag from /opt/airflow/dags/reddit_pipeline/tasks/scraping.py
[2024-12-21T11:08:04.934+0000] {processor.py:927} WARNING - No viable dags retrieved from /opt/airflow/dags/reddit_pipeline/tasks/scraping.py
[2024-12-21T11:08:04.945+0000] {processor.py:208} INFO - Processing /opt/airflow/dags/reddit_pipeline/tasks/scraping.py took 0.031 seconds
[2024-12-21T11:08:35.175+0000] {processor.py:186} INFO - Started process (PID=7576) to work on /opt/airflow/dags/reddit_pipeline/tasks/scraping.py
[2024-12-21T11:08:35.176+0000] {processor.py:914} INFO - Processing file /opt/airflow/dags/reddit_pipeline/tasks/scraping.py for tasks to queue
[2024-12-21T11:08:35.178+0000] {logging_mixin.py:190} INFO - [2024-12-21T11:08:35.177+0000] {dagbag.py:588} INFO - Filling up the DagBag from /opt/airflow/dags/reddit_pipeline/tasks/scraping.py
[2024-12-21T11:08:35.194+0000] {processor.py:927} WARNING - No viable dags retrieved from /opt/airflow/dags/reddit_pipeline/tasks/scraping.py
[2024-12-21T11:08:35.209+0000] {processor.py:208} INFO - Processing /opt/airflow/dags/reddit_pipeline/tasks/scraping.py took 0.043 seconds
[2024-12-21T11:09:05.480+0000] {processor.py:186} INFO - Started process (PID=7643) to work on /opt/airflow/dags/reddit_pipeline/tasks/scraping.py
[2024-12-21T11:09:05.481+0000] {processor.py:914} INFO - Processing file /opt/airflow/dags/reddit_pipeline/tasks/scraping.py for tasks to queue
[2024-12-21T11:09:05.483+0000] {logging_mixin.py:190} INFO - [2024-12-21T11:09:05.483+0000] {dagbag.py:588} INFO - Filling up the DagBag from /opt/airflow/dags/reddit_pipeline/tasks/scraping.py
[2024-12-21T11:09:05.496+0000] {processor.py:927} WARNING - No viable dags retrieved from /opt/airflow/dags/reddit_pipeline/tasks/scraping.py
[2024-12-21T11:09:05.509+0000] {processor.py:208} INFO - Processing /opt/airflow/dags/reddit_pipeline/tasks/scraping.py took 0.034 seconds
[2024-12-21T11:09:36.008+0000] {processor.py:186} INFO - Started process (PID=7700) to work on /opt/airflow/dags/reddit_pipeline/tasks/scraping.py
[2024-12-21T11:09:36.010+0000] {processor.py:914} INFO - Processing file /opt/airflow/dags/reddit_pipeline/tasks/scraping.py for tasks to queue
[2024-12-21T11:09:36.011+0000] {logging_mixin.py:190} INFO - [2024-12-21T11:09:36.011+0000] {dagbag.py:588} INFO - Filling up the DagBag from /opt/airflow/dags/reddit_pipeline/tasks/scraping.py
[2024-12-21T11:09:36.036+0000] {processor.py:927} WARNING - No viable dags retrieved from /opt/airflow/dags/reddit_pipeline/tasks/scraping.py
[2024-12-21T11:09:36.054+0000] {processor.py:208} INFO - Processing /opt/airflow/dags/reddit_pipeline/tasks/scraping.py took 0.054 seconds
[2024-12-21T11:10:06.611+0000] {processor.py:186} INFO - Started process (PID=7765) to work on /opt/airflow/dags/reddit_pipeline/tasks/scraping.py
[2024-12-21T11:10:06.612+0000] {processor.py:914} INFO - Processing file /opt/airflow/dags/reddit_pipeline/tasks/scraping.py for tasks to queue
[2024-12-21T11:10:06.614+0000] {logging_mixin.py:190} INFO - [2024-12-21T11:10:06.613+0000] {dagbag.py:588} INFO - Filling up the DagBag from /opt/airflow/dags/reddit_pipeline/tasks/scraping.py
[2024-12-21T11:10:06.626+0000] {processor.py:927} WARNING - No viable dags retrieved from /opt/airflow/dags/reddit_pipeline/tasks/scraping.py
[2024-12-21T11:10:06.639+0000] {processor.py:208} INFO - Processing /opt/airflow/dags/reddit_pipeline/tasks/scraping.py took 0.033 seconds
[2024-12-21T11:10:36.762+0000] {processor.py:186} INFO - Started process (PID=7829) to work on /opt/airflow/dags/reddit_pipeline/tasks/scraping.py
[2024-12-21T11:10:36.763+0000] {processor.py:914} INFO - Processing file /opt/airflow/dags/reddit_pipeline/tasks/scraping.py for tasks to queue
[2024-12-21T11:10:36.764+0000] {logging_mixin.py:190} INFO - [2024-12-21T11:10:36.764+0000] {dagbag.py:588} INFO - Filling up the DagBag from /opt/airflow/dags/reddit_pipeline/tasks/scraping.py
[2024-12-21T11:10:36.774+0000] {processor.py:927} WARNING - No viable dags retrieved from /opt/airflow/dags/reddit_pipeline/tasks/scraping.py
[2024-12-21T11:10:36.786+0000] {processor.py:208} INFO - Processing /opt/airflow/dags/reddit_pipeline/tasks/scraping.py took 0.029 seconds
[2024-12-21T11:11:07.033+0000] {processor.py:186} INFO - Started process (PID=7897) to work on /opt/airflow/dags/reddit_pipeline/tasks/scraping.py
[2024-12-21T11:11:07.035+0000] {processor.py:914} INFO - Processing file /opt/airflow/dags/reddit_pipeline/tasks/scraping.py for tasks to queue
[2024-12-21T11:11:07.036+0000] {logging_mixin.py:190} INFO - [2024-12-21T11:11:07.036+0000] {dagbag.py:588} INFO - Filling up the DagBag from /opt/airflow/dags/reddit_pipeline/tasks/scraping.py
[2024-12-21T11:11:07.048+0000] {processor.py:927} WARNING - No viable dags retrieved from /opt/airflow/dags/reddit_pipeline/tasks/scraping.py
[2024-12-21T11:11:07.061+0000] {processor.py:208} INFO - Processing /opt/airflow/dags/reddit_pipeline/tasks/scraping.py took 0.034 seconds
[2024-12-21T11:11:37.927+0000] {processor.py:186} INFO - Started process (PID=7965) to work on /opt/airflow/dags/reddit_pipeline/tasks/scraping.py
[2024-12-21T11:11:37.928+0000] {processor.py:914} INFO - Processing file /opt/airflow/dags/reddit_pipeline/tasks/scraping.py for tasks to queue
[2024-12-21T11:11:37.930+0000] {logging_mixin.py:190} INFO - [2024-12-21T11:11:37.929+0000] {dagbag.py:588} INFO - Filling up the DagBag from /opt/airflow/dags/reddit_pipeline/tasks/scraping.py
[2024-12-21T11:11:37.941+0000] {processor.py:927} WARNING - No viable dags retrieved from /opt/airflow/dags/reddit_pipeline/tasks/scraping.py
[2024-12-21T11:11:37.954+0000] {processor.py:208} INFO - Processing /opt/airflow/dags/reddit_pipeline/tasks/scraping.py took 0.033 seconds
[2024-12-21T11:12:08.281+0000] {processor.py:186} INFO - Started process (PID=8033) to work on /opt/airflow/dags/reddit_pipeline/tasks/scraping.py
[2024-12-21T11:12:08.282+0000] {processor.py:914} INFO - Processing file /opt/airflow/dags/reddit_pipeline/tasks/scraping.py for tasks to queue
[2024-12-21T11:12:08.284+0000] {logging_mixin.py:190} INFO - [2024-12-21T11:12:08.283+0000] {dagbag.py:588} INFO - Filling up the DagBag from /opt/airflow/dags/reddit_pipeline/tasks/scraping.py
[2024-12-21T11:12:08.294+0000] {processor.py:927} WARNING - No viable dags retrieved from /opt/airflow/dags/reddit_pipeline/tasks/scraping.py
[2024-12-21T11:12:08.304+0000] {processor.py:208} INFO - Processing /opt/airflow/dags/reddit_pipeline/tasks/scraping.py took 0.029 seconds
[2024-12-21T11:12:38.579+0000] {processor.py:186} INFO - Started process (PID=8101) to work on /opt/airflow/dags/reddit_pipeline/tasks/scraping.py
[2024-12-21T11:12:38.580+0000] {processor.py:914} INFO - Processing file /opt/airflow/dags/reddit_pipeline/tasks/scraping.py for tasks to queue
[2024-12-21T11:12:38.582+0000] {logging_mixin.py:190} INFO - [2024-12-21T11:12:38.581+0000] {dagbag.py:588} INFO - Filling up the DagBag from /opt/airflow/dags/reddit_pipeline/tasks/scraping.py
[2024-12-21T11:12:38.593+0000] {processor.py:927} WARNING - No viable dags retrieved from /opt/airflow/dags/reddit_pipeline/tasks/scraping.py
[2024-12-21T11:12:38.604+0000] {processor.py:208} INFO - Processing /opt/airflow/dags/reddit_pipeline/tasks/scraping.py took 0.030 seconds
[2024-12-21T11:13:09.022+0000] {processor.py:186} INFO - Started process (PID=8169) to work on /opt/airflow/dags/reddit_pipeline/tasks/scraping.py
[2024-12-21T11:13:09.023+0000] {processor.py:914} INFO - Processing file /opt/airflow/dags/reddit_pipeline/tasks/scraping.py for tasks to queue
[2024-12-21T11:13:09.024+0000] {logging_mixin.py:190} INFO - [2024-12-21T11:13:09.024+0000] {dagbag.py:588} INFO - Filling up the DagBag from /opt/airflow/dags/reddit_pipeline/tasks/scraping.py
[2024-12-21T11:13:09.039+0000] {processor.py:927} WARNING - No viable dags retrieved from /opt/airflow/dags/reddit_pipeline/tasks/scraping.py
[2024-12-21T11:13:09.052+0000] {processor.py:208} INFO - Processing /opt/airflow/dags/reddit_pipeline/tasks/scraping.py took 0.036 seconds
[2024-12-21T11:13:39.250+0000] {processor.py:186} INFO - Started process (PID=8237) to work on /opt/airflow/dags/reddit_pipeline/tasks/scraping.py
[2024-12-21T11:13:39.252+0000] {processor.py:914} INFO - Processing file /opt/airflow/dags/reddit_pipeline/tasks/scraping.py for tasks to queue
[2024-12-21T11:13:39.253+0000] {logging_mixin.py:190} INFO - [2024-12-21T11:13:39.253+0000] {dagbag.py:588} INFO - Filling up the DagBag from /opt/airflow/dags/reddit_pipeline/tasks/scraping.py
[2024-12-21T11:13:39.269+0000] {processor.py:927} WARNING - No viable dags retrieved from /opt/airflow/dags/reddit_pipeline/tasks/scraping.py
[2024-12-21T11:13:39.282+0000] {processor.py:208} INFO - Processing /opt/airflow/dags/reddit_pipeline/tasks/scraping.py took 0.039 seconds
[2024-12-21T11:14:09.677+0000] {processor.py:186} INFO - Started process (PID=8305) to work on /opt/airflow/dags/reddit_pipeline/tasks/scraping.py
[2024-12-21T11:14:09.685+0000] {processor.py:914} INFO - Processing file /opt/airflow/dags/reddit_pipeline/tasks/scraping.py for tasks to queue
[2024-12-21T11:14:09.686+0000] {logging_mixin.py:190} INFO - [2024-12-21T11:14:09.686+0000] {dagbag.py:588} INFO - Filling up the DagBag from /opt/airflow/dags/reddit_pipeline/tasks/scraping.py
[2024-12-21T11:14:09.704+0000] {processor.py:927} WARNING - No viable dags retrieved from /opt/airflow/dags/reddit_pipeline/tasks/scraping.py
[2024-12-21T11:14:09.721+0000] {processor.py:208} INFO - Processing /opt/airflow/dags/reddit_pipeline/tasks/scraping.py took 0.055 seconds
[2024-12-21T11:14:39.980+0000] {processor.py:186} INFO - Started process (PID=8373) to work on /opt/airflow/dags/reddit_pipeline/tasks/scraping.py
[2024-12-21T11:14:39.981+0000] {processor.py:914} INFO - Processing file /opt/airflow/dags/reddit_pipeline/tasks/scraping.py for tasks to queue
[2024-12-21T11:14:39.982+0000] {logging_mixin.py:190} INFO - [2024-12-21T11:14:39.982+0000] {dagbag.py:588} INFO - Filling up the DagBag from /opt/airflow/dags/reddit_pipeline/tasks/scraping.py
[2024-12-21T11:14:39.995+0000] {processor.py:927} WARNING - No viable dags retrieved from /opt/airflow/dags/reddit_pipeline/tasks/scraping.py
[2024-12-21T11:14:40.007+0000] {processor.py:208} INFO - Processing /opt/airflow/dags/reddit_pipeline/tasks/scraping.py took 0.033 seconds
[2024-12-21T11:15:10.541+0000] {processor.py:186} INFO - Started process (PID=8441) to work on /opt/airflow/dags/reddit_pipeline/tasks/scraping.py
[2024-12-21T11:15:10.543+0000] {processor.py:914} INFO - Processing file /opt/airflow/dags/reddit_pipeline/tasks/scraping.py for tasks to queue
[2024-12-21T11:15:10.544+0000] {logging_mixin.py:190} INFO - [2024-12-21T11:15:10.544+0000] {dagbag.py:588} INFO - Filling up the DagBag from /opt/airflow/dags/reddit_pipeline/tasks/scraping.py
[2024-12-21T11:15:10.556+0000] {processor.py:927} WARNING - No viable dags retrieved from /opt/airflow/dags/reddit_pipeline/tasks/scraping.py
[2024-12-21T11:15:10.570+0000] {processor.py:208} INFO - Processing /opt/airflow/dags/reddit_pipeline/tasks/scraping.py took 0.034 seconds
[2024-12-21T11:15:40.826+0000] {processor.py:186} INFO - Started process (PID=8509) to work on /opt/airflow/dags/reddit_pipeline/tasks/scraping.py
[2024-12-21T11:15:40.828+0000] {processor.py:914} INFO - Processing file /opt/airflow/dags/reddit_pipeline/tasks/scraping.py for tasks to queue
[2024-12-21T11:15:40.829+0000] {logging_mixin.py:190} INFO - [2024-12-21T11:15:40.829+0000] {dagbag.py:588} INFO - Filling up the DagBag from /opt/airflow/dags/reddit_pipeline/tasks/scraping.py
[2024-12-21T11:15:40.848+0000] {processor.py:927} WARNING - No viable dags retrieved from /opt/airflow/dags/reddit_pipeline/tasks/scraping.py
[2024-12-21T11:15:40.865+0000] {processor.py:208} INFO - Processing /opt/airflow/dags/reddit_pipeline/tasks/scraping.py took 0.044 seconds
[2024-12-21T11:16:11.346+0000] {processor.py:186} INFO - Started process (PID=8576) to work on /opt/airflow/dags/reddit_pipeline/tasks/scraping.py
[2024-12-21T11:16:11.348+0000] {processor.py:914} INFO - Processing file /opt/airflow/dags/reddit_pipeline/tasks/scraping.py for tasks to queue
[2024-12-21T11:16:11.350+0000] {logging_mixin.py:190} INFO - [2024-12-21T11:16:11.349+0000] {dagbag.py:588} INFO - Filling up the DagBag from /opt/airflow/dags/reddit_pipeline/tasks/scraping.py
[2024-12-21T11:16:11.370+0000] {processor.py:927} WARNING - No viable dags retrieved from /opt/airflow/dags/reddit_pipeline/tasks/scraping.py
[2024-12-21T11:16:11.388+0000] {processor.py:208} INFO - Processing /opt/airflow/dags/reddit_pipeline/tasks/scraping.py took 0.052 seconds
[2024-12-21T11:16:30.154+0000] {processor.py:186} INFO - Started process (PID=8640) to work on /opt/airflow/dags/reddit_pipeline/tasks/scraping.py
[2024-12-21T11:16:30.156+0000] {processor.py:914} INFO - Processing file /opt/airflow/dags/reddit_pipeline/tasks/scraping.py for tasks to queue
[2024-12-21T11:16:30.159+0000] {logging_mixin.py:190} INFO - [2024-12-21T11:16:30.158+0000] {dagbag.py:588} INFO - Filling up the DagBag from /opt/airflow/dags/reddit_pipeline/tasks/scraping.py
[2024-12-21T11:16:30.196+0000] {logging_mixin.py:190} INFO - [2024-12-21T11:16:30.191+0000] {dagbag.py:387} ERROR - Failed to import: /opt/airflow/dags/reddit_pipeline/tasks/scraping.py
Traceback (most recent call last):
  File "/home/airflow/.local/lib/python3.12/site-packages/airflow/models/dagbag.py", line 383, in parse
    loader.exec_module(new_module)
  File "<frozen importlib._bootstrap_external>", line 999, in exec_module
  File "<frozen importlib._bootstrap>", line 488, in _call_with_frames_removed
  File "/opt/airflow/dags/reddit_pipeline/tasks/scraping.py", line 1, in <module>
    import praw
ModuleNotFoundError: No module named 'praw'
[2024-12-21T11:16:30.198+0000] {processor.py:927} WARNING - No viable dags retrieved from /opt/airflow/dags/reddit_pipeline/tasks/scraping.py
[2024-12-21T11:16:30.229+0000] {processor.py:208} INFO - Processing /opt/airflow/dags/reddit_pipeline/tasks/scraping.py took 0.081 seconds
[2024-12-21T11:17:00.664+0000] {processor.py:186} INFO - Started process (PID=8708) to work on /opt/airflow/dags/reddit_pipeline/tasks/scraping.py
[2024-12-21T11:17:00.666+0000] {processor.py:914} INFO - Processing file /opt/airflow/dags/reddit_pipeline/tasks/scraping.py for tasks to queue
[2024-12-21T11:17:00.667+0000] {logging_mixin.py:190} INFO - [2024-12-21T11:17:00.667+0000] {dagbag.py:588} INFO - Filling up the DagBag from /opt/airflow/dags/reddit_pipeline/tasks/scraping.py
[2024-12-21T11:17:00.683+0000] {logging_mixin.py:190} INFO - [2024-12-21T11:17:00.680+0000] {dagbag.py:387} ERROR - Failed to import: /opt/airflow/dags/reddit_pipeline/tasks/scraping.py
Traceback (most recent call last):
  File "/home/airflow/.local/lib/python3.12/site-packages/airflow/models/dagbag.py", line 383, in parse
    loader.exec_module(new_module)
  File "<frozen importlib._bootstrap_external>", line 999, in exec_module
  File "<frozen importlib._bootstrap>", line 488, in _call_with_frames_removed
  File "/opt/airflow/dags/reddit_pipeline/tasks/scraping.py", line 1, in <module>
    import praw
ModuleNotFoundError: No module named 'praw'
[2024-12-21T11:17:00.684+0000] {processor.py:927} WARNING - No viable dags retrieved from /opt/airflow/dags/reddit_pipeline/tasks/scraping.py
[2024-12-21T11:17:00.700+0000] {processor.py:208} INFO - Processing /opt/airflow/dags/reddit_pipeline/tasks/scraping.py took 0.041 seconds
[2024-12-21T11:17:31.465+0000] {processor.py:186} INFO - Started process (PID=8776) to work on /opt/airflow/dags/reddit_pipeline/tasks/scraping.py
[2024-12-21T11:17:31.466+0000] {processor.py:914} INFO - Processing file /opt/airflow/dags/reddit_pipeline/tasks/scraping.py for tasks to queue
[2024-12-21T11:17:31.468+0000] {logging_mixin.py:190} INFO - [2024-12-21T11:17:31.467+0000] {dagbag.py:588} INFO - Filling up the DagBag from /opt/airflow/dags/reddit_pipeline/tasks/scraping.py
[2024-12-21T11:17:31.486+0000] {logging_mixin.py:190} INFO - [2024-12-21T11:17:31.482+0000] {dagbag.py:387} ERROR - Failed to import: /opt/airflow/dags/reddit_pipeline/tasks/scraping.py
Traceback (most recent call last):
  File "/home/airflow/.local/lib/python3.12/site-packages/airflow/models/dagbag.py", line 383, in parse
    loader.exec_module(new_module)
  File "<frozen importlib._bootstrap_external>", line 999, in exec_module
  File "<frozen importlib._bootstrap>", line 488, in _call_with_frames_removed
  File "/opt/airflow/dags/reddit_pipeline/tasks/scraping.py", line 1, in <module>
    import praw
ModuleNotFoundError: No module named 'praw'
[2024-12-21T11:17:31.487+0000] {processor.py:927} WARNING - No viable dags retrieved from /opt/airflow/dags/reddit_pipeline/tasks/scraping.py
[2024-12-21T11:17:31.515+0000] {processor.py:208} INFO - Processing /opt/airflow/dags/reddit_pipeline/tasks/scraping.py took 0.055 seconds
[2024-12-21T11:18:02.338+0000] {processor.py:186} INFO - Started process (PID=8844) to work on /opt/airflow/dags/reddit_pipeline/tasks/scraping.py
[2024-12-21T11:18:02.339+0000] {processor.py:914} INFO - Processing file /opt/airflow/dags/reddit_pipeline/tasks/scraping.py for tasks to queue
[2024-12-21T11:18:02.340+0000] {logging_mixin.py:190} INFO - [2024-12-21T11:18:02.340+0000] {dagbag.py:588} INFO - Filling up the DagBag from /opt/airflow/dags/reddit_pipeline/tasks/scraping.py
[2024-12-21T11:18:02.358+0000] {logging_mixin.py:190} INFO - [2024-12-21T11:18:02.354+0000] {dagbag.py:387} ERROR - Failed to import: /opt/airflow/dags/reddit_pipeline/tasks/scraping.py
Traceback (most recent call last):
  File "/home/airflow/.local/lib/python3.12/site-packages/airflow/models/dagbag.py", line 383, in parse
    loader.exec_module(new_module)
  File "<frozen importlib._bootstrap_external>", line 999, in exec_module
  File "<frozen importlib._bootstrap>", line 488, in _call_with_frames_removed
  File "/opt/airflow/dags/reddit_pipeline/tasks/scraping.py", line 1, in <module>
    import praw
ModuleNotFoundError: No module named 'praw'
[2024-12-21T11:18:02.360+0000] {processor.py:927} WARNING - No viable dags retrieved from /opt/airflow/dags/reddit_pipeline/tasks/scraping.py
[2024-12-21T11:18:02.387+0000] {processor.py:208} INFO - Processing /opt/airflow/dags/reddit_pipeline/tasks/scraping.py took 0.054 seconds
[2024-12-21T11:18:33.307+0000] {processor.py:186} INFO - Started process (PID=8912) to work on /opt/airflow/dags/reddit_pipeline/tasks/scraping.py
[2024-12-21T11:18:33.308+0000] {processor.py:914} INFO - Processing file /opt/airflow/dags/reddit_pipeline/tasks/scraping.py for tasks to queue
[2024-12-21T11:18:33.310+0000] {logging_mixin.py:190} INFO - [2024-12-21T11:18:33.310+0000] {dagbag.py:588} INFO - Filling up the DagBag from /opt/airflow/dags/reddit_pipeline/tasks/scraping.py
[2024-12-21T11:18:33.326+0000] {logging_mixin.py:190} INFO - [2024-12-21T11:18:33.323+0000] {dagbag.py:387} ERROR - Failed to import: /opt/airflow/dags/reddit_pipeline/tasks/scraping.py
Traceback (most recent call last):
  File "/home/airflow/.local/lib/python3.12/site-packages/airflow/models/dagbag.py", line 383, in parse
    loader.exec_module(new_module)
  File "<frozen importlib._bootstrap_external>", line 999, in exec_module
  File "<frozen importlib._bootstrap>", line 488, in _call_with_frames_removed
  File "/opt/airflow/dags/reddit_pipeline/tasks/scraping.py", line 1, in <module>
    import praw
ModuleNotFoundError: No module named 'praw'
[2024-12-21T11:18:33.328+0000] {processor.py:927} WARNING - No viable dags retrieved from /opt/airflow/dags/reddit_pipeline/tasks/scraping.py
[2024-12-21T11:18:33.354+0000] {processor.py:208} INFO - Processing /opt/airflow/dags/reddit_pipeline/tasks/scraping.py took 0.054 seconds
[2024-12-21T11:19:03.730+0000] {processor.py:186} INFO - Started process (PID=8980) to work on /opt/airflow/dags/reddit_pipeline/tasks/scraping.py
[2024-12-21T11:19:03.731+0000] {processor.py:914} INFO - Processing file /opt/airflow/dags/reddit_pipeline/tasks/scraping.py for tasks to queue
[2024-12-21T11:19:03.733+0000] {logging_mixin.py:190} INFO - [2024-12-21T11:19:03.732+0000] {dagbag.py:588} INFO - Filling up the DagBag from /opt/airflow/dags/reddit_pipeline/tasks/scraping.py
[2024-12-21T11:19:03.764+0000] {logging_mixin.py:190} INFO - [2024-12-21T11:19:03.757+0000] {dagbag.py:387} ERROR - Failed to import: /opt/airflow/dags/reddit_pipeline/tasks/scraping.py
Traceback (most recent call last):
  File "/home/airflow/.local/lib/python3.12/site-packages/airflow/models/dagbag.py", line 383, in parse
    loader.exec_module(new_module)
  File "<frozen importlib._bootstrap_external>", line 999, in exec_module
  File "<frozen importlib._bootstrap>", line 488, in _call_with_frames_removed
  File "/opt/airflow/dags/reddit_pipeline/tasks/scraping.py", line 1, in <module>
    import praw
ModuleNotFoundError: No module named 'praw'
[2024-12-21T11:19:03.766+0000] {processor.py:927} WARNING - No viable dags retrieved from /opt/airflow/dags/reddit_pipeline/tasks/scraping.py
[2024-12-21T11:19:03.800+0000] {processor.py:208} INFO - Processing /opt/airflow/dags/reddit_pipeline/tasks/scraping.py took 0.080 seconds
[2024-12-21T11:19:20.855+0000] {processor.py:186} INFO - Started process (PID=8992) to work on /opt/airflow/dags/reddit_pipeline/tasks/scraping.py
[2024-12-21T11:19:20.856+0000] {processor.py:914} INFO - Processing file /opt/airflow/dags/reddit_pipeline/tasks/scraping.py for tasks to queue
[2024-12-21T11:19:20.857+0000] {logging_mixin.py:190} INFO - [2024-12-21T11:19:20.857+0000] {dagbag.py:588} INFO - Filling up the DagBag from /opt/airflow/dags/reddit_pipeline/tasks/scraping.py
[2024-12-21T11:19:20.880+0000] {processor.py:927} WARNING - No viable dags retrieved from /opt/airflow/dags/reddit_pipeline/tasks/scraping.py
[2024-12-21T11:19:20.900+0000] {processor.py:208} INFO - Processing /opt/airflow/dags/reddit_pipeline/tasks/scraping.py took 0.050 seconds
[2024-12-21T11:19:51.224+0000] {processor.py:186} INFO - Started process (PID=9060) to work on /opt/airflow/dags/reddit_pipeline/tasks/scraping.py
[2024-12-21T11:19:51.225+0000] {processor.py:914} INFO - Processing file /opt/airflow/dags/reddit_pipeline/tasks/scraping.py for tasks to queue
[2024-12-21T11:19:51.227+0000] {logging_mixin.py:190} INFO - [2024-12-21T11:19:51.226+0000] {dagbag.py:588} INFO - Filling up the DagBag from /opt/airflow/dags/reddit_pipeline/tasks/scraping.py
[2024-12-21T11:19:51.238+0000] {processor.py:927} WARNING - No viable dags retrieved from /opt/airflow/dags/reddit_pipeline/tasks/scraping.py
[2024-12-21T11:19:51.250+0000] {processor.py:208} INFO - Processing /opt/airflow/dags/reddit_pipeline/tasks/scraping.py took 0.031 seconds
[2024-12-21T11:20:21.440+0000] {processor.py:186} INFO - Started process (PID=9128) to work on /opt/airflow/dags/reddit_pipeline/tasks/scraping.py
[2024-12-21T11:20:21.441+0000] {processor.py:914} INFO - Processing file /opt/airflow/dags/reddit_pipeline/tasks/scraping.py for tasks to queue
[2024-12-21T11:20:21.442+0000] {logging_mixin.py:190} INFO - [2024-12-21T11:20:21.442+0000] {dagbag.py:588} INFO - Filling up the DagBag from /opt/airflow/dags/reddit_pipeline/tasks/scraping.py
[2024-12-21T11:20:21.452+0000] {processor.py:927} WARNING - No viable dags retrieved from /opt/airflow/dags/reddit_pipeline/tasks/scraping.py
[2024-12-21T11:20:21.465+0000] {processor.py:208} INFO - Processing /opt/airflow/dags/reddit_pipeline/tasks/scraping.py took 0.033 seconds
[2024-12-21T11:20:51.828+0000] {processor.py:186} INFO - Started process (PID=9196) to work on /opt/airflow/dags/reddit_pipeline/tasks/scraping.py
[2024-12-21T11:20:51.829+0000] {processor.py:914} INFO - Processing file /opt/airflow/dags/reddit_pipeline/tasks/scraping.py for tasks to queue
[2024-12-21T11:20:51.831+0000] {logging_mixin.py:190} INFO - [2024-12-21T11:20:51.831+0000] {dagbag.py:588} INFO - Filling up the DagBag from /opt/airflow/dags/reddit_pipeline/tasks/scraping.py
[2024-12-21T11:20:51.842+0000] {processor.py:927} WARNING - No viable dags retrieved from /opt/airflow/dags/reddit_pipeline/tasks/scraping.py
[2024-12-21T11:20:51.853+0000] {processor.py:208} INFO - Processing /opt/airflow/dags/reddit_pipeline/tasks/scraping.py took 0.031 seconds
[2024-12-21T11:21:22.367+0000] {processor.py:186} INFO - Started process (PID=9264) to work on /opt/airflow/dags/reddit_pipeline/tasks/scraping.py
[2024-12-21T11:21:22.368+0000] {processor.py:914} INFO - Processing file /opt/airflow/dags/reddit_pipeline/tasks/scraping.py for tasks to queue
[2024-12-21T11:21:22.370+0000] {logging_mixin.py:190} INFO - [2024-12-21T11:21:22.369+0000] {dagbag.py:588} INFO - Filling up the DagBag from /opt/airflow/dags/reddit_pipeline/tasks/scraping.py
[2024-12-21T11:21:22.382+0000] {processor.py:927} WARNING - No viable dags retrieved from /opt/airflow/dags/reddit_pipeline/tasks/scraping.py
[2024-12-21T11:21:22.394+0000] {processor.py:208} INFO - Processing /opt/airflow/dags/reddit_pipeline/tasks/scraping.py took 0.033 seconds
[2024-12-21T11:21:52.664+0000] {processor.py:186} INFO - Started process (PID=9331) to work on /opt/airflow/dags/reddit_pipeline/tasks/scraping.py
[2024-12-21T11:21:52.666+0000] {processor.py:914} INFO - Processing file /opt/airflow/dags/reddit_pipeline/tasks/scraping.py for tasks to queue
[2024-12-21T11:21:52.667+0000] {logging_mixin.py:190} INFO - [2024-12-21T11:21:52.667+0000] {dagbag.py:588} INFO - Filling up the DagBag from /opt/airflow/dags/reddit_pipeline/tasks/scraping.py
[2024-12-21T11:21:52.679+0000] {processor.py:927} WARNING - No viable dags retrieved from /opt/airflow/dags/reddit_pipeline/tasks/scraping.py
[2024-12-21T11:21:52.691+0000] {processor.py:208} INFO - Processing /opt/airflow/dags/reddit_pipeline/tasks/scraping.py took 0.034 seconds
[2024-12-21T11:22:23.700+0000] {processor.py:186} INFO - Started process (PID=9399) to work on /opt/airflow/dags/reddit_pipeline/tasks/scraping.py
[2024-12-21T11:22:23.701+0000] {processor.py:914} INFO - Processing file /opt/airflow/dags/reddit_pipeline/tasks/scraping.py for tasks to queue
[2024-12-21T11:22:23.703+0000] {logging_mixin.py:190} INFO - [2024-12-21T11:22:23.702+0000] {dagbag.py:588} INFO - Filling up the DagBag from /opt/airflow/dags/reddit_pipeline/tasks/scraping.py
[2024-12-21T11:22:23.718+0000] {processor.py:927} WARNING - No viable dags retrieved from /opt/airflow/dags/reddit_pipeline/tasks/scraping.py
[2024-12-21T11:22:23.734+0000] {processor.py:208} INFO - Processing /opt/airflow/dags/reddit_pipeline/tasks/scraping.py took 0.041 seconds
[2024-12-21T11:22:54.071+0000] {processor.py:186} INFO - Started process (PID=9467) to work on /opt/airflow/dags/reddit_pipeline/tasks/scraping.py
[2024-12-21T11:22:54.072+0000] {processor.py:914} INFO - Processing file /opt/airflow/dags/reddit_pipeline/tasks/scraping.py for tasks to queue
[2024-12-21T11:22:54.073+0000] {logging_mixin.py:190} INFO - [2024-12-21T11:22:54.073+0000] {dagbag.py:588} INFO - Filling up the DagBag from /opt/airflow/dags/reddit_pipeline/tasks/scraping.py
[2024-12-21T11:22:54.087+0000] {processor.py:927} WARNING - No viable dags retrieved from /opt/airflow/dags/reddit_pipeline/tasks/scraping.py
[2024-12-21T11:22:54.098+0000] {processor.py:208} INFO - Processing /opt/airflow/dags/reddit_pipeline/tasks/scraping.py took 0.033 seconds
[2024-12-21T11:23:24.427+0000] {processor.py:186} INFO - Started process (PID=9535) to work on /opt/airflow/dags/reddit_pipeline/tasks/scraping.py
[2024-12-21T11:23:24.428+0000] {processor.py:914} INFO - Processing file /opt/airflow/dags/reddit_pipeline/tasks/scraping.py for tasks to queue
[2024-12-21T11:23:24.429+0000] {logging_mixin.py:190} INFO - [2024-12-21T11:23:24.429+0000] {dagbag.py:588} INFO - Filling up the DagBag from /opt/airflow/dags/reddit_pipeline/tasks/scraping.py
[2024-12-21T11:23:24.440+0000] {processor.py:927} WARNING - No viable dags retrieved from /opt/airflow/dags/reddit_pipeline/tasks/scraping.py
[2024-12-21T11:23:24.451+0000] {processor.py:208} INFO - Processing /opt/airflow/dags/reddit_pipeline/tasks/scraping.py took 0.030 seconds
[2024-12-21T11:23:54.640+0000] {processor.py:186} INFO - Started process (PID=9603) to work on /opt/airflow/dags/reddit_pipeline/tasks/scraping.py
[2024-12-21T11:23:54.641+0000] {processor.py:914} INFO - Processing file /opt/airflow/dags/reddit_pipeline/tasks/scraping.py for tasks to queue
[2024-12-21T11:23:54.642+0000] {logging_mixin.py:190} INFO - [2024-12-21T11:23:54.642+0000] {dagbag.py:588} INFO - Filling up the DagBag from /opt/airflow/dags/reddit_pipeline/tasks/scraping.py
[2024-12-21T11:23:54.653+0000] {processor.py:927} WARNING - No viable dags retrieved from /opt/airflow/dags/reddit_pipeline/tasks/scraping.py
[2024-12-21T11:23:54.665+0000] {processor.py:208} INFO - Processing /opt/airflow/dags/reddit_pipeline/tasks/scraping.py took 0.031 seconds
[2024-12-21T11:24:24.780+0000] {processor.py:186} INFO - Started process (PID=9671) to work on /opt/airflow/dags/reddit_pipeline/tasks/scraping.py
[2024-12-21T11:24:24.781+0000] {processor.py:914} INFO - Processing file /opt/airflow/dags/reddit_pipeline/tasks/scraping.py for tasks to queue
[2024-12-21T11:24:24.782+0000] {logging_mixin.py:190} INFO - [2024-12-21T11:24:24.782+0000] {dagbag.py:588} INFO - Filling up the DagBag from /opt/airflow/dags/reddit_pipeline/tasks/scraping.py
[2024-12-21T11:24:24.794+0000] {processor.py:927} WARNING - No viable dags retrieved from /opt/airflow/dags/reddit_pipeline/tasks/scraping.py
[2024-12-21T11:24:24.805+0000] {processor.py:208} INFO - Processing /opt/airflow/dags/reddit_pipeline/tasks/scraping.py took 0.031 seconds
[2024-12-21T11:24:54.859+0000] {processor.py:186} INFO - Started process (PID=9739) to work on /opt/airflow/dags/reddit_pipeline/tasks/scraping.py
[2024-12-21T11:24:54.860+0000] {processor.py:914} INFO - Processing file /opt/airflow/dags/reddit_pipeline/tasks/scraping.py for tasks to queue
[2024-12-21T11:24:54.861+0000] {logging_mixin.py:190} INFO - [2024-12-21T11:24:54.861+0000] {dagbag.py:588} INFO - Filling up the DagBag from /opt/airflow/dags/reddit_pipeline/tasks/scraping.py
[2024-12-21T11:24:54.874+0000] {processor.py:927} WARNING - No viable dags retrieved from /opt/airflow/dags/reddit_pipeline/tasks/scraping.py
[2024-12-21T11:24:54.888+0000] {processor.py:208} INFO - Processing /opt/airflow/dags/reddit_pipeline/tasks/scraping.py took 0.035 seconds
[2024-12-21T11:25:25.306+0000] {processor.py:186} INFO - Started process (PID=9807) to work on /opt/airflow/dags/reddit_pipeline/tasks/scraping.py
[2024-12-21T11:25:25.307+0000] {processor.py:914} INFO - Processing file /opt/airflow/dags/reddit_pipeline/tasks/scraping.py for tasks to queue
[2024-12-21T11:25:25.308+0000] {logging_mixin.py:190} INFO - [2024-12-21T11:25:25.308+0000] {dagbag.py:588} INFO - Filling up the DagBag from /opt/airflow/dags/reddit_pipeline/tasks/scraping.py
[2024-12-21T11:25:25.318+0000] {processor.py:927} WARNING - No viable dags retrieved from /opt/airflow/dags/reddit_pipeline/tasks/scraping.py
[2024-12-21T11:25:25.329+0000] {processor.py:208} INFO - Processing /opt/airflow/dags/reddit_pipeline/tasks/scraping.py took 0.029 seconds
[2024-12-21T11:25:56.165+0000] {processor.py:186} INFO - Started process (PID=9875) to work on /opt/airflow/dags/reddit_pipeline/tasks/scraping.py
[2024-12-21T11:25:56.167+0000] {processor.py:914} INFO - Processing file /opt/airflow/dags/reddit_pipeline/tasks/scraping.py for tasks to queue
[2024-12-21T11:25:56.169+0000] {logging_mixin.py:190} INFO - [2024-12-21T11:25:56.169+0000] {dagbag.py:588} INFO - Filling up the DagBag from /opt/airflow/dags/reddit_pipeline/tasks/scraping.py
[2024-12-21T11:25:56.181+0000] {processor.py:927} WARNING - No viable dags retrieved from /opt/airflow/dags/reddit_pipeline/tasks/scraping.py
[2024-12-21T11:25:56.194+0000] {processor.py:208} INFO - Processing /opt/airflow/dags/reddit_pipeline/tasks/scraping.py took 0.034 seconds
[2024-12-21T11:26:27.202+0000] {processor.py:186} INFO - Started process (PID=9943) to work on /opt/airflow/dags/reddit_pipeline/tasks/scraping.py
[2024-12-21T11:26:27.203+0000] {processor.py:914} INFO - Processing file /opt/airflow/dags/reddit_pipeline/tasks/scraping.py for tasks to queue
[2024-12-21T11:26:27.204+0000] {logging_mixin.py:190} INFO - [2024-12-21T11:26:27.204+0000] {dagbag.py:588} INFO - Filling up the DagBag from /opt/airflow/dags/reddit_pipeline/tasks/scraping.py
[2024-12-21T11:26:27.216+0000] {processor.py:927} WARNING - No viable dags retrieved from /opt/airflow/dags/reddit_pipeline/tasks/scraping.py
[2024-12-21T11:26:27.227+0000] {processor.py:208} INFO - Processing /opt/airflow/dags/reddit_pipeline/tasks/scraping.py took 0.031 seconds
[2024-12-21T11:26:57.628+0000] {processor.py:186} INFO - Started process (PID=10011) to work on /opt/airflow/dags/reddit_pipeline/tasks/scraping.py
[2024-12-21T11:26:57.630+0000] {processor.py:914} INFO - Processing file /opt/airflow/dags/reddit_pipeline/tasks/scraping.py for tasks to queue
[2024-12-21T11:26:57.631+0000] {logging_mixin.py:190} INFO - [2024-12-21T11:26:57.631+0000] {dagbag.py:588} INFO - Filling up the DagBag from /opt/airflow/dags/reddit_pipeline/tasks/scraping.py
[2024-12-21T11:26:57.642+0000] {processor.py:927} WARNING - No viable dags retrieved from /opt/airflow/dags/reddit_pipeline/tasks/scraping.py
[2024-12-21T11:26:57.653+0000] {processor.py:208} INFO - Processing /opt/airflow/dags/reddit_pipeline/tasks/scraping.py took 0.030 seconds
[2024-12-21T11:27:28.157+0000] {processor.py:186} INFO - Started process (PID=10079) to work on /opt/airflow/dags/reddit_pipeline/tasks/scraping.py
[2024-12-21T11:27:28.158+0000] {processor.py:914} INFO - Processing file /opt/airflow/dags/reddit_pipeline/tasks/scraping.py for tasks to queue
[2024-12-21T11:27:28.159+0000] {logging_mixin.py:190} INFO - [2024-12-21T11:27:28.159+0000] {dagbag.py:588} INFO - Filling up the DagBag from /opt/airflow/dags/reddit_pipeline/tasks/scraping.py
[2024-12-21T11:27:28.170+0000] {processor.py:927} WARNING - No viable dags retrieved from /opt/airflow/dags/reddit_pipeline/tasks/scraping.py
[2024-12-21T11:27:28.182+0000] {processor.py:208} INFO - Processing /opt/airflow/dags/reddit_pipeline/tasks/scraping.py took 0.031 seconds
[2024-12-21T11:27:58.769+0000] {processor.py:186} INFO - Started process (PID=10147) to work on /opt/airflow/dags/reddit_pipeline/tasks/scraping.py
[2024-12-21T11:27:58.770+0000] {processor.py:914} INFO - Processing file /opt/airflow/dags/reddit_pipeline/tasks/scraping.py for tasks to queue
[2024-12-21T11:27:58.772+0000] {logging_mixin.py:190} INFO - [2024-12-21T11:27:58.771+0000] {dagbag.py:588} INFO - Filling up the DagBag from /opt/airflow/dags/reddit_pipeline/tasks/scraping.py
[2024-12-21T11:27:58.783+0000] {processor.py:927} WARNING - No viable dags retrieved from /opt/airflow/dags/reddit_pipeline/tasks/scraping.py
[2024-12-21T11:27:58.795+0000] {processor.py:208} INFO - Processing /opt/airflow/dags/reddit_pipeline/tasks/scraping.py took 0.031 seconds
[2024-12-21T11:28:29.206+0000] {processor.py:186} INFO - Started process (PID=10215) to work on /opt/airflow/dags/reddit_pipeline/tasks/scraping.py
[2024-12-21T11:28:29.208+0000] {processor.py:914} INFO - Processing file /opt/airflow/dags/reddit_pipeline/tasks/scraping.py for tasks to queue
[2024-12-21T11:28:29.212+0000] {logging_mixin.py:190} INFO - [2024-12-21T11:28:29.211+0000] {dagbag.py:588} INFO - Filling up the DagBag from /opt/airflow/dags/reddit_pipeline/tasks/scraping.py
[2024-12-21T11:28:29.226+0000] {processor.py:927} WARNING - No viable dags retrieved from /opt/airflow/dags/reddit_pipeline/tasks/scraping.py
[2024-12-21T11:28:29.239+0000] {processor.py:208} INFO - Processing /opt/airflow/dags/reddit_pipeline/tasks/scraping.py took 0.039 seconds
[2024-12-21T11:28:59.910+0000] {processor.py:186} INFO - Started process (PID=10283) to work on /opt/airflow/dags/reddit_pipeline/tasks/scraping.py
[2024-12-21T11:28:59.911+0000] {processor.py:914} INFO - Processing file /opt/airflow/dags/reddit_pipeline/tasks/scraping.py for tasks to queue
[2024-12-21T11:28:59.912+0000] {logging_mixin.py:190} INFO - [2024-12-21T11:28:59.912+0000] {dagbag.py:588} INFO - Filling up the DagBag from /opt/airflow/dags/reddit_pipeline/tasks/scraping.py
[2024-12-21T11:28:59.924+0000] {processor.py:927} WARNING - No viable dags retrieved from /opt/airflow/dags/reddit_pipeline/tasks/scraping.py
[2024-12-21T11:28:59.936+0000] {processor.py:208} INFO - Processing /opt/airflow/dags/reddit_pipeline/tasks/scraping.py took 0.031 seconds
[2024-12-21T11:29:30.901+0000] {processor.py:186} INFO - Started process (PID=10351) to work on /opt/airflow/dags/reddit_pipeline/tasks/scraping.py
[2024-12-21T11:29:30.902+0000] {processor.py:914} INFO - Processing file /opt/airflow/dags/reddit_pipeline/tasks/scraping.py for tasks to queue
[2024-12-21T11:29:30.903+0000] {logging_mixin.py:190} INFO - [2024-12-21T11:29:30.903+0000] {dagbag.py:588} INFO - Filling up the DagBag from /opt/airflow/dags/reddit_pipeline/tasks/scraping.py
[2024-12-21T11:29:30.914+0000] {processor.py:927} WARNING - No viable dags retrieved from /opt/airflow/dags/reddit_pipeline/tasks/scraping.py
[2024-12-21T11:29:30.927+0000] {processor.py:208} INFO - Processing /opt/airflow/dags/reddit_pipeline/tasks/scraping.py took 0.031 seconds
[2024-12-21T11:30:01.065+0000] {processor.py:186} INFO - Started process (PID=10419) to work on /opt/airflow/dags/reddit_pipeline/tasks/scraping.py
[2024-12-21T11:30:01.066+0000] {processor.py:914} INFO - Processing file /opt/airflow/dags/reddit_pipeline/tasks/scraping.py for tasks to queue
[2024-12-21T11:30:01.068+0000] {logging_mixin.py:190} INFO - [2024-12-21T11:30:01.067+0000] {dagbag.py:588} INFO - Filling up the DagBag from /opt/airflow/dags/reddit_pipeline/tasks/scraping.py
[2024-12-21T11:30:01.081+0000] {processor.py:927} WARNING - No viable dags retrieved from /opt/airflow/dags/reddit_pipeline/tasks/scraping.py
[2024-12-21T11:30:01.094+0000] {processor.py:208} INFO - Processing /opt/airflow/dags/reddit_pipeline/tasks/scraping.py took 0.036 seconds
[2024-12-21T11:30:31.171+0000] {processor.py:186} INFO - Started process (PID=10487) to work on /opt/airflow/dags/reddit_pipeline/tasks/scraping.py
[2024-12-21T11:30:31.172+0000] {processor.py:914} INFO - Processing file /opt/airflow/dags/reddit_pipeline/tasks/scraping.py for tasks to queue
[2024-12-21T11:30:31.173+0000] {logging_mixin.py:190} INFO - [2024-12-21T11:30:31.173+0000] {dagbag.py:588} INFO - Filling up the DagBag from /opt/airflow/dags/reddit_pipeline/tasks/scraping.py
[2024-12-21T11:30:31.186+0000] {processor.py:927} WARNING - No viable dags retrieved from /opt/airflow/dags/reddit_pipeline/tasks/scraping.py
[2024-12-21T11:30:31.197+0000] {processor.py:208} INFO - Processing /opt/airflow/dags/reddit_pipeline/tasks/scraping.py took 0.032 seconds
[2024-12-21T11:31:01.279+0000] {processor.py:186} INFO - Started process (PID=10555) to work on /opt/airflow/dags/reddit_pipeline/tasks/scraping.py
[2024-12-21T11:31:01.280+0000] {processor.py:914} INFO - Processing file /opt/airflow/dags/reddit_pipeline/tasks/scraping.py for tasks to queue
[2024-12-21T11:31:01.283+0000] {logging_mixin.py:190} INFO - [2024-12-21T11:31:01.282+0000] {dagbag.py:588} INFO - Filling up the DagBag from /opt/airflow/dags/reddit_pipeline/tasks/scraping.py
[2024-12-21T11:31:01.294+0000] {processor.py:927} WARNING - No viable dags retrieved from /opt/airflow/dags/reddit_pipeline/tasks/scraping.py
[2024-12-21T11:31:01.306+0000] {processor.py:208} INFO - Processing /opt/airflow/dags/reddit_pipeline/tasks/scraping.py took 0.034 seconds
[2024-12-21T11:31:32.197+0000] {processor.py:186} INFO - Started process (PID=10623) to work on /opt/airflow/dags/reddit_pipeline/tasks/scraping.py
[2024-12-21T11:31:32.198+0000] {processor.py:914} INFO - Processing file /opt/airflow/dags/reddit_pipeline/tasks/scraping.py for tasks to queue
[2024-12-21T11:31:32.199+0000] {logging_mixin.py:190} INFO - [2024-12-21T11:31:32.199+0000] {dagbag.py:588} INFO - Filling up the DagBag from /opt/airflow/dags/reddit_pipeline/tasks/scraping.py
[2024-12-21T11:31:32.210+0000] {processor.py:927} WARNING - No viable dags retrieved from /opt/airflow/dags/reddit_pipeline/tasks/scraping.py
[2024-12-21T11:31:32.221+0000] {processor.py:208} INFO - Processing /opt/airflow/dags/reddit_pipeline/tasks/scraping.py took 0.029 seconds
[2024-12-21T11:32:02.440+0000] {processor.py:186} INFO - Started process (PID=10691) to work on /opt/airflow/dags/reddit_pipeline/tasks/scraping.py
[2024-12-21T11:32:02.441+0000] {processor.py:914} INFO - Processing file /opt/airflow/dags/reddit_pipeline/tasks/scraping.py for tasks to queue
[2024-12-21T11:32:02.442+0000] {logging_mixin.py:190} INFO - [2024-12-21T11:32:02.442+0000] {dagbag.py:588} INFO - Filling up the DagBag from /opt/airflow/dags/reddit_pipeline/tasks/scraping.py
[2024-12-21T11:32:02.453+0000] {processor.py:927} WARNING - No viable dags retrieved from /opt/airflow/dags/reddit_pipeline/tasks/scraping.py
[2024-12-21T11:32:02.465+0000] {processor.py:208} INFO - Processing /opt/airflow/dags/reddit_pipeline/tasks/scraping.py took 0.030 seconds
[2024-12-21T11:32:32.706+0000] {processor.py:186} INFO - Started process (PID=10759) to work on /opt/airflow/dags/reddit_pipeline/tasks/scraping.py
[2024-12-21T11:32:32.707+0000] {processor.py:914} INFO - Processing file /opt/airflow/dags/reddit_pipeline/tasks/scraping.py for tasks to queue
[2024-12-21T11:32:32.709+0000] {logging_mixin.py:190} INFO - [2024-12-21T11:32:32.708+0000] {dagbag.py:588} INFO - Filling up the DagBag from /opt/airflow/dags/reddit_pipeline/tasks/scraping.py
[2024-12-21T11:32:32.722+0000] {processor.py:927} WARNING - No viable dags retrieved from /opt/airflow/dags/reddit_pipeline/tasks/scraping.py
[2024-12-21T11:32:32.734+0000] {processor.py:208} INFO - Processing /opt/airflow/dags/reddit_pipeline/tasks/scraping.py took 0.033 seconds
[2024-12-21T11:33:03.737+0000] {processor.py:186} INFO - Started process (PID=10827) to work on /opt/airflow/dags/reddit_pipeline/tasks/scraping.py
[2024-12-21T11:33:03.738+0000] {processor.py:914} INFO - Processing file /opt/airflow/dags/reddit_pipeline/tasks/scraping.py for tasks to queue
[2024-12-21T11:33:03.740+0000] {logging_mixin.py:190} INFO - [2024-12-21T11:33:03.739+0000] {dagbag.py:588} INFO - Filling up the DagBag from /opt/airflow/dags/reddit_pipeline/tasks/scraping.py
[2024-12-21T11:33:03.757+0000] {processor.py:927} WARNING - No viable dags retrieved from /opt/airflow/dags/reddit_pipeline/tasks/scraping.py
[2024-12-21T11:33:03.769+0000] {processor.py:208} INFO - Processing /opt/airflow/dags/reddit_pipeline/tasks/scraping.py took 0.039 seconds
[2024-12-21T11:33:33.844+0000] {processor.py:186} INFO - Started process (PID=10895) to work on /opt/airflow/dags/reddit_pipeline/tasks/scraping.py
[2024-12-21T11:33:33.845+0000] {processor.py:914} INFO - Processing file /opt/airflow/dags/reddit_pipeline/tasks/scraping.py for tasks to queue
[2024-12-21T11:33:33.846+0000] {logging_mixin.py:190} INFO - [2024-12-21T11:33:33.846+0000] {dagbag.py:588} INFO - Filling up the DagBag from /opt/airflow/dags/reddit_pipeline/tasks/scraping.py
[2024-12-21T11:33:33.857+0000] {processor.py:927} WARNING - No viable dags retrieved from /opt/airflow/dags/reddit_pipeline/tasks/scraping.py
[2024-12-21T11:33:33.870+0000] {processor.py:208} INFO - Processing /opt/airflow/dags/reddit_pipeline/tasks/scraping.py took 0.031 seconds
[2024-12-21T11:34:04.047+0000] {processor.py:186} INFO - Started process (PID=10963) to work on /opt/airflow/dags/reddit_pipeline/tasks/scraping.py
[2024-12-21T11:34:04.048+0000] {processor.py:914} INFO - Processing file /opt/airflow/dags/reddit_pipeline/tasks/scraping.py for tasks to queue
[2024-12-21T11:34:04.050+0000] {logging_mixin.py:190} INFO - [2024-12-21T11:34:04.049+0000] {dagbag.py:588} INFO - Filling up the DagBag from /opt/airflow/dags/reddit_pipeline/tasks/scraping.py
[2024-12-21T11:34:04.061+0000] {processor.py:927} WARNING - No viable dags retrieved from /opt/airflow/dags/reddit_pipeline/tasks/scraping.py
[2024-12-21T11:34:04.074+0000] {processor.py:208} INFO - Processing /opt/airflow/dags/reddit_pipeline/tasks/scraping.py took 0.033 seconds
[2024-12-21T11:34:34.775+0000] {processor.py:186} INFO - Started process (PID=11022) to work on /opt/airflow/dags/reddit_pipeline/tasks/scraping.py
[2024-12-21T11:34:34.776+0000] {processor.py:914} INFO - Processing file /opt/airflow/dags/reddit_pipeline/tasks/scraping.py for tasks to queue
[2024-12-21T11:34:34.778+0000] {logging_mixin.py:190} INFO - [2024-12-21T11:34:34.778+0000] {dagbag.py:588} INFO - Filling up the DagBag from /opt/airflow/dags/reddit_pipeline/tasks/scraping.py
[2024-12-21T11:34:34.796+0000] {processor.py:927} WARNING - No viable dags retrieved from /opt/airflow/dags/reddit_pipeline/tasks/scraping.py
[2024-12-21T11:34:34.807+0000] {processor.py:208} INFO - Processing /opt/airflow/dags/reddit_pipeline/tasks/scraping.py took 0.038 seconds
[2024-12-21T11:35:05.896+0000] {processor.py:186} INFO - Started process (PID=11089) to work on /opt/airflow/dags/reddit_pipeline/tasks/scraping.py
[2024-12-21T11:35:05.897+0000] {processor.py:914} INFO - Processing file /opt/airflow/dags/reddit_pipeline/tasks/scraping.py for tasks to queue
[2024-12-21T11:35:05.899+0000] {logging_mixin.py:190} INFO - [2024-12-21T11:35:05.898+0000] {dagbag.py:588} INFO - Filling up the DagBag from /opt/airflow/dags/reddit_pipeline/tasks/scraping.py
[2024-12-21T11:35:05.910+0000] {processor.py:927} WARNING - No viable dags retrieved from /opt/airflow/dags/reddit_pipeline/tasks/scraping.py
[2024-12-21T11:35:05.922+0000] {processor.py:208} INFO - Processing /opt/airflow/dags/reddit_pipeline/tasks/scraping.py took 0.032 seconds
[2024-12-21T11:35:36.055+0000] {processor.py:186} INFO - Started process (PID=11152) to work on /opt/airflow/dags/reddit_pipeline/tasks/scraping.py
[2024-12-21T11:35:36.056+0000] {processor.py:914} INFO - Processing file /opt/airflow/dags/reddit_pipeline/tasks/scraping.py for tasks to queue
[2024-12-21T11:35:36.057+0000] {logging_mixin.py:190} INFO - [2024-12-21T11:35:36.057+0000] {dagbag.py:588} INFO - Filling up the DagBag from /opt/airflow/dags/reddit_pipeline/tasks/scraping.py
[2024-12-21T11:35:36.071+0000] {processor.py:927} WARNING - No viable dags retrieved from /opt/airflow/dags/reddit_pipeline/tasks/scraping.py
[2024-12-21T11:35:36.087+0000] {processor.py:208} INFO - Processing /opt/airflow/dags/reddit_pipeline/tasks/scraping.py took 0.038 seconds
[2024-12-21T11:36:06.214+0000] {processor.py:186} INFO - Started process (PID=11220) to work on /opt/airflow/dags/reddit_pipeline/tasks/scraping.py
[2024-12-21T11:36:06.215+0000] {processor.py:914} INFO - Processing file /opt/airflow/dags/reddit_pipeline/tasks/scraping.py for tasks to queue
[2024-12-21T11:36:06.216+0000] {logging_mixin.py:190} INFO - [2024-12-21T11:36:06.216+0000] {dagbag.py:588} INFO - Filling up the DagBag from /opt/airflow/dags/reddit_pipeline/tasks/scraping.py
[2024-12-21T11:36:06.229+0000] {processor.py:927} WARNING - No viable dags retrieved from /opt/airflow/dags/reddit_pipeline/tasks/scraping.py
[2024-12-21T11:36:06.243+0000] {processor.py:208} INFO - Processing /opt/airflow/dags/reddit_pipeline/tasks/scraping.py took 0.034 seconds
[2024-12-21T11:36:36.732+0000] {processor.py:186} INFO - Started process (PID=11288) to work on /opt/airflow/dags/reddit_pipeline/tasks/scraping.py
[2024-12-21T11:36:36.733+0000] {processor.py:914} INFO - Processing file /opt/airflow/dags/reddit_pipeline/tasks/scraping.py for tasks to queue
[2024-12-21T11:36:36.735+0000] {logging_mixin.py:190} INFO - [2024-12-21T11:36:36.734+0000] {dagbag.py:588} INFO - Filling up the DagBag from /opt/airflow/dags/reddit_pipeline/tasks/scraping.py
[2024-12-21T11:36:36.750+0000] {processor.py:927} WARNING - No viable dags retrieved from /opt/airflow/dags/reddit_pipeline/tasks/scraping.py
[2024-12-21T11:36:36.766+0000] {processor.py:208} INFO - Processing /opt/airflow/dags/reddit_pipeline/tasks/scraping.py took 0.039 seconds
[2024-12-21T11:37:06.954+0000] {processor.py:186} INFO - Started process (PID=11356) to work on /opt/airflow/dags/reddit_pipeline/tasks/scraping.py
[2024-12-21T11:37:06.955+0000] {processor.py:914} INFO - Processing file /opt/airflow/dags/reddit_pipeline/tasks/scraping.py for tasks to queue
[2024-12-21T11:37:06.958+0000] {logging_mixin.py:190} INFO - [2024-12-21T11:37:06.957+0000] {dagbag.py:588} INFO - Filling up the DagBag from /opt/airflow/dags/reddit_pipeline/tasks/scraping.py
[2024-12-21T11:37:06.973+0000] {processor.py:927} WARNING - No viable dags retrieved from /opt/airflow/dags/reddit_pipeline/tasks/scraping.py
[2024-12-21T11:37:06.990+0000] {processor.py:208} INFO - Processing /opt/airflow/dags/reddit_pipeline/tasks/scraping.py took 0.046 seconds
[2024-12-21T11:37:37.186+0000] {processor.py:186} INFO - Started process (PID=11424) to work on /opt/airflow/dags/reddit_pipeline/tasks/scraping.py
[2024-12-21T11:37:37.187+0000] {processor.py:914} INFO - Processing file /opt/airflow/dags/reddit_pipeline/tasks/scraping.py for tasks to queue
[2024-12-21T11:37:37.188+0000] {logging_mixin.py:190} INFO - [2024-12-21T11:37:37.188+0000] {dagbag.py:588} INFO - Filling up the DagBag from /opt/airflow/dags/reddit_pipeline/tasks/scraping.py
[2024-12-21T11:37:37.200+0000] {processor.py:927} WARNING - No viable dags retrieved from /opt/airflow/dags/reddit_pipeline/tasks/scraping.py
[2024-12-21T11:37:37.213+0000] {processor.py:208} INFO - Processing /opt/airflow/dags/reddit_pipeline/tasks/scraping.py took 0.033 seconds
[2024-12-21T11:38:07.354+0000] {processor.py:186} INFO - Started process (PID=11492) to work on /opt/airflow/dags/reddit_pipeline/tasks/scraping.py
[2024-12-21T11:38:07.355+0000] {processor.py:914} INFO - Processing file /opt/airflow/dags/reddit_pipeline/tasks/scraping.py for tasks to queue
[2024-12-21T11:38:07.356+0000] {logging_mixin.py:190} INFO - [2024-12-21T11:38:07.356+0000] {dagbag.py:588} INFO - Filling up the DagBag from /opt/airflow/dags/reddit_pipeline/tasks/scraping.py
[2024-12-21T11:38:07.370+0000] {processor.py:927} WARNING - No viable dags retrieved from /opt/airflow/dags/reddit_pipeline/tasks/scraping.py
[2024-12-21T11:38:07.384+0000] {processor.py:208} INFO - Processing /opt/airflow/dags/reddit_pipeline/tasks/scraping.py took 0.036 seconds
[2024-12-21T11:38:37.807+0000] {processor.py:186} INFO - Started process (PID=11560) to work on /opt/airflow/dags/reddit_pipeline/tasks/scraping.py
[2024-12-21T11:38:37.808+0000] {processor.py:914} INFO - Processing file /opt/airflow/dags/reddit_pipeline/tasks/scraping.py for tasks to queue
[2024-12-21T11:38:37.809+0000] {logging_mixin.py:190} INFO - [2024-12-21T11:38:37.809+0000] {dagbag.py:588} INFO - Filling up the DagBag from /opt/airflow/dags/reddit_pipeline/tasks/scraping.py
[2024-12-21T11:38:37.820+0000] {processor.py:927} WARNING - No viable dags retrieved from /opt/airflow/dags/reddit_pipeline/tasks/scraping.py
[2024-12-21T11:38:37.832+0000] {processor.py:208} INFO - Processing /opt/airflow/dags/reddit_pipeline/tasks/scraping.py took 0.033 seconds
