[2024-12-21T10:07:59.795+0000] {processor.py:186} INFO - Started process (PID=67) to work on /opt/airflow/dags/reddit_pipeline/tasks/scrapping.py
[2024-12-21T10:07:59.800+0000] {processor.py:914} INFO - Processing file /opt/airflow/dags/reddit_pipeline/tasks/scrapping.py for tasks to queue
[2024-12-21T10:07:59.816+0000] {logging_mixin.py:190} INFO - [2024-12-21T10:07:59.815+0000] {dagbag.py:588} INFO - Filling up the DagBag from /opt/airflow/dags/reddit_pipeline/tasks/scrapping.py
[2024-12-21T10:07:59.855+0000] {processor.py:927} WARNING - No viable dags retrieved from /opt/airflow/dags/reddit_pipeline/tasks/scrapping.py
[2024-12-21T10:07:59.882+0000] {processor.py:208} INFO - Processing /opt/airflow/dags/reddit_pipeline/tasks/scrapping.py took 0.118 seconds
[2024-12-21T10:08:30.149+0000] {processor.py:186} INFO - Started process (PID=133) to work on /opt/airflow/dags/reddit_pipeline/tasks/scrapping.py
[2024-12-21T10:08:30.150+0000] {processor.py:914} INFO - Processing file /opt/airflow/dags/reddit_pipeline/tasks/scrapping.py for tasks to queue
[2024-12-21T10:08:30.155+0000] {logging_mixin.py:190} INFO - [2024-12-21T10:08:30.155+0000] {dagbag.py:588} INFO - Filling up the DagBag from /opt/airflow/dags/reddit_pipeline/tasks/scrapping.py
[2024-12-21T10:08:30.177+0000] {processor.py:927} WARNING - No viable dags retrieved from /opt/airflow/dags/reddit_pipeline/tasks/scrapping.py
[2024-12-21T10:08:30.193+0000] {processor.py:208} INFO - Processing /opt/airflow/dags/reddit_pipeline/tasks/scrapping.py took 0.053 seconds
[2024-12-21T10:09:01.031+0000] {processor.py:186} INFO - Started process (PID=199) to work on /opt/airflow/dags/reddit_pipeline/tasks/scrapping.py
[2024-12-21T10:09:01.033+0000] {processor.py:914} INFO - Processing file /opt/airflow/dags/reddit_pipeline/tasks/scrapping.py for tasks to queue
[2024-12-21T10:09:01.038+0000] {logging_mixin.py:190} INFO - [2024-12-21T10:09:01.037+0000] {dagbag.py:588} INFO - Filling up the DagBag from /opt/airflow/dags/reddit_pipeline/tasks/scrapping.py
[2024-12-21T10:09:01.064+0000] {processor.py:927} WARNING - No viable dags retrieved from /opt/airflow/dags/reddit_pipeline/tasks/scrapping.py
[2024-12-21T10:09:01.082+0000] {processor.py:208} INFO - Processing /opt/airflow/dags/reddit_pipeline/tasks/scrapping.py took 0.063 seconds
[2024-12-21T10:10:46.807+0000] {processor.py:186} INFO - Started process (PID=73) to work on /opt/airflow/dags/reddit_pipeline/tasks/scrapping.py
[2024-12-21T10:10:46.808+0000] {processor.py:914} INFO - Processing file /opt/airflow/dags/reddit_pipeline/tasks/scrapping.py for tasks to queue
[2024-12-21T10:10:46.812+0000] {logging_mixin.py:190} INFO - [2024-12-21T10:10:46.811+0000] {dagbag.py:588} INFO - Filling up the DagBag from /opt/airflow/dags/reddit_pipeline/tasks/scrapping.py
[2024-12-21T10:10:46.829+0000] {processor.py:927} WARNING - No viable dags retrieved from /opt/airflow/dags/reddit_pipeline/tasks/scrapping.py
[2024-12-21T10:10:46.846+0000] {processor.py:208} INFO - Processing /opt/airflow/dags/reddit_pipeline/tasks/scrapping.py took 0.048 seconds
[2024-12-21T10:11:17.817+0000] {processor.py:186} INFO - Started process (PID=139) to work on /opt/airflow/dags/reddit_pipeline/tasks/scrapping.py
[2024-12-21T10:11:17.818+0000] {processor.py:914} INFO - Processing file /opt/airflow/dags/reddit_pipeline/tasks/scrapping.py for tasks to queue
[2024-12-21T10:11:17.820+0000] {logging_mixin.py:190} INFO - [2024-12-21T10:11:17.820+0000] {dagbag.py:588} INFO - Filling up the DagBag from /opt/airflow/dags/reddit_pipeline/tasks/scrapping.py
[2024-12-21T10:11:17.841+0000] {processor.py:927} WARNING - No viable dags retrieved from /opt/airflow/dags/reddit_pipeline/tasks/scrapping.py
[2024-12-21T10:11:17.855+0000] {processor.py:208} INFO - Processing /opt/airflow/dags/reddit_pipeline/tasks/scrapping.py took 0.046 seconds
[2024-12-21T10:11:48.196+0000] {processor.py:186} INFO - Started process (PID=205) to work on /opt/airflow/dags/reddit_pipeline/tasks/scrapping.py
[2024-12-21T10:11:48.198+0000] {processor.py:914} INFO - Processing file /opt/airflow/dags/reddit_pipeline/tasks/scrapping.py for tasks to queue
[2024-12-21T10:11:48.202+0000] {logging_mixin.py:190} INFO - [2024-12-21T10:11:48.201+0000] {dagbag.py:588} INFO - Filling up the DagBag from /opt/airflow/dags/reddit_pipeline/tasks/scrapping.py
[2024-12-21T10:11:48.222+0000] {processor.py:927} WARNING - No viable dags retrieved from /opt/airflow/dags/reddit_pipeline/tasks/scrapping.py
[2024-12-21T10:11:48.235+0000] {processor.py:208} INFO - Processing /opt/airflow/dags/reddit_pipeline/tasks/scrapping.py took 0.047 seconds
[2024-12-21T10:12:18.914+0000] {processor.py:186} INFO - Started process (PID=271) to work on /opt/airflow/dags/reddit_pipeline/tasks/scrapping.py
[2024-12-21T10:12:18.915+0000] {processor.py:914} INFO - Processing file /opt/airflow/dags/reddit_pipeline/tasks/scrapping.py for tasks to queue
[2024-12-21T10:12:18.919+0000] {logging_mixin.py:190} INFO - [2024-12-21T10:12:18.918+0000] {dagbag.py:588} INFO - Filling up the DagBag from /opt/airflow/dags/reddit_pipeline/tasks/scrapping.py
[2024-12-21T10:12:18.939+0000] {processor.py:927} WARNING - No viable dags retrieved from /opt/airflow/dags/reddit_pipeline/tasks/scrapping.py
[2024-12-21T10:12:18.962+0000] {processor.py:208} INFO - Processing /opt/airflow/dags/reddit_pipeline/tasks/scrapping.py took 0.056 seconds
[2024-12-21T10:12:49.352+0000] {processor.py:186} INFO - Started process (PID=337) to work on /opt/airflow/dags/reddit_pipeline/tasks/scrapping.py
[2024-12-21T10:12:49.353+0000] {processor.py:914} INFO - Processing file /opt/airflow/dags/reddit_pipeline/tasks/scrapping.py for tasks to queue
[2024-12-21T10:12:49.357+0000] {logging_mixin.py:190} INFO - [2024-12-21T10:12:49.356+0000] {dagbag.py:588} INFO - Filling up the DagBag from /opt/airflow/dags/reddit_pipeline/tasks/scrapping.py
[2024-12-21T10:12:49.369+0000] {processor.py:927} WARNING - No viable dags retrieved from /opt/airflow/dags/reddit_pipeline/tasks/scrapping.py
[2024-12-21T10:12:49.382+0000] {processor.py:208} INFO - Processing /opt/airflow/dags/reddit_pipeline/tasks/scrapping.py took 0.036 seconds
[2024-12-21T10:13:19.600+0000] {processor.py:186} INFO - Started process (PID=403) to work on /opt/airflow/dags/reddit_pipeline/tasks/scrapping.py
[2024-12-21T10:13:19.601+0000] {processor.py:914} INFO - Processing file /opt/airflow/dags/reddit_pipeline/tasks/scrapping.py for tasks to queue
[2024-12-21T10:13:19.604+0000] {logging_mixin.py:190} INFO - [2024-12-21T10:13:19.603+0000] {dagbag.py:588} INFO - Filling up the DagBag from /opt/airflow/dags/reddit_pipeline/tasks/scrapping.py
[2024-12-21T10:13:19.616+0000] {processor.py:927} WARNING - No viable dags retrieved from /opt/airflow/dags/reddit_pipeline/tasks/scrapping.py
[2024-12-21T10:13:19.630+0000] {processor.py:208} INFO - Processing /opt/airflow/dags/reddit_pipeline/tasks/scrapping.py took 0.037 seconds
[2024-12-21T10:13:50.508+0000] {processor.py:186} INFO - Started process (PID=469) to work on /opt/airflow/dags/reddit_pipeline/tasks/scrapping.py
[2024-12-21T10:13:50.511+0000] {processor.py:914} INFO - Processing file /opt/airflow/dags/reddit_pipeline/tasks/scrapping.py for tasks to queue
[2024-12-21T10:13:50.515+0000] {logging_mixin.py:190} INFO - [2024-12-21T10:13:50.515+0000] {dagbag.py:588} INFO - Filling up the DagBag from /opt/airflow/dags/reddit_pipeline/tasks/scrapping.py
[2024-12-21T10:13:50.529+0000] {processor.py:927} WARNING - No viable dags retrieved from /opt/airflow/dags/reddit_pipeline/tasks/scrapping.py
[2024-12-21T10:13:50.548+0000] {processor.py:208} INFO - Processing /opt/airflow/dags/reddit_pipeline/tasks/scrapping.py took 0.046 seconds
[2024-12-21T10:14:21.259+0000] {processor.py:186} INFO - Started process (PID=535) to work on /opt/airflow/dags/reddit_pipeline/tasks/scrapping.py
[2024-12-21T10:14:21.259+0000] {processor.py:914} INFO - Processing file /opt/airflow/dags/reddit_pipeline/tasks/scrapping.py for tasks to queue
[2024-12-21T10:14:21.262+0000] {logging_mixin.py:190} INFO - [2024-12-21T10:14:21.262+0000] {dagbag.py:588} INFO - Filling up the DagBag from /opt/airflow/dags/reddit_pipeline/tasks/scrapping.py
[2024-12-21T10:14:21.272+0000] {processor.py:927} WARNING - No viable dags retrieved from /opt/airflow/dags/reddit_pipeline/tasks/scrapping.py
[2024-12-21T10:14:21.282+0000] {processor.py:208} INFO - Processing /opt/airflow/dags/reddit_pipeline/tasks/scrapping.py took 0.030 seconds
[2024-12-21T10:14:52.150+0000] {processor.py:186} INFO - Started process (PID=601) to work on /opt/airflow/dags/reddit_pipeline/tasks/scrapping.py
[2024-12-21T10:14:52.151+0000] {processor.py:914} INFO - Processing file /opt/airflow/dags/reddit_pipeline/tasks/scrapping.py for tasks to queue
[2024-12-21T10:14:52.154+0000] {logging_mixin.py:190} INFO - [2024-12-21T10:14:52.154+0000] {dagbag.py:588} INFO - Filling up the DagBag from /opt/airflow/dags/reddit_pipeline/tasks/scrapping.py
[2024-12-21T10:14:52.163+0000] {processor.py:927} WARNING - No viable dags retrieved from /opt/airflow/dags/reddit_pipeline/tasks/scrapping.py
[2024-12-21T10:14:52.173+0000] {processor.py:208} INFO - Processing /opt/airflow/dags/reddit_pipeline/tasks/scrapping.py took 0.029 seconds
[2024-12-21T10:15:23.130+0000] {processor.py:186} INFO - Started process (PID=667) to work on /opt/airflow/dags/reddit_pipeline/tasks/scrapping.py
[2024-12-21T10:15:23.131+0000] {processor.py:914} INFO - Processing file /opt/airflow/dags/reddit_pipeline/tasks/scrapping.py for tasks to queue
[2024-12-21T10:15:23.134+0000] {logging_mixin.py:190} INFO - [2024-12-21T10:15:23.133+0000] {dagbag.py:588} INFO - Filling up the DagBag from /opt/airflow/dags/reddit_pipeline/tasks/scrapping.py
[2024-12-21T10:15:23.143+0000] {processor.py:927} WARNING - No viable dags retrieved from /opt/airflow/dags/reddit_pipeline/tasks/scrapping.py
[2024-12-21T10:15:23.154+0000] {processor.py:208} INFO - Processing /opt/airflow/dags/reddit_pipeline/tasks/scrapping.py took 0.030 seconds
[2024-12-21T10:15:53.690+0000] {processor.py:186} INFO - Started process (PID=733) to work on /opt/airflow/dags/reddit_pipeline/tasks/scrapping.py
[2024-12-21T10:15:53.691+0000] {processor.py:914} INFO - Processing file /opt/airflow/dags/reddit_pipeline/tasks/scrapping.py for tasks to queue
[2024-12-21T10:15:53.694+0000] {logging_mixin.py:190} INFO - [2024-12-21T10:15:53.693+0000] {dagbag.py:588} INFO - Filling up the DagBag from /opt/airflow/dags/reddit_pipeline/tasks/scrapping.py
[2024-12-21T10:15:53.704+0000] {processor.py:927} WARNING - No viable dags retrieved from /opt/airflow/dags/reddit_pipeline/tasks/scrapping.py
[2024-12-21T10:15:53.714+0000] {processor.py:208} INFO - Processing /opt/airflow/dags/reddit_pipeline/tasks/scrapping.py took 0.030 seconds
[2024-12-21T10:16:23.774+0000] {processor.py:186} INFO - Started process (PID=799) to work on /opt/airflow/dags/reddit_pipeline/tasks/scrapping.py
[2024-12-21T10:16:23.775+0000] {processor.py:914} INFO - Processing file /opt/airflow/dags/reddit_pipeline/tasks/scrapping.py for tasks to queue
[2024-12-21T10:16:23.778+0000] {logging_mixin.py:190} INFO - [2024-12-21T10:16:23.778+0000] {dagbag.py:588} INFO - Filling up the DagBag from /opt/airflow/dags/reddit_pipeline/tasks/scrapping.py
[2024-12-21T10:16:23.788+0000] {processor.py:927} WARNING - No viable dags retrieved from /opt/airflow/dags/reddit_pipeline/tasks/scrapping.py
[2024-12-21T10:16:23.802+0000] {processor.py:208} INFO - Processing /opt/airflow/dags/reddit_pipeline/tasks/scrapping.py took 0.034 seconds
[2024-12-21T10:16:54.625+0000] {processor.py:186} INFO - Started process (PID=865) to work on /opt/airflow/dags/reddit_pipeline/tasks/scrapping.py
[2024-12-21T10:16:54.626+0000] {processor.py:914} INFO - Processing file /opt/airflow/dags/reddit_pipeline/tasks/scrapping.py for tasks to queue
[2024-12-21T10:16:54.628+0000] {logging_mixin.py:190} INFO - [2024-12-21T10:16:54.628+0000] {dagbag.py:588} INFO - Filling up the DagBag from /opt/airflow/dags/reddit_pipeline/tasks/scrapping.py
[2024-12-21T10:16:54.640+0000] {processor.py:927} WARNING - No viable dags retrieved from /opt/airflow/dags/reddit_pipeline/tasks/scrapping.py
[2024-12-21T10:16:54.655+0000] {processor.py:208} INFO - Processing /opt/airflow/dags/reddit_pipeline/tasks/scrapping.py took 0.038 seconds
[2024-12-21T10:17:25.351+0000] {processor.py:186} INFO - Started process (PID=931) to work on /opt/airflow/dags/reddit_pipeline/tasks/scrapping.py
[2024-12-21T10:17:25.352+0000] {processor.py:914} INFO - Processing file /opt/airflow/dags/reddit_pipeline/tasks/scrapping.py for tasks to queue
[2024-12-21T10:17:25.355+0000] {logging_mixin.py:190} INFO - [2024-12-21T10:17:25.354+0000] {dagbag.py:588} INFO - Filling up the DagBag from /opt/airflow/dags/reddit_pipeline/tasks/scrapping.py
[2024-12-21T10:17:25.365+0000] {processor.py:927} WARNING - No viable dags retrieved from /opt/airflow/dags/reddit_pipeline/tasks/scrapping.py
[2024-12-21T10:17:25.376+0000] {processor.py:208} INFO - Processing /opt/airflow/dags/reddit_pipeline/tasks/scrapping.py took 0.030 seconds
[2024-12-21T10:17:56.255+0000] {processor.py:186} INFO - Started process (PID=997) to work on /opt/airflow/dags/reddit_pipeline/tasks/scrapping.py
[2024-12-21T10:17:56.256+0000] {processor.py:914} INFO - Processing file /opt/airflow/dags/reddit_pipeline/tasks/scrapping.py for tasks to queue
[2024-12-21T10:17:56.259+0000] {logging_mixin.py:190} INFO - [2024-12-21T10:17:56.259+0000] {dagbag.py:588} INFO - Filling up the DagBag from /opt/airflow/dags/reddit_pipeline/tasks/scrapping.py
[2024-12-21T10:17:56.271+0000] {processor.py:927} WARNING - No viable dags retrieved from /opt/airflow/dags/reddit_pipeline/tasks/scrapping.py
[2024-12-21T10:17:56.283+0000] {processor.py:208} INFO - Processing /opt/airflow/dags/reddit_pipeline/tasks/scrapping.py took 0.036 seconds
[2024-12-21T10:18:26.717+0000] {processor.py:186} INFO - Started process (PID=1063) to work on /opt/airflow/dags/reddit_pipeline/tasks/scrapping.py
[2024-12-21T10:18:26.718+0000] {processor.py:914} INFO - Processing file /opt/airflow/dags/reddit_pipeline/tasks/scrapping.py for tasks to queue
[2024-12-21T10:18:26.721+0000] {logging_mixin.py:190} INFO - [2024-12-21T10:18:26.721+0000] {dagbag.py:588} INFO - Filling up the DagBag from /opt/airflow/dags/reddit_pipeline/tasks/scrapping.py
[2024-12-21T10:18:26.734+0000] {processor.py:927} WARNING - No viable dags retrieved from /opt/airflow/dags/reddit_pipeline/tasks/scrapping.py
[2024-12-21T10:18:26.748+0000] {processor.py:208} INFO - Processing /opt/airflow/dags/reddit_pipeline/tasks/scrapping.py took 0.037 seconds
[2024-12-21T10:18:57.599+0000] {processor.py:186} INFO - Started process (PID=1129) to work on /opt/airflow/dags/reddit_pipeline/tasks/scrapping.py
[2024-12-21T10:18:57.600+0000] {processor.py:914} INFO - Processing file /opt/airflow/dags/reddit_pipeline/tasks/scrapping.py for tasks to queue
[2024-12-21T10:18:57.603+0000] {logging_mixin.py:190} INFO - [2024-12-21T10:18:57.603+0000] {dagbag.py:588} INFO - Filling up the DagBag from /opt/airflow/dags/reddit_pipeline/tasks/scrapping.py
[2024-12-21T10:18:57.616+0000] {processor.py:927} WARNING - No viable dags retrieved from /opt/airflow/dags/reddit_pipeline/tasks/scrapping.py
[2024-12-21T10:18:57.629+0000] {processor.py:208} INFO - Processing /opt/airflow/dags/reddit_pipeline/tasks/scrapping.py took 0.036 seconds
[2024-12-21T10:19:27.846+0000] {processor.py:186} INFO - Started process (PID=1195) to work on /opt/airflow/dags/reddit_pipeline/tasks/scrapping.py
[2024-12-21T10:19:27.847+0000] {processor.py:914} INFO - Processing file /opt/airflow/dags/reddit_pipeline/tasks/scrapping.py for tasks to queue
[2024-12-21T10:19:27.850+0000] {logging_mixin.py:190} INFO - [2024-12-21T10:19:27.850+0000] {dagbag.py:588} INFO - Filling up the DagBag from /opt/airflow/dags/reddit_pipeline/tasks/scrapping.py
[2024-12-21T10:19:27.861+0000] {processor.py:927} WARNING - No viable dags retrieved from /opt/airflow/dags/reddit_pipeline/tasks/scrapping.py
[2024-12-21T10:19:27.875+0000] {processor.py:208} INFO - Processing /opt/airflow/dags/reddit_pipeline/tasks/scrapping.py took 0.036 seconds
[2024-12-21T10:19:58.101+0000] {processor.py:186} INFO - Started process (PID=1261) to work on /opt/airflow/dags/reddit_pipeline/tasks/scrapping.py
[2024-12-21T10:19:58.102+0000] {processor.py:914} INFO - Processing file /opt/airflow/dags/reddit_pipeline/tasks/scrapping.py for tasks to queue
[2024-12-21T10:19:58.104+0000] {logging_mixin.py:190} INFO - [2024-12-21T10:19:58.104+0000] {dagbag.py:588} INFO - Filling up the DagBag from /opt/airflow/dags/reddit_pipeline/tasks/scrapping.py
[2024-12-21T10:19:58.114+0000] {processor.py:927} WARNING - No viable dags retrieved from /opt/airflow/dags/reddit_pipeline/tasks/scrapping.py
[2024-12-21T10:19:58.126+0000] {processor.py:208} INFO - Processing /opt/airflow/dags/reddit_pipeline/tasks/scrapping.py took 0.031 seconds
[2024-12-21T10:20:28.448+0000] {processor.py:186} INFO - Started process (PID=1327) to work on /opt/airflow/dags/reddit_pipeline/tasks/scrapping.py
[2024-12-21T10:20:28.449+0000] {processor.py:914} INFO - Processing file /opt/airflow/dags/reddit_pipeline/tasks/scrapping.py for tasks to queue
[2024-12-21T10:20:28.452+0000] {logging_mixin.py:190} INFO - [2024-12-21T10:20:28.452+0000] {dagbag.py:588} INFO - Filling up the DagBag from /opt/airflow/dags/reddit_pipeline/tasks/scrapping.py
[2024-12-21T10:20:28.460+0000] {processor.py:927} WARNING - No viable dags retrieved from /opt/airflow/dags/reddit_pipeline/tasks/scrapping.py
[2024-12-21T10:20:28.473+0000] {processor.py:208} INFO - Processing /opt/airflow/dags/reddit_pipeline/tasks/scrapping.py took 0.031 seconds
[2024-12-21T10:20:58.893+0000] {processor.py:186} INFO - Started process (PID=1393) to work on /opt/airflow/dags/reddit_pipeline/tasks/scrapping.py
[2024-12-21T10:20:58.895+0000] {processor.py:914} INFO - Processing file /opt/airflow/dags/reddit_pipeline/tasks/scrapping.py for tasks to queue
[2024-12-21T10:20:58.898+0000] {logging_mixin.py:190} INFO - [2024-12-21T10:20:58.897+0000] {dagbag.py:588} INFO - Filling up the DagBag from /opt/airflow/dags/reddit_pipeline/tasks/scrapping.py
[2024-12-21T10:20:58.912+0000] {processor.py:927} WARNING - No viable dags retrieved from /opt/airflow/dags/reddit_pipeline/tasks/scrapping.py
[2024-12-21T10:20:58.926+0000] {processor.py:208} INFO - Processing /opt/airflow/dags/reddit_pipeline/tasks/scrapping.py took 0.040 seconds
[2024-12-21T10:21:29.098+0000] {processor.py:186} INFO - Started process (PID=1459) to work on /opt/airflow/dags/reddit_pipeline/tasks/scrapping.py
[2024-12-21T10:21:29.099+0000] {processor.py:914} INFO - Processing file /opt/airflow/dags/reddit_pipeline/tasks/scrapping.py for tasks to queue
[2024-12-21T10:21:29.102+0000] {logging_mixin.py:190} INFO - [2024-12-21T10:21:29.101+0000] {dagbag.py:588} INFO - Filling up the DagBag from /opt/airflow/dags/reddit_pipeline/tasks/scrapping.py
[2024-12-21T10:21:29.112+0000] {processor.py:927} WARNING - No viable dags retrieved from /opt/airflow/dags/reddit_pipeline/tasks/scrapping.py
[2024-12-21T10:21:29.128+0000] {processor.py:208} INFO - Processing /opt/airflow/dags/reddit_pipeline/tasks/scrapping.py took 0.036 seconds
[2024-12-21T10:21:59.382+0000] {processor.py:186} INFO - Started process (PID=1525) to work on /opt/airflow/dags/reddit_pipeline/tasks/scrapping.py
[2024-12-21T10:21:59.383+0000] {processor.py:914} INFO - Processing file /opt/airflow/dags/reddit_pipeline/tasks/scrapping.py for tasks to queue
[2024-12-21T10:21:59.387+0000] {logging_mixin.py:190} INFO - [2024-12-21T10:21:59.386+0000] {dagbag.py:588} INFO - Filling up the DagBag from /opt/airflow/dags/reddit_pipeline/tasks/scrapping.py
[2024-12-21T10:21:59.400+0000] {processor.py:927} WARNING - No viable dags retrieved from /opt/airflow/dags/reddit_pipeline/tasks/scrapping.py
[2024-12-21T10:21:59.415+0000] {processor.py:208} INFO - Processing /opt/airflow/dags/reddit_pipeline/tasks/scrapping.py took 0.040 seconds
[2024-12-21T10:22:29.580+0000] {processor.py:186} INFO - Started process (PID=1591) to work on /opt/airflow/dags/reddit_pipeline/tasks/scrapping.py
[2024-12-21T10:22:29.581+0000] {processor.py:914} INFO - Processing file /opt/airflow/dags/reddit_pipeline/tasks/scrapping.py for tasks to queue
[2024-12-21T10:22:29.585+0000] {logging_mixin.py:190} INFO - [2024-12-21T10:22:29.584+0000] {dagbag.py:588} INFO - Filling up the DagBag from /opt/airflow/dags/reddit_pipeline/tasks/scrapping.py
[2024-12-21T10:22:29.601+0000] {processor.py:927} WARNING - No viable dags retrieved from /opt/airflow/dags/reddit_pipeline/tasks/scrapping.py
[2024-12-21T10:22:29.615+0000] {processor.py:208} INFO - Processing /opt/airflow/dags/reddit_pipeline/tasks/scrapping.py took 0.042 seconds
[2024-12-21T10:22:59.746+0000] {processor.py:186} INFO - Started process (PID=1657) to work on /opt/airflow/dags/reddit_pipeline/tasks/scrapping.py
[2024-12-21T10:22:59.748+0000] {processor.py:914} INFO - Processing file /opt/airflow/dags/reddit_pipeline/tasks/scrapping.py for tasks to queue
[2024-12-21T10:22:59.751+0000] {logging_mixin.py:190} INFO - [2024-12-21T10:22:59.750+0000] {dagbag.py:588} INFO - Filling up the DagBag from /opt/airflow/dags/reddit_pipeline/tasks/scrapping.py
[2024-12-21T10:22:59.762+0000] {processor.py:927} WARNING - No viable dags retrieved from /opt/airflow/dags/reddit_pipeline/tasks/scrapping.py
[2024-12-21T10:22:59.775+0000] {processor.py:208} INFO - Processing /opt/airflow/dags/reddit_pipeline/tasks/scrapping.py took 0.036 seconds
[2024-12-21T10:23:30.104+0000] {processor.py:186} INFO - Started process (PID=1723) to work on /opt/airflow/dags/reddit_pipeline/tasks/scrapping.py
[2024-12-21T10:23:30.105+0000] {processor.py:914} INFO - Processing file /opt/airflow/dags/reddit_pipeline/tasks/scrapping.py for tasks to queue
[2024-12-21T10:23:30.107+0000] {logging_mixin.py:190} INFO - [2024-12-21T10:23:30.107+0000] {dagbag.py:588} INFO - Filling up the DagBag from /opt/airflow/dags/reddit_pipeline/tasks/scrapping.py
[2024-12-21T10:23:30.118+0000] {processor.py:927} WARNING - No viable dags retrieved from /opt/airflow/dags/reddit_pipeline/tasks/scrapping.py
[2024-12-21T10:23:30.132+0000] {processor.py:208} INFO - Processing /opt/airflow/dags/reddit_pipeline/tasks/scrapping.py took 0.034 seconds
[2024-12-21T10:24:00.853+0000] {processor.py:186} INFO - Started process (PID=1789) to work on /opt/airflow/dags/reddit_pipeline/tasks/scrapping.py
[2024-12-21T10:24:00.855+0000] {processor.py:914} INFO - Processing file /opt/airflow/dags/reddit_pipeline/tasks/scrapping.py for tasks to queue
[2024-12-21T10:24:00.858+0000] {logging_mixin.py:190} INFO - [2024-12-21T10:24:00.858+0000] {dagbag.py:588} INFO - Filling up the DagBag from /opt/airflow/dags/reddit_pipeline/tasks/scrapping.py
[2024-12-21T10:24:00.871+0000] {processor.py:927} WARNING - No viable dags retrieved from /opt/airflow/dags/reddit_pipeline/tasks/scrapping.py
[2024-12-21T10:24:00.885+0000] {processor.py:208} INFO - Processing /opt/airflow/dags/reddit_pipeline/tasks/scrapping.py took 0.040 seconds
[2024-12-21T10:24:31.292+0000] {processor.py:186} INFO - Started process (PID=1855) to work on /opt/airflow/dags/reddit_pipeline/tasks/scrapping.py
[2024-12-21T10:24:31.293+0000] {processor.py:914} INFO - Processing file /opt/airflow/dags/reddit_pipeline/tasks/scrapping.py for tasks to queue
[2024-12-21T10:24:31.296+0000] {logging_mixin.py:190} INFO - [2024-12-21T10:24:31.296+0000] {dagbag.py:588} INFO - Filling up the DagBag from /opt/airflow/dags/reddit_pipeline/tasks/scrapping.py
[2024-12-21T10:24:31.308+0000] {processor.py:927} WARNING - No viable dags retrieved from /opt/airflow/dags/reddit_pipeline/tasks/scrapping.py
[2024-12-21T10:24:31.323+0000] {processor.py:208} INFO - Processing /opt/airflow/dags/reddit_pipeline/tasks/scrapping.py took 0.038 seconds
[2024-12-21T10:25:01.603+0000] {processor.py:186} INFO - Started process (PID=1921) to work on /opt/airflow/dags/reddit_pipeline/tasks/scrapping.py
[2024-12-21T10:25:01.606+0000] {processor.py:914} INFO - Processing file /opt/airflow/dags/reddit_pipeline/tasks/scrapping.py for tasks to queue
[2024-12-21T10:25:01.611+0000] {logging_mixin.py:190} INFO - [2024-12-21T10:25:01.611+0000] {dagbag.py:588} INFO - Filling up the DagBag from /opt/airflow/dags/reddit_pipeline/tasks/scrapping.py
[2024-12-21T10:25:01.629+0000] {processor.py:927} WARNING - No viable dags retrieved from /opt/airflow/dags/reddit_pipeline/tasks/scrapping.py
[2024-12-21T10:25:01.650+0000] {processor.py:208} INFO - Processing /opt/airflow/dags/reddit_pipeline/tasks/scrapping.py took 0.062 seconds
[2024-12-21T10:25:31.944+0000] {processor.py:186} INFO - Started process (PID=1987) to work on /opt/airflow/dags/reddit_pipeline/tasks/scrapping.py
[2024-12-21T10:25:31.945+0000] {processor.py:914} INFO - Processing file /opt/airflow/dags/reddit_pipeline/tasks/scrapping.py for tasks to queue
[2024-12-21T10:25:31.947+0000] {logging_mixin.py:190} INFO - [2024-12-21T10:25:31.947+0000] {dagbag.py:588} INFO - Filling up the DagBag from /opt/airflow/dags/reddit_pipeline/tasks/scrapping.py
[2024-12-21T10:25:31.960+0000] {processor.py:927} WARNING - No viable dags retrieved from /opt/airflow/dags/reddit_pipeline/tasks/scrapping.py
[2024-12-21T10:25:31.973+0000] {processor.py:208} INFO - Processing /opt/airflow/dags/reddit_pipeline/tasks/scrapping.py took 0.037 seconds
[2024-12-21T10:26:02.542+0000] {processor.py:186} INFO - Started process (PID=2053) to work on /opt/airflow/dags/reddit_pipeline/tasks/scrapping.py
[2024-12-21T10:26:02.543+0000] {processor.py:914} INFO - Processing file /opt/airflow/dags/reddit_pipeline/tasks/scrapping.py for tasks to queue
[2024-12-21T10:26:02.546+0000] {logging_mixin.py:190} INFO - [2024-12-21T10:26:02.546+0000] {dagbag.py:588} INFO - Filling up the DagBag from /opt/airflow/dags/reddit_pipeline/tasks/scrapping.py
[2024-12-21T10:26:02.558+0000] {processor.py:927} WARNING - No viable dags retrieved from /opt/airflow/dags/reddit_pipeline/tasks/scrapping.py
[2024-12-21T10:26:02.570+0000] {processor.py:208} INFO - Processing /opt/airflow/dags/reddit_pipeline/tasks/scrapping.py took 0.034 seconds
[2024-12-21T10:26:33.444+0000] {processor.py:186} INFO - Started process (PID=2119) to work on /opt/airflow/dags/reddit_pipeline/tasks/scrapping.py
[2024-12-21T10:26:33.445+0000] {processor.py:914} INFO - Processing file /opt/airflow/dags/reddit_pipeline/tasks/scrapping.py for tasks to queue
[2024-12-21T10:26:33.448+0000] {logging_mixin.py:190} INFO - [2024-12-21T10:26:33.448+0000] {dagbag.py:588} INFO - Filling up the DagBag from /opt/airflow/dags/reddit_pipeline/tasks/scrapping.py
[2024-12-21T10:26:33.461+0000] {processor.py:927} WARNING - No viable dags retrieved from /opt/airflow/dags/reddit_pipeline/tasks/scrapping.py
[2024-12-21T10:26:33.477+0000] {processor.py:208} INFO - Processing /opt/airflow/dags/reddit_pipeline/tasks/scrapping.py took 0.041 seconds
[2024-12-21T10:27:03.968+0000] {processor.py:186} INFO - Started process (PID=2185) to work on /opt/airflow/dags/reddit_pipeline/tasks/scrapping.py
[2024-12-21T10:27:03.969+0000] {processor.py:914} INFO - Processing file /opt/airflow/dags/reddit_pipeline/tasks/scrapping.py for tasks to queue
[2024-12-21T10:27:03.972+0000] {logging_mixin.py:190} INFO - [2024-12-21T10:27:03.972+0000] {dagbag.py:588} INFO - Filling up the DagBag from /opt/airflow/dags/reddit_pipeline/tasks/scrapping.py
[2024-12-21T10:27:03.985+0000] {processor.py:927} WARNING - No viable dags retrieved from /opt/airflow/dags/reddit_pipeline/tasks/scrapping.py
[2024-12-21T10:27:03.999+0000] {processor.py:208} INFO - Processing /opt/airflow/dags/reddit_pipeline/tasks/scrapping.py took 0.036 seconds
[2024-12-21T10:27:34.232+0000] {processor.py:186} INFO - Started process (PID=2251) to work on /opt/airflow/dags/reddit_pipeline/tasks/scrapping.py
[2024-12-21T10:27:34.234+0000] {processor.py:914} INFO - Processing file /opt/airflow/dags/reddit_pipeline/tasks/scrapping.py for tasks to queue
[2024-12-21T10:27:34.238+0000] {logging_mixin.py:190} INFO - [2024-12-21T10:27:34.237+0000] {dagbag.py:588} INFO - Filling up the DagBag from /opt/airflow/dags/reddit_pipeline/tasks/scrapping.py
[2024-12-21T10:27:34.262+0000] {processor.py:927} WARNING - No viable dags retrieved from /opt/airflow/dags/reddit_pipeline/tasks/scrapping.py
[2024-12-21T10:27:34.291+0000] {processor.py:208} INFO - Processing /opt/airflow/dags/reddit_pipeline/tasks/scrapping.py took 0.069 seconds
[2024-12-21T10:28:04.738+0000] {processor.py:186} INFO - Started process (PID=2318) to work on /opt/airflow/dags/reddit_pipeline/tasks/scrapping.py
[2024-12-21T10:28:04.739+0000] {processor.py:914} INFO - Processing file /opt/airflow/dags/reddit_pipeline/tasks/scrapping.py for tasks to queue
[2024-12-21T10:28:04.742+0000] {logging_mixin.py:190} INFO - [2024-12-21T10:28:04.742+0000] {dagbag.py:588} INFO - Filling up the DagBag from /opt/airflow/dags/reddit_pipeline/tasks/scrapping.py
[2024-12-21T10:28:04.752+0000] {processor.py:927} WARNING - No viable dags retrieved from /opt/airflow/dags/reddit_pipeline/tasks/scrapping.py
[2024-12-21T10:28:04.769+0000] {processor.py:208} INFO - Processing /opt/airflow/dags/reddit_pipeline/tasks/scrapping.py took 0.036 seconds
[2024-12-21T10:28:35.162+0000] {processor.py:186} INFO - Started process (PID=2381) to work on /opt/airflow/dags/reddit_pipeline/tasks/scrapping.py
[2024-12-21T10:28:35.163+0000] {processor.py:914} INFO - Processing file /opt/airflow/dags/reddit_pipeline/tasks/scrapping.py for tasks to queue
[2024-12-21T10:28:35.165+0000] {logging_mixin.py:190} INFO - [2024-12-21T10:28:35.165+0000] {dagbag.py:588} INFO - Filling up the DagBag from /opt/airflow/dags/reddit_pipeline/tasks/scrapping.py
[2024-12-21T10:28:35.176+0000] {processor.py:927} WARNING - No viable dags retrieved from /opt/airflow/dags/reddit_pipeline/tasks/scrapping.py
[2024-12-21T10:28:35.188+0000] {processor.py:208} INFO - Processing /opt/airflow/dags/reddit_pipeline/tasks/scrapping.py took 0.033 seconds
[2024-12-21T10:29:05.282+0000] {processor.py:186} INFO - Started process (PID=2441) to work on /opt/airflow/dags/reddit_pipeline/tasks/scrapping.py
[2024-12-21T10:29:05.283+0000] {processor.py:914} INFO - Processing file /opt/airflow/dags/reddit_pipeline/tasks/scrapping.py for tasks to queue
[2024-12-21T10:29:05.286+0000] {logging_mixin.py:190} INFO - [2024-12-21T10:29:05.285+0000] {dagbag.py:588} INFO - Filling up the DagBag from /opt/airflow/dags/reddit_pipeline/tasks/scrapping.py
[2024-12-21T10:29:05.301+0000] {processor.py:927} WARNING - No viable dags retrieved from /opt/airflow/dags/reddit_pipeline/tasks/scrapping.py
[2024-12-21T10:29:05.313+0000] {processor.py:208} INFO - Processing /opt/airflow/dags/reddit_pipeline/tasks/scrapping.py took 0.037 seconds
[2024-12-21T10:29:35.642+0000] {processor.py:186} INFO - Started process (PID=2503) to work on /opt/airflow/dags/reddit_pipeline/tasks/scrapping.py
[2024-12-21T10:29:35.643+0000] {processor.py:914} INFO - Processing file /opt/airflow/dags/reddit_pipeline/tasks/scrapping.py for tasks to queue
[2024-12-21T10:29:35.646+0000] {logging_mixin.py:190} INFO - [2024-12-21T10:29:35.645+0000] {dagbag.py:588} INFO - Filling up the DagBag from /opt/airflow/dags/reddit_pipeline/tasks/scrapping.py
[2024-12-21T10:29:35.655+0000] {processor.py:927} WARNING - No viable dags retrieved from /opt/airflow/dags/reddit_pipeline/tasks/scrapping.py
[2024-12-21T10:29:35.670+0000] {processor.py:208} INFO - Processing /opt/airflow/dags/reddit_pipeline/tasks/scrapping.py took 0.033 seconds
[2024-12-21T10:30:06.893+0000] {processor.py:186} INFO - Started process (PID=2567) to work on /opt/airflow/dags/reddit_pipeline/tasks/scrapping.py
[2024-12-21T10:30:06.894+0000] {processor.py:914} INFO - Processing file /opt/airflow/dags/reddit_pipeline/tasks/scrapping.py for tasks to queue
[2024-12-21T10:30:06.897+0000] {logging_mixin.py:190} INFO - [2024-12-21T10:30:06.896+0000] {dagbag.py:588} INFO - Filling up the DagBag from /opt/airflow/dags/reddit_pipeline/tasks/scrapping.py
[2024-12-21T10:30:06.910+0000] {processor.py:927} WARNING - No viable dags retrieved from /opt/airflow/dags/reddit_pipeline/tasks/scrapping.py
[2024-12-21T10:30:06.924+0000] {processor.py:208} INFO - Processing /opt/airflow/dags/reddit_pipeline/tasks/scrapping.py took 0.039 seconds
[2024-12-21T10:30:37.231+0000] {processor.py:186} INFO - Started process (PID=2633) to work on /opt/airflow/dags/reddit_pipeline/tasks/scrapping.py
[2024-12-21T10:30:37.233+0000] {processor.py:914} INFO - Processing file /opt/airflow/dags/reddit_pipeline/tasks/scrapping.py for tasks to queue
[2024-12-21T10:30:37.236+0000] {logging_mixin.py:190} INFO - [2024-12-21T10:30:37.235+0000] {dagbag.py:588} INFO - Filling up the DagBag from /opt/airflow/dags/reddit_pipeline/tasks/scrapping.py
[2024-12-21T10:30:37.250+0000] {processor.py:927} WARNING - No viable dags retrieved from /opt/airflow/dags/reddit_pipeline/tasks/scrapping.py
[2024-12-21T10:30:37.262+0000] {processor.py:208} INFO - Processing /opt/airflow/dags/reddit_pipeline/tasks/scrapping.py took 0.037 seconds
[2024-12-21T10:31:07.379+0000] {processor.py:186} INFO - Started process (PID=2690) to work on /opt/airflow/dags/reddit_pipeline/tasks/scrapping.py
[2024-12-21T10:31:07.380+0000] {processor.py:914} INFO - Processing file /opt/airflow/dags/reddit_pipeline/tasks/scrapping.py for tasks to queue
[2024-12-21T10:31:07.382+0000] {logging_mixin.py:190} INFO - [2024-12-21T10:31:07.382+0000] {dagbag.py:588} INFO - Filling up the DagBag from /opt/airflow/dags/reddit_pipeline/tasks/scrapping.py
[2024-12-21T10:31:07.395+0000] {processor.py:927} WARNING - No viable dags retrieved from /opt/airflow/dags/reddit_pipeline/tasks/scrapping.py
[2024-12-21T10:31:07.408+0000] {processor.py:208} INFO - Processing /opt/airflow/dags/reddit_pipeline/tasks/scrapping.py took 0.035 seconds
[2024-12-21T10:31:38.373+0000] {processor.py:186} INFO - Started process (PID=2752) to work on /opt/airflow/dags/reddit_pipeline/tasks/scrapping.py
[2024-12-21T10:31:38.374+0000] {processor.py:914} INFO - Processing file /opt/airflow/dags/reddit_pipeline/tasks/scrapping.py for tasks to queue
[2024-12-21T10:31:38.377+0000] {logging_mixin.py:190} INFO - [2024-12-21T10:31:38.376+0000] {dagbag.py:588} INFO - Filling up the DagBag from /opt/airflow/dags/reddit_pipeline/tasks/scrapping.py
[2024-12-21T10:31:38.390+0000] {processor.py:927} WARNING - No viable dags retrieved from /opt/airflow/dags/reddit_pipeline/tasks/scrapping.py
[2024-12-21T10:31:38.402+0000] {processor.py:208} INFO - Processing /opt/airflow/dags/reddit_pipeline/tasks/scrapping.py took 0.035 seconds
[2024-12-21T10:32:08.459+0000] {processor.py:186} INFO - Started process (PID=2808) to work on /opt/airflow/dags/reddit_pipeline/tasks/scrapping.py
[2024-12-21T10:32:08.460+0000] {processor.py:914} INFO - Processing file /opt/airflow/dags/reddit_pipeline/tasks/scrapping.py for tasks to queue
[2024-12-21T10:32:08.464+0000] {logging_mixin.py:190} INFO - [2024-12-21T10:32:08.463+0000] {dagbag.py:588} INFO - Filling up the DagBag from /opt/airflow/dags/reddit_pipeline/tasks/scrapping.py
[2024-12-21T10:32:08.473+0000] {processor.py:927} WARNING - No viable dags retrieved from /opt/airflow/dags/reddit_pipeline/tasks/scrapping.py
[2024-12-21T10:32:08.486+0000] {processor.py:208} INFO - Processing /opt/airflow/dags/reddit_pipeline/tasks/scrapping.py took 0.033 seconds
[2024-12-21T10:32:39.034+0000] {processor.py:186} INFO - Started process (PID=2874) to work on /opt/airflow/dags/reddit_pipeline/tasks/scrapping.py
[2024-12-21T10:32:39.035+0000] {processor.py:914} INFO - Processing file /opt/airflow/dags/reddit_pipeline/tasks/scrapping.py for tasks to queue
[2024-12-21T10:32:39.038+0000] {logging_mixin.py:190} INFO - [2024-12-21T10:32:39.037+0000] {dagbag.py:588} INFO - Filling up the DagBag from /opt/airflow/dags/reddit_pipeline/tasks/scrapping.py
[2024-12-21T10:32:39.051+0000] {processor.py:927} WARNING - No viable dags retrieved from /opt/airflow/dags/reddit_pipeline/tasks/scrapping.py
[2024-12-21T10:32:39.064+0000] {processor.py:208} INFO - Processing /opt/airflow/dags/reddit_pipeline/tasks/scrapping.py took 0.037 seconds
[2024-12-21T10:33:09.913+0000] {processor.py:186} INFO - Started process (PID=2940) to work on /opt/airflow/dags/reddit_pipeline/tasks/scrapping.py
[2024-12-21T10:33:09.914+0000] {processor.py:914} INFO - Processing file /opt/airflow/dags/reddit_pipeline/tasks/scrapping.py for tasks to queue
[2024-12-21T10:33:09.916+0000] {logging_mixin.py:190} INFO - [2024-12-21T10:33:09.916+0000] {dagbag.py:588} INFO - Filling up the DagBag from /opt/airflow/dags/reddit_pipeline/tasks/scrapping.py
[2024-12-21T10:33:09.927+0000] {processor.py:927} WARNING - No viable dags retrieved from /opt/airflow/dags/reddit_pipeline/tasks/scrapping.py
[2024-12-21T10:33:09.939+0000] {processor.py:208} INFO - Processing /opt/airflow/dags/reddit_pipeline/tasks/scrapping.py took 0.031 seconds
[2024-12-21T10:33:40.420+0000] {processor.py:186} INFO - Started process (PID=3006) to work on /opt/airflow/dags/reddit_pipeline/tasks/scrapping.py
[2024-12-21T10:33:40.421+0000] {processor.py:914} INFO - Processing file /opt/airflow/dags/reddit_pipeline/tasks/scrapping.py for tasks to queue
[2024-12-21T10:33:40.424+0000] {logging_mixin.py:190} INFO - [2024-12-21T10:33:40.423+0000] {dagbag.py:588} INFO - Filling up the DagBag from /opt/airflow/dags/reddit_pipeline/tasks/scrapping.py
[2024-12-21T10:33:40.435+0000] {processor.py:927} WARNING - No viable dags retrieved from /opt/airflow/dags/reddit_pipeline/tasks/scrapping.py
[2024-12-21T10:33:40.448+0000] {processor.py:208} INFO - Processing /opt/airflow/dags/reddit_pipeline/tasks/scrapping.py took 0.034 seconds
[2024-12-21T10:34:10.599+0000] {processor.py:186} INFO - Started process (PID=3072) to work on /opt/airflow/dags/reddit_pipeline/tasks/scrapping.py
[2024-12-21T10:34:10.600+0000] {processor.py:914} INFO - Processing file /opt/airflow/dags/reddit_pipeline/tasks/scrapping.py for tasks to queue
[2024-12-21T10:34:10.602+0000] {logging_mixin.py:190} INFO - [2024-12-21T10:34:10.602+0000] {dagbag.py:588} INFO - Filling up the DagBag from /opt/airflow/dags/reddit_pipeline/tasks/scrapping.py
[2024-12-21T10:34:10.614+0000] {processor.py:927} WARNING - No viable dags retrieved from /opt/airflow/dags/reddit_pipeline/tasks/scrapping.py
[2024-12-21T10:34:10.627+0000] {processor.py:208} INFO - Processing /opt/airflow/dags/reddit_pipeline/tasks/scrapping.py took 0.034 seconds
[2024-12-21T10:34:40.872+0000] {processor.py:186} INFO - Started process (PID=3138) to work on /opt/airflow/dags/reddit_pipeline/tasks/scrapping.py
[2024-12-21T10:34:40.873+0000] {processor.py:914} INFO - Processing file /opt/airflow/dags/reddit_pipeline/tasks/scrapping.py for tasks to queue
[2024-12-21T10:34:40.876+0000] {logging_mixin.py:190} INFO - [2024-12-21T10:34:40.875+0000] {dagbag.py:588} INFO - Filling up the DagBag from /opt/airflow/dags/reddit_pipeline/tasks/scrapping.py
[2024-12-21T10:34:40.888+0000] {processor.py:927} WARNING - No viable dags retrieved from /opt/airflow/dags/reddit_pipeline/tasks/scrapping.py
[2024-12-21T10:34:40.903+0000] {processor.py:208} INFO - Processing /opt/airflow/dags/reddit_pipeline/tasks/scrapping.py took 0.037 seconds
[2024-12-21T10:35:11.244+0000] {processor.py:186} INFO - Started process (PID=3210) to work on /opt/airflow/dags/reddit_pipeline/tasks/scrapping.py
[2024-12-21T10:35:11.245+0000] {processor.py:914} INFO - Processing file /opt/airflow/dags/reddit_pipeline/tasks/scrapping.py for tasks to queue
[2024-12-21T10:35:11.249+0000] {logging_mixin.py:190} INFO - [2024-12-21T10:35:11.249+0000] {dagbag.py:588} INFO - Filling up the DagBag from /opt/airflow/dags/reddit_pipeline/tasks/scrapping.py
[2024-12-21T10:35:11.260+0000] {processor.py:927} WARNING - No viable dags retrieved from /opt/airflow/dags/reddit_pipeline/tasks/scrapping.py
[2024-12-21T10:35:11.272+0000] {processor.py:208} INFO - Processing /opt/airflow/dags/reddit_pipeline/tasks/scrapping.py took 0.033 seconds
[2024-12-21T10:35:41.945+0000] {processor.py:186} INFO - Started process (PID=3276) to work on /opt/airflow/dags/reddit_pipeline/tasks/scrapping.py
[2024-12-21T10:35:41.946+0000] {processor.py:914} INFO - Processing file /opt/airflow/dags/reddit_pipeline/tasks/scrapping.py for tasks to queue
[2024-12-21T10:35:41.949+0000] {logging_mixin.py:190} INFO - [2024-12-21T10:35:41.949+0000] {dagbag.py:588} INFO - Filling up the DagBag from /opt/airflow/dags/reddit_pipeline/tasks/scrapping.py
[2024-12-21T10:35:41.959+0000] {processor.py:927} WARNING - No viable dags retrieved from /opt/airflow/dags/reddit_pipeline/tasks/scrapping.py
[2024-12-21T10:35:41.971+0000] {processor.py:208} INFO - Processing /opt/airflow/dags/reddit_pipeline/tasks/scrapping.py took 0.032 seconds
[2024-12-21T10:36:12.425+0000] {processor.py:186} INFO - Started process (PID=3342) to work on /opt/airflow/dags/reddit_pipeline/tasks/scrapping.py
[2024-12-21T10:36:12.426+0000] {processor.py:914} INFO - Processing file /opt/airflow/dags/reddit_pipeline/tasks/scrapping.py for tasks to queue
[2024-12-21T10:36:12.428+0000] {logging_mixin.py:190} INFO - [2024-12-21T10:36:12.428+0000] {dagbag.py:588} INFO - Filling up the DagBag from /opt/airflow/dags/reddit_pipeline/tasks/scrapping.py
[2024-12-21T10:36:12.440+0000] {processor.py:927} WARNING - No viable dags retrieved from /opt/airflow/dags/reddit_pipeline/tasks/scrapping.py
[2024-12-21T10:36:12.452+0000] {processor.py:208} INFO - Processing /opt/airflow/dags/reddit_pipeline/tasks/scrapping.py took 0.033 seconds
[2024-12-21T10:36:43.091+0000] {processor.py:186} INFO - Started process (PID=3409) to work on /opt/airflow/dags/reddit_pipeline/tasks/scrapping.py
[2024-12-21T10:36:43.092+0000] {processor.py:914} INFO - Processing file /opt/airflow/dags/reddit_pipeline/tasks/scrapping.py for tasks to queue
[2024-12-21T10:36:43.094+0000] {logging_mixin.py:190} INFO - [2024-12-21T10:36:43.094+0000] {dagbag.py:588} INFO - Filling up the DagBag from /opt/airflow/dags/reddit_pipeline/tasks/scrapping.py
[2024-12-21T10:36:43.103+0000] {processor.py:927} WARNING - No viable dags retrieved from /opt/airflow/dags/reddit_pipeline/tasks/scrapping.py
[2024-12-21T10:36:43.114+0000] {processor.py:208} INFO - Processing /opt/airflow/dags/reddit_pipeline/tasks/scrapping.py took 0.029 seconds
[2024-12-21T10:37:13.181+0000] {processor.py:186} INFO - Started process (PID=3475) to work on /opt/airflow/dags/reddit_pipeline/tasks/scrapping.py
[2024-12-21T10:37:13.182+0000] {processor.py:914} INFO - Processing file /opt/airflow/dags/reddit_pipeline/tasks/scrapping.py for tasks to queue
[2024-12-21T10:37:13.186+0000] {logging_mixin.py:190} INFO - [2024-12-21T10:37:13.185+0000] {dagbag.py:588} INFO - Filling up the DagBag from /opt/airflow/dags/reddit_pipeline/tasks/scrapping.py
[2024-12-21T10:37:13.198+0000] {processor.py:927} WARNING - No viable dags retrieved from /opt/airflow/dags/reddit_pipeline/tasks/scrapping.py
[2024-12-21T10:37:13.211+0000] {processor.py:208} INFO - Processing /opt/airflow/dags/reddit_pipeline/tasks/scrapping.py took 0.035 seconds
[2024-12-21T10:37:44.027+0000] {processor.py:186} INFO - Started process (PID=3541) to work on /opt/airflow/dags/reddit_pipeline/tasks/scrapping.py
[2024-12-21T10:37:44.029+0000] {processor.py:914} INFO - Processing file /opt/airflow/dags/reddit_pipeline/tasks/scrapping.py for tasks to queue
[2024-12-21T10:37:44.032+0000] {logging_mixin.py:190} INFO - [2024-12-21T10:37:44.032+0000] {dagbag.py:588} INFO - Filling up the DagBag from /opt/airflow/dags/reddit_pipeline/tasks/scrapping.py
[2024-12-21T10:37:44.045+0000] {processor.py:927} WARNING - No viable dags retrieved from /opt/airflow/dags/reddit_pipeline/tasks/scrapping.py
[2024-12-21T10:37:44.059+0000] {processor.py:208} INFO - Processing /opt/airflow/dags/reddit_pipeline/tasks/scrapping.py took 0.037 seconds
[2024-12-21T10:38:14.307+0000] {processor.py:186} INFO - Started process (PID=3607) to work on /opt/airflow/dags/reddit_pipeline/tasks/scrapping.py
[2024-12-21T10:38:14.308+0000] {processor.py:914} INFO - Processing file /opt/airflow/dags/reddit_pipeline/tasks/scrapping.py for tasks to queue
[2024-12-21T10:38:14.311+0000] {logging_mixin.py:190} INFO - [2024-12-21T10:38:14.311+0000] {dagbag.py:588} INFO - Filling up the DagBag from /opt/airflow/dags/reddit_pipeline/tasks/scrapping.py
[2024-12-21T10:38:14.321+0000] {processor.py:927} WARNING - No viable dags retrieved from /opt/airflow/dags/reddit_pipeline/tasks/scrapping.py
[2024-12-21T10:38:14.333+0000] {processor.py:208} INFO - Processing /opt/airflow/dags/reddit_pipeline/tasks/scrapping.py took 0.031 seconds
[2024-12-21T10:38:44.642+0000] {processor.py:186} INFO - Started process (PID=3673) to work on /opt/airflow/dags/reddit_pipeline/tasks/scrapping.py
[2024-12-21T10:38:44.643+0000] {processor.py:914} INFO - Processing file /opt/airflow/dags/reddit_pipeline/tasks/scrapping.py for tasks to queue
[2024-12-21T10:38:44.646+0000] {logging_mixin.py:190} INFO - [2024-12-21T10:38:44.646+0000] {dagbag.py:588} INFO - Filling up the DagBag from /opt/airflow/dags/reddit_pipeline/tasks/scrapping.py
[2024-12-21T10:38:44.656+0000] {processor.py:927} WARNING - No viable dags retrieved from /opt/airflow/dags/reddit_pipeline/tasks/scrapping.py
[2024-12-21T10:38:44.669+0000] {processor.py:208} INFO - Processing /opt/airflow/dags/reddit_pipeline/tasks/scrapping.py took 0.033 seconds
[2024-12-21T10:39:15.505+0000] {processor.py:186} INFO - Started process (PID=3739) to work on /opt/airflow/dags/reddit_pipeline/tasks/scrapping.py
[2024-12-21T10:39:15.506+0000] {processor.py:914} INFO - Processing file /opt/airflow/dags/reddit_pipeline/tasks/scrapping.py for tasks to queue
[2024-12-21T10:39:15.508+0000] {logging_mixin.py:190} INFO - [2024-12-21T10:39:15.508+0000] {dagbag.py:588} INFO - Filling up the DagBag from /opt/airflow/dags/reddit_pipeline/tasks/scrapping.py
[2024-12-21T10:39:15.518+0000] {processor.py:927} WARNING - No viable dags retrieved from /opt/airflow/dags/reddit_pipeline/tasks/scrapping.py
[2024-12-21T10:39:15.529+0000] {processor.py:208} INFO - Processing /opt/airflow/dags/reddit_pipeline/tasks/scrapping.py took 0.030 seconds
[2024-12-21T10:39:45.699+0000] {processor.py:186} INFO - Started process (PID=3805) to work on /opt/airflow/dags/reddit_pipeline/tasks/scrapping.py
[2024-12-21T10:39:45.700+0000] {processor.py:914} INFO - Processing file /opt/airflow/dags/reddit_pipeline/tasks/scrapping.py for tasks to queue
[2024-12-21T10:39:45.703+0000] {logging_mixin.py:190} INFO - [2024-12-21T10:39:45.703+0000] {dagbag.py:588} INFO - Filling up the DagBag from /opt/airflow/dags/reddit_pipeline/tasks/scrapping.py
[2024-12-21T10:39:45.714+0000] {processor.py:927} WARNING - No viable dags retrieved from /opt/airflow/dags/reddit_pipeline/tasks/scrapping.py
[2024-12-21T10:39:45.729+0000] {processor.py:208} INFO - Processing /opt/airflow/dags/reddit_pipeline/tasks/scrapping.py took 0.036 seconds
[2024-12-21T10:40:16.329+0000] {processor.py:186} INFO - Started process (PID=3871) to work on /opt/airflow/dags/reddit_pipeline/tasks/scrapping.py
[2024-12-21T10:40:16.330+0000] {processor.py:914} INFO - Processing file /opt/airflow/dags/reddit_pipeline/tasks/scrapping.py for tasks to queue
[2024-12-21T10:40:16.333+0000] {logging_mixin.py:190} INFO - [2024-12-21T10:40:16.332+0000] {dagbag.py:588} INFO - Filling up the DagBag from /opt/airflow/dags/reddit_pipeline/tasks/scrapping.py
[2024-12-21T10:40:16.347+0000] {processor.py:927} WARNING - No viable dags retrieved from /opt/airflow/dags/reddit_pipeline/tasks/scrapping.py
[2024-12-21T10:40:16.361+0000] {processor.py:208} INFO - Processing /opt/airflow/dags/reddit_pipeline/tasks/scrapping.py took 0.040 seconds
[2024-12-21T10:40:46.670+0000] {processor.py:186} INFO - Started process (PID=3937) to work on /opt/airflow/dags/reddit_pipeline/tasks/scrapping.py
[2024-12-21T10:40:46.671+0000] {processor.py:914} INFO - Processing file /opt/airflow/dags/reddit_pipeline/tasks/scrapping.py for tasks to queue
[2024-12-21T10:40:46.673+0000] {logging_mixin.py:190} INFO - [2024-12-21T10:40:46.673+0000] {dagbag.py:588} INFO - Filling up the DagBag from /opt/airflow/dags/reddit_pipeline/tasks/scrapping.py
[2024-12-21T10:40:46.683+0000] {processor.py:927} WARNING - No viable dags retrieved from /opt/airflow/dags/reddit_pipeline/tasks/scrapping.py
[2024-12-21T10:40:46.696+0000] {processor.py:208} INFO - Processing /opt/airflow/dags/reddit_pipeline/tasks/scrapping.py took 0.032 seconds
[2024-12-21T10:41:17.268+0000] {processor.py:186} INFO - Started process (PID=4003) to work on /opt/airflow/dags/reddit_pipeline/tasks/scrapping.py
[2024-12-21T10:41:17.269+0000] {processor.py:914} INFO - Processing file /opt/airflow/dags/reddit_pipeline/tasks/scrapping.py for tasks to queue
[2024-12-21T10:41:17.272+0000] {logging_mixin.py:190} INFO - [2024-12-21T10:41:17.272+0000] {dagbag.py:588} INFO - Filling up the DagBag from /opt/airflow/dags/reddit_pipeline/tasks/scrapping.py
[2024-12-21T10:41:17.283+0000] {processor.py:927} WARNING - No viable dags retrieved from /opt/airflow/dags/reddit_pipeline/tasks/scrapping.py
[2024-12-21T10:41:17.296+0000] {processor.py:208} INFO - Processing /opt/airflow/dags/reddit_pipeline/tasks/scrapping.py took 0.034 seconds
[2024-12-21T10:41:47.830+0000] {processor.py:186} INFO - Started process (PID=4069) to work on /opt/airflow/dags/reddit_pipeline/tasks/scrapping.py
[2024-12-21T10:41:47.831+0000] {processor.py:914} INFO - Processing file /opt/airflow/dags/reddit_pipeline/tasks/scrapping.py for tasks to queue
[2024-12-21T10:41:47.834+0000] {logging_mixin.py:190} INFO - [2024-12-21T10:41:47.834+0000] {dagbag.py:588} INFO - Filling up the DagBag from /opt/airflow/dags/reddit_pipeline/tasks/scrapping.py
[2024-12-21T10:41:47.849+0000] {processor.py:927} WARNING - No viable dags retrieved from /opt/airflow/dags/reddit_pipeline/tasks/scrapping.py
[2024-12-21T10:41:47.865+0000] {processor.py:208} INFO - Processing /opt/airflow/dags/reddit_pipeline/tasks/scrapping.py took 0.042 seconds
[2024-12-21T10:42:18.081+0000] {processor.py:186} INFO - Started process (PID=4135) to work on /opt/airflow/dags/reddit_pipeline/tasks/scrapping.py
[2024-12-21T10:42:18.082+0000] {processor.py:914} INFO - Processing file /opt/airflow/dags/reddit_pipeline/tasks/scrapping.py for tasks to queue
[2024-12-21T10:42:18.085+0000] {logging_mixin.py:190} INFO - [2024-12-21T10:42:18.084+0000] {dagbag.py:588} INFO - Filling up the DagBag from /opt/airflow/dags/reddit_pipeline/tasks/scrapping.py
[2024-12-21T10:42:18.096+0000] {processor.py:927} WARNING - No viable dags retrieved from /opt/airflow/dags/reddit_pipeline/tasks/scrapping.py
[2024-12-21T10:42:18.110+0000] {processor.py:208} INFO - Processing /opt/airflow/dags/reddit_pipeline/tasks/scrapping.py took 0.036 seconds
[2024-12-21T10:42:48.661+0000] {processor.py:186} INFO - Started process (PID=4201) to work on /opt/airflow/dags/reddit_pipeline/tasks/scrapping.py
[2024-12-21T10:42:48.662+0000] {processor.py:914} INFO - Processing file /opt/airflow/dags/reddit_pipeline/tasks/scrapping.py for tasks to queue
[2024-12-21T10:42:48.668+0000] {logging_mixin.py:190} INFO - [2024-12-21T10:42:48.668+0000] {dagbag.py:588} INFO - Filling up the DagBag from /opt/airflow/dags/reddit_pipeline/tasks/scrapping.py
[2024-12-21T10:42:48.681+0000] {processor.py:927} WARNING - No viable dags retrieved from /opt/airflow/dags/reddit_pipeline/tasks/scrapping.py
[2024-12-21T10:42:48.694+0000] {processor.py:208} INFO - Processing /opt/airflow/dags/reddit_pipeline/tasks/scrapping.py took 0.039 seconds
[2024-12-21T10:43:18.869+0000] {processor.py:186} INFO - Started process (PID=4267) to work on /opt/airflow/dags/reddit_pipeline/tasks/scrapping.py
[2024-12-21T10:43:18.870+0000] {processor.py:914} INFO - Processing file /opt/airflow/dags/reddit_pipeline/tasks/scrapping.py for tasks to queue
[2024-12-21T10:43:18.873+0000] {logging_mixin.py:190} INFO - [2024-12-21T10:43:18.873+0000] {dagbag.py:588} INFO - Filling up the DagBag from /opt/airflow/dags/reddit_pipeline/tasks/scrapping.py
[2024-12-21T10:43:18.882+0000] {processor.py:927} WARNING - No viable dags retrieved from /opt/airflow/dags/reddit_pipeline/tasks/scrapping.py
[2024-12-21T10:43:18.895+0000] {processor.py:208} INFO - Processing /opt/airflow/dags/reddit_pipeline/tasks/scrapping.py took 0.033 seconds
[2024-12-21T10:43:49.052+0000] {processor.py:186} INFO - Started process (PID=4333) to work on /opt/airflow/dags/reddit_pipeline/tasks/scrapping.py
[2024-12-21T10:43:49.053+0000] {processor.py:914} INFO - Processing file /opt/airflow/dags/reddit_pipeline/tasks/scrapping.py for tasks to queue
[2024-12-21T10:43:49.056+0000] {logging_mixin.py:190} INFO - [2024-12-21T10:43:49.056+0000] {dagbag.py:588} INFO - Filling up the DagBag from /opt/airflow/dags/reddit_pipeline/tasks/scrapping.py
[2024-12-21T10:43:49.071+0000] {processor.py:927} WARNING - No viable dags retrieved from /opt/airflow/dags/reddit_pipeline/tasks/scrapping.py
[2024-12-21T10:43:49.088+0000] {processor.py:208} INFO - Processing /opt/airflow/dags/reddit_pipeline/tasks/scrapping.py took 0.044 seconds
[2024-12-21T10:44:19.439+0000] {processor.py:186} INFO - Started process (PID=4399) to work on /opt/airflow/dags/reddit_pipeline/tasks/scrapping.py
[2024-12-21T10:44:19.440+0000] {processor.py:914} INFO - Processing file /opt/airflow/dags/reddit_pipeline/tasks/scrapping.py for tasks to queue
[2024-12-21T10:44:19.443+0000] {logging_mixin.py:190} INFO - [2024-12-21T10:44:19.443+0000] {dagbag.py:588} INFO - Filling up the DagBag from /opt/airflow/dags/reddit_pipeline/tasks/scrapping.py
[2024-12-21T10:44:19.459+0000] {processor.py:927} WARNING - No viable dags retrieved from /opt/airflow/dags/reddit_pipeline/tasks/scrapping.py
[2024-12-21T10:44:19.475+0000] {processor.py:208} INFO - Processing /opt/airflow/dags/reddit_pipeline/tasks/scrapping.py took 0.043 seconds
[2024-12-21T10:44:49.703+0000] {processor.py:186} INFO - Started process (PID=4465) to work on /opt/airflow/dags/reddit_pipeline/tasks/scrapping.py
[2024-12-21T10:44:49.705+0000] {processor.py:914} INFO - Processing file /opt/airflow/dags/reddit_pipeline/tasks/scrapping.py for tasks to queue
[2024-12-21T10:44:49.710+0000] {logging_mixin.py:190} INFO - [2024-12-21T10:44:49.710+0000] {dagbag.py:588} INFO - Filling up the DagBag from /opt/airflow/dags/reddit_pipeline/tasks/scrapping.py
[2024-12-21T10:44:49.733+0000] {processor.py:927} WARNING - No viable dags retrieved from /opt/airflow/dags/reddit_pipeline/tasks/scrapping.py
[2024-12-21T10:44:49.753+0000] {processor.py:208} INFO - Processing /opt/airflow/dags/reddit_pipeline/tasks/scrapping.py took 0.056 seconds
[2024-12-21T10:45:20.253+0000] {processor.py:186} INFO - Started process (PID=4531) to work on /opt/airflow/dags/reddit_pipeline/tasks/scrapping.py
[2024-12-21T10:45:20.254+0000] {processor.py:914} INFO - Processing file /opt/airflow/dags/reddit_pipeline/tasks/scrapping.py for tasks to queue
[2024-12-21T10:45:20.257+0000] {logging_mixin.py:190} INFO - [2024-12-21T10:45:20.257+0000] {dagbag.py:588} INFO - Filling up the DagBag from /opt/airflow/dags/reddit_pipeline/tasks/scrapping.py
[2024-12-21T10:45:20.267+0000] {processor.py:927} WARNING - No viable dags retrieved from /opt/airflow/dags/reddit_pipeline/tasks/scrapping.py
[2024-12-21T10:45:20.281+0000] {processor.py:208} INFO - Processing /opt/airflow/dags/reddit_pipeline/tasks/scrapping.py took 0.037 seconds
[2024-12-21T10:45:51.029+0000] {processor.py:186} INFO - Started process (PID=4597) to work on /opt/airflow/dags/reddit_pipeline/tasks/scrapping.py
[2024-12-21T10:45:51.030+0000] {processor.py:914} INFO - Processing file /opt/airflow/dags/reddit_pipeline/tasks/scrapping.py for tasks to queue
[2024-12-21T10:45:51.033+0000] {logging_mixin.py:190} INFO - [2024-12-21T10:45:51.033+0000] {dagbag.py:588} INFO - Filling up the DagBag from /opt/airflow/dags/reddit_pipeline/tasks/scrapping.py
[2024-12-21T10:45:51.054+0000] {processor.py:927} WARNING - No viable dags retrieved from /opt/airflow/dags/reddit_pipeline/tasks/scrapping.py
[2024-12-21T10:45:51.075+0000] {processor.py:208} INFO - Processing /opt/airflow/dags/reddit_pipeline/tasks/scrapping.py took 0.055 seconds
[2024-12-21T10:46:21.233+0000] {processor.py:186} INFO - Started process (PID=4664) to work on /opt/airflow/dags/reddit_pipeline/tasks/scrapping.py
[2024-12-21T10:46:21.234+0000] {processor.py:914} INFO - Processing file /opt/airflow/dags/reddit_pipeline/tasks/scrapping.py for tasks to queue
[2024-12-21T10:46:21.236+0000] {logging_mixin.py:190} INFO - [2024-12-21T10:46:21.236+0000] {dagbag.py:588} INFO - Filling up the DagBag from /opt/airflow/dags/reddit_pipeline/tasks/scrapping.py
[2024-12-21T10:46:21.249+0000] {processor.py:927} WARNING - No viable dags retrieved from /opt/airflow/dags/reddit_pipeline/tasks/scrapping.py
[2024-12-21T10:46:21.266+0000] {processor.py:208} INFO - Processing /opt/airflow/dags/reddit_pipeline/tasks/scrapping.py took 0.038 seconds
[2024-12-21T10:46:51.515+0000] {processor.py:186} INFO - Started process (PID=4730) to work on /opt/airflow/dags/reddit_pipeline/tasks/scrapping.py
[2024-12-21T10:46:51.516+0000] {processor.py:914} INFO - Processing file /opt/airflow/dags/reddit_pipeline/tasks/scrapping.py for tasks to queue
[2024-12-21T10:46:51.518+0000] {logging_mixin.py:190} INFO - [2024-12-21T10:46:51.518+0000] {dagbag.py:588} INFO - Filling up the DagBag from /opt/airflow/dags/reddit_pipeline/tasks/scrapping.py
[2024-12-21T10:46:51.530+0000] {processor.py:927} WARNING - No viable dags retrieved from /opt/airflow/dags/reddit_pipeline/tasks/scrapping.py
[2024-12-21T10:46:51.543+0000] {processor.py:208} INFO - Processing /opt/airflow/dags/reddit_pipeline/tasks/scrapping.py took 0.036 seconds
[2024-12-21T10:47:21.744+0000] {processor.py:186} INFO - Started process (PID=4796) to work on /opt/airflow/dags/reddit_pipeline/tasks/scrapping.py
[2024-12-21T10:47:21.745+0000] {processor.py:914} INFO - Processing file /opt/airflow/dags/reddit_pipeline/tasks/scrapping.py for tasks to queue
[2024-12-21T10:47:21.749+0000] {logging_mixin.py:190} INFO - [2024-12-21T10:47:21.748+0000] {dagbag.py:588} INFO - Filling up the DagBag from /opt/airflow/dags/reddit_pipeline/tasks/scrapping.py
[2024-12-21T10:47:21.773+0000] {processor.py:927} WARNING - No viable dags retrieved from /opt/airflow/dags/reddit_pipeline/tasks/scrapping.py
[2024-12-21T10:47:21.793+0000] {processor.py:208} INFO - Processing /opt/airflow/dags/reddit_pipeline/tasks/scrapping.py took 0.060 seconds
[2024-12-21T10:47:52.199+0000] {processor.py:186} INFO - Started process (PID=4862) to work on /opt/airflow/dags/reddit_pipeline/tasks/scrapping.py
[2024-12-21T10:47:52.200+0000] {processor.py:914} INFO - Processing file /opt/airflow/dags/reddit_pipeline/tasks/scrapping.py for tasks to queue
[2024-12-21T10:47:52.202+0000] {logging_mixin.py:190} INFO - [2024-12-21T10:47:52.202+0000] {dagbag.py:588} INFO - Filling up the DagBag from /opt/airflow/dags/reddit_pipeline/tasks/scrapping.py
[2024-12-21T10:47:52.212+0000] {processor.py:927} WARNING - No viable dags retrieved from /opt/airflow/dags/reddit_pipeline/tasks/scrapping.py
[2024-12-21T10:47:52.225+0000] {processor.py:208} INFO - Processing /opt/airflow/dags/reddit_pipeline/tasks/scrapping.py took 0.033 seconds
[2024-12-21T10:48:22.494+0000] {processor.py:186} INFO - Started process (PID=4928) to work on /opt/airflow/dags/reddit_pipeline/tasks/scrapping.py
[2024-12-21T10:48:22.496+0000] {processor.py:914} INFO - Processing file /opt/airflow/dags/reddit_pipeline/tasks/scrapping.py for tasks to queue
[2024-12-21T10:48:22.500+0000] {logging_mixin.py:190} INFO - [2024-12-21T10:48:22.499+0000] {dagbag.py:588} INFO - Filling up the DagBag from /opt/airflow/dags/reddit_pipeline/tasks/scrapping.py
[2024-12-21T10:48:22.514+0000] {processor.py:927} WARNING - No viable dags retrieved from /opt/airflow/dags/reddit_pipeline/tasks/scrapping.py
[2024-12-21T10:48:22.526+0000] {processor.py:208} INFO - Processing /opt/airflow/dags/reddit_pipeline/tasks/scrapping.py took 0.041 seconds
[2024-12-21T10:48:52.968+0000] {processor.py:186} INFO - Started process (PID=4994) to work on /opt/airflow/dags/reddit_pipeline/tasks/scrapping.py
[2024-12-21T10:48:52.969+0000] {processor.py:914} INFO - Processing file /opt/airflow/dags/reddit_pipeline/tasks/scrapping.py for tasks to queue
[2024-12-21T10:48:52.971+0000] {logging_mixin.py:190} INFO - [2024-12-21T10:48:52.971+0000] {dagbag.py:588} INFO - Filling up the DagBag from /opt/airflow/dags/reddit_pipeline/tasks/scrapping.py
[2024-12-21T10:48:52.982+0000] {processor.py:927} WARNING - No viable dags retrieved from /opt/airflow/dags/reddit_pipeline/tasks/scrapping.py
[2024-12-21T10:48:52.995+0000] {processor.py:208} INFO - Processing /opt/airflow/dags/reddit_pipeline/tasks/scrapping.py took 0.033 seconds
[2024-12-21T10:49:23.336+0000] {processor.py:186} INFO - Started process (PID=5060) to work on /opt/airflow/dags/reddit_pipeline/tasks/scrapping.py
[2024-12-21T10:49:23.338+0000] {processor.py:914} INFO - Processing file /opt/airflow/dags/reddit_pipeline/tasks/scrapping.py for tasks to queue
[2024-12-21T10:49:23.341+0000] {logging_mixin.py:190} INFO - [2024-12-21T10:49:23.340+0000] {dagbag.py:588} INFO - Filling up the DagBag from /opt/airflow/dags/reddit_pipeline/tasks/scrapping.py
[2024-12-21T10:49:23.354+0000] {processor.py:927} WARNING - No viable dags retrieved from /opt/airflow/dags/reddit_pipeline/tasks/scrapping.py
[2024-12-21T10:49:23.372+0000] {processor.py:208} INFO - Processing /opt/airflow/dags/reddit_pipeline/tasks/scrapping.py took 0.044 seconds
[2024-12-21T10:49:53.649+0000] {processor.py:186} INFO - Started process (PID=5126) to work on /opt/airflow/dags/reddit_pipeline/tasks/scrapping.py
[2024-12-21T10:49:53.650+0000] {processor.py:914} INFO - Processing file /opt/airflow/dags/reddit_pipeline/tasks/scrapping.py for tasks to queue
[2024-12-21T10:49:53.652+0000] {logging_mixin.py:190} INFO - [2024-12-21T10:49:53.652+0000] {dagbag.py:588} INFO - Filling up the DagBag from /opt/airflow/dags/reddit_pipeline/tasks/scrapping.py
[2024-12-21T10:49:53.664+0000] {processor.py:927} WARNING - No viable dags retrieved from /opt/airflow/dags/reddit_pipeline/tasks/scrapping.py
[2024-12-21T10:49:53.676+0000] {processor.py:208} INFO - Processing /opt/airflow/dags/reddit_pipeline/tasks/scrapping.py took 0.034 seconds
[2024-12-21T10:50:23.823+0000] {processor.py:186} INFO - Started process (PID=5192) to work on /opt/airflow/dags/reddit_pipeline/tasks/scrapping.py
[2024-12-21T10:50:23.824+0000] {processor.py:914} INFO - Processing file /opt/airflow/dags/reddit_pipeline/tasks/scrapping.py for tasks to queue
[2024-12-21T10:50:23.827+0000] {logging_mixin.py:190} INFO - [2024-12-21T10:50:23.827+0000] {dagbag.py:588} INFO - Filling up the DagBag from /opt/airflow/dags/reddit_pipeline/tasks/scrapping.py
[2024-12-21T10:50:23.838+0000] {processor.py:927} WARNING - No viable dags retrieved from /opt/airflow/dags/reddit_pipeline/tasks/scrapping.py
[2024-12-21T10:50:23.851+0000] {processor.py:208} INFO - Processing /opt/airflow/dags/reddit_pipeline/tasks/scrapping.py took 0.033 seconds
[2024-12-21T10:50:54.226+0000] {processor.py:186} INFO - Started process (PID=5258) to work on /opt/airflow/dags/reddit_pipeline/tasks/scrapping.py
[2024-12-21T10:50:54.227+0000] {processor.py:914} INFO - Processing file /opt/airflow/dags/reddit_pipeline/tasks/scrapping.py for tasks to queue
[2024-12-21T10:50:54.231+0000] {logging_mixin.py:190} INFO - [2024-12-21T10:50:54.230+0000] {dagbag.py:588} INFO - Filling up the DagBag from /opt/airflow/dags/reddit_pipeline/tasks/scrapping.py
[2024-12-21T10:50:54.247+0000] {processor.py:927} WARNING - No viable dags retrieved from /opt/airflow/dags/reddit_pipeline/tasks/scrapping.py
[2024-12-21T10:50:54.261+0000] {processor.py:208} INFO - Processing /opt/airflow/dags/reddit_pipeline/tasks/scrapping.py took 0.042 seconds
